[0.369s] Invoking command in '/home/max/Documents/Hiwi/ROS2_volksbots/build/lms100': /usr/bin/cmake --build /home/max/Documents/Hiwi/ROS2_volksbots/build/lms100 -- -j8 -l8
[0.381s] -- Using CATKIN_DEVEL_PREFIX: /home/max/Documents/Hiwi/ROS2_volksbots/build/lms100/devel
[0.381s] -- Using CMAKE_PREFIX_PATH: /opt/ros/noetic
[0.381s] -- This workspace overlays: /opt/ros/noetic
[0.400s] -- Found PythonInterp: /usr/bin/python3 (found suitable version "3.8.10", minimum required is "3") 
[0.400s] -- Using PYTHON_EXECUTABLE: /usr/bin/python3
[0.400s] -- Using Debian Python package layout
[0.400s] -- Using empy: /usr/lib/python3/dist-packages/em.py
[0.501s] -- Using CATKIN_ENABLE_TESTING: ON
[0.502s] -- Call enable_testing()
[0.502s] -- Using CATKIN_TEST_RESULTS_DIR: /home/max/Documents/Hiwi/ROS2_volksbots/build/lms100/test_results
[0.541s] -- Forcing gtest/gmock from source, though one was otherwise available.
[0.541s] -- Found gtest sources under '/usr/src/googletest': gtests will be built
[0.541s] -- Found gmock sources under '/usr/src/googletest': gmock will be built
[0.541s] [0mCMake Deprecation Warning at /usr/src/googletest/CMakeLists.txt:4 (cmake_minimum_required):
[0.542s]   Compatibility with CMake < 2.8.12 will be removed from a future version of
[0.542s]   CMake.
[0.542s] 
[0.542s]   Update the VERSION argument <min> value or use a ...<max> suffix to tell
[0.542s]   CMake that the project does not need compatibility with older versions.
[0.542s] 
[0.542s] [0m
[0.544s] [0mCMake Deprecation Warning at /usr/src/googletest/googlemock/CMakeLists.txt:45 (cmake_minimum_required):
[0.544s]   Compatibility with CMake < 2.8.12 will be removed from a future version of
[0.544s]   CMake.
[0.544s] 
[0.544s]   Update the VERSION argument <min> value or use a ...<max> suffix to tell
[0.544s]   CMake that the project does not need compatibility with older versions.
[0.544s] 
[0.544s] [0m
[0.544s] [0mCMake Deprecation Warning at /usr/src/googletest/googletest/CMakeLists.txt:56 (cmake_minimum_required):
[0.544s]   Compatibility with CMake < 2.8.12 will be removed from a future version of
[0.544s]   CMake.
[0.544s] 
[0.545s]   Update the VERSION argument <min> value or use a ...<max> suffix to tell
[0.545s]   CMake that the project does not need compatibility with older versions.
[0.545s] 
[0.545s] [0m
[0.562s] -- Found PythonInterp: /usr/bin/python3 (found version "3.8.10") 
[0.566s] -- Using Python nosetests: /usr/bin/nosetests3
[0.611s] -- catkin 0.8.10
[0.611s] -- BUILD_SHARED_LIBS is on
[0.743s] -- Using these message generators: gencpp;geneus;genlisp;gennodejs;genpy
[0.940s] -- Configuring done
[0.956s] -- Generating done
[0.958s] -- Build files have been written to: /home/max/Documents/Hiwi/ROS2_volksbots/build/lms100
[0.982s] [ 40%] Built target scanlistener
[0.987s] [100%] Built target sicksensor
[0.991s] Invoked command in '/home/max/Documents/Hiwi/ROS2_volksbots/build/lms100' returned '0': /usr/bin/cmake --build /home/max/Documents/Hiwi/ROS2_volksbots/build/lms100 -- -j8 -l8
[1.014s] Invoking command in '/home/max/Documents/Hiwi/ROS2_volksbots/build/lms100': /usr/bin/cmake --build /home/max/Documents/Hiwi/ROS2_volksbots/build/lms100 --target tests -- -j8 -l8
[1.036s] Built target tests
[1.040s] Invoked command in '/home/max/Documents/Hiwi/ROS2_volksbots/build/lms100' returned '0': /usr/bin/cmake --build /home/max/Documents/Hiwi/ROS2_volksbots/build/lms100 --target tests -- -j8 -l8
[1.069s] Invoking command in '/home/max/Documents/Hiwi/ROS2_volksbots/build/lms100': /usr/bin/cmake --install /home/max/Documents/Hiwi/ROS2_volksbots/build/lms100
[1.071s] -- Install configuration: ""
[1.072s] -- Installing: /home/max/Documents/Hiwi/ROS2_volksbots/install/lms100/lib/pkgconfig/lms100.pc
[1.072s] -- Up-to-date: /home/max/Documents/Hiwi/ROS2_volksbots/install/lms100/share/lms100/cmake/lms100Config.cmake
[1.072s] -- Up-to-date: /home/max/Documents/Hiwi/ROS2_volksbots/install/lms100/share/lms100/cmake/lms100Config-version.cmake
[1.072s] -- Up-to-date: /home/max/Documents/Hiwi/ROS2_volksbots/install/lms100/share/lms100/package.xml
[1.073s] Invoked command in '/home/max/Documents/Hiwi/ROS2_volksbots/build/lms100' returned '0': /usr/bin/cmake --install /home/max/Documents/Hiwi/ROS2_volksbots/build/lms100
