[0mCMake Deprecation Warning at CMakeLists.txt:1 (cmake_minimum_required):
  Compatibility with CMake < 2.8.12 will be removed from a future version of
  CMake.

  Update the VERSION argument <min> value or use a ...<max> suffix to tell
  CMake that the project does not need compatibility with older versions.

[0m
[0mCMake Deprecation Warning at /usr/src/googletest/CMakeLists.txt:4 (cmake_minimum_required):
  Compatibility with CMake < 2.8.12 will be removed from a future version of
  CMake.

  Update the VERSION argument <min> value or use a ...<max> suffix to tell
  CMake that the project does not need compatibility with older versions.

[0m
[0mCMake Deprecation Warning at /usr/src/googletest/googlemock/CMakeLists.txt:45 (cmake_minimum_required):
  Compatibility with CMake < 2.8.12 will be removed from a future version of
  CMake.

  Update the VERSION argument <min> value or use a ...<max> suffix to tell
  CMake that the project does not need compatibility with older versions.

[0m
[0mCMake Deprecation Warning at /usr/src/googletest/googletest/CMakeLists.txt:56 (cmake_minimum_required):
  Compatibility with CMake < 2.8.12 will be removed from a future version of
  CMake.

  Update the VERSION argument <min> value or use a ...<max> suffix to tell
  CMake that the project does not need compatibility with older versions.

[0m
make[2]: *** [CMakeFiles/scanlistener.dir/build.make:76: CMakeFiles/scanlistener.dir/src/scanlistener.cc.o] Interrupt
make[2]: *** [CMakeFiles/sicksensor.dir/build.make:76: CMakeFiles/sicksensor.dir/src/sicksensor.cc.o] Interrupt
make[2]: *** [CMakeFiles/sicksensor.dir/build.make:90: CMakeFiles/sicksensor.dir/src/lms100_cola.cc.o] Interrupt
make[1]: *** [CMakeFiles/Makefile2:701: CMakeFiles/sicksensor.dir/all] Interrupt
make[1]: *** [CMakeFiles/Makefile2:675: CMakeFiles/scanlistener.dir/all] Interrupt
make: *** [Makefile:146: all] Interrupt
