In file included from [01m[K/home/nls/SHK_Arbeit/volksbot/src/gamepad_driver/src/logitechf710.hpp:4[m[K,
                 from [01m[K/home/nls/SHK_Arbeit/volksbot/src/gamepad_driver/src/logitechf710.cpp:4[m[K:
[01m[K/home/nls/SHK_Arbeit/volksbot/src/gamepad_driver/src/logitechf710.cpp:[m[K In member function ‘[01m[Kvirtual void LogitechF::apply_event(js_event)[m[K’:
[01m[K/home/nls/SHK_Arbeit/volksbot/src/gamepad_driver/src/gamepad.hpp:11:21:[m[K [01;31m[Kerror: [m[Kjump to case label
   11 | #define AXIS_TYPE   [01;31m[K2[m[K
      |                     [01;31m[K^[m[K
[01m[K/home/nls/SHK_Arbeit/volksbot/src/gamepad_driver/src/logitechf710.cpp:27:14:[m[K [01;36m[Knote: [m[Kin expansion of macro ‘[01m[KAXIS_TYPE[m[K’
   27 |         case [01;36m[KAXIS_TYPE[m[K:
      |              [01;36m[K^~~~~~~~~[m[K
[01m[K/home/nls/SHK_Arbeit/volksbot/src/gamepad_driver/src/logitechf710.cpp:9:22:[m[K [01;36m[Knote: [m[K  crosses initialization of ‘[01m[Kbutton_t btn[m[K’
    9 |             button_t [01;36m[Kbtn[m[K = (button_t) event.value;
      |                      [01;36m[K^~~[m[K
[01m[K/home/nls/SHK_Arbeit/volksbot/src/gamepad_driver/src/logitechf710.cpp:61:9:[m[K [01;31m[Kerror: [m[Kjump to case label
   61 |         [01;31m[Kdefault[m[K:
      |         [01;31m[K^~~~~~~[m[K
[01m[K/home/nls/SHK_Arbeit/volksbot/src/gamepad_driver/src/logitechf710.cpp:28:20:[m[K [01;36m[Knote: [m[K  crosses initialization of ‘[01m[Kaxis_t val[m[K’
   28 |             axis_t [01;36m[Kval[m[K = (axis_t) event.value;
      |                    [01;36m[K^~~[m[K
[01m[K/home/nls/SHK_Arbeit/volksbot/src/gamepad_driver/src/logitechf710.cpp:9:22:[m[K [01;36m[Knote: [m[K  crosses initialization of ‘[01m[Kbutton_t btn[m[K’
    9 |             button_t [01;36m[Kbtn[m[K = (button_t) event.value;
      |                      [01;36m[K^~~[m[K
make[2]: *** [CMakeFiles/gamepad.dir/build.make:104: CMakeFiles/gamepad.dir/src/logitechf710.cpp.o] Error 1
make[2]: *** Waiting for unfinished jobs....
make[1]: *** [CMakeFiles/Makefile2:137: CMakeFiles/gamepad.dir/all] Error 2
make: *** [Makefile:146: all] Error 2
