[0.922s] DEBUG:colcon:Command line arguments: ['/usr/bin/colcon', 'build']
[0.923s] DEBUG:colcon:Parsed command line arguments: Namespace(allow_overriding=[], ament_cmake_args=None, base_paths=['.'], build_base='build', catkin_cmake_args=None, catkin_skip_building_tests=False, cmake_args=None, cmake_clean_cache=False, cmake_clean_first=False, cmake_force_configure=False, cmake_target=None, cmake_target_skip_unavailable=False, continue_on_error=False, event_handlers=None, executor='parallel', ignore_user_meta=False, install_base='install', log_base=None, log_level=None, main=<bound method BuildVerb.main of <colcon_core.verb.build.BuildVerb object at 0x7fa38bfb95b0>>, merge_install=False, metas=['./colcon.meta'], mixin=None, mixin_files=None, mixin_verb=('build',), packages_above=None, packages_above_and_dependencies=None, packages_above_depth=None, packages_end=None, packages_ignore=None, packages_ignore_regex=None, packages_select=None, packages_select_build_failed=False, packages_select_by_dep=None, packages_select_regex=None, packages_select_test_failures=False, packages_skip=None, packages_skip_build_finished=False, packages_skip_by_dep=None, packages_skip_regex=None, packages_skip_test_passed=False, packages_skip_up_to=None, packages_start=None, packages_up_to=None, packages_up_to_regex=None, parallel_workers=12, paths=None, symlink_install=False, test_result_base=None, verb_extension=<colcon_core.verb.build.BuildVerb object at 0x7fa38bfb95b0>, verb_name='build', verb_parser=<colcon_mixin.mixin.mixin_argument.MixinArgumentDecorator object at 0x7fa38be9be20>)
[1.563s] Level 1:colcon.colcon_core.package_discovery:discover_packages(colcon_meta) check parameters
[1.564s] Level 1:colcon.colcon_core.package_discovery:discover_packages(recursive) check parameters
[1.564s] Level 1:colcon.colcon_core.package_discovery:discover_packages(ignore) check parameters
[1.564s] Level 1:colcon.colcon_core.package_discovery:discover_packages(path) check parameters
[1.564s] Level 1:colcon.colcon_core.package_discovery:discover_packages(colcon_meta) discover
[1.565s] Level 1:colcon.colcon_core.package_discovery:discover_packages(recursive) discover
[1.565s] INFO:colcon.colcon_core.package_discovery:Crawling recursively for packages in '/home/nls/SHK_Arbeit/volksbot'
[1.565s] Level 1:colcon.colcon_core.package_identification:_identify(.) by extensions ['ignore', 'ignore_ament_install']
[1.565s] Level 1:colcon.colcon_core.package_identification:_identify(.) by extension 'ignore'
[1.565s] Level 1:colcon.colcon_core.package_identification:_identify(.) by extension 'ignore_ament_install'
[1.566s] Level 1:colcon.colcon_core.package_identification:_identify(.) by extensions ['colcon_pkg']
[1.566s] Level 1:colcon.colcon_core.package_identification:_identify(.) by extension 'colcon_pkg'
[1.566s] Level 1:colcon.colcon_core.package_identification:_identify(.) by extensions ['colcon_meta']
[1.566s] Level 1:colcon.colcon_core.package_identification:_identify(.) by extension 'colcon_meta'
[1.566s] Level 1:colcon.colcon_core.package_identification:_identify(.) by extensions ['ros']
[1.566s] Level 1:colcon.colcon_core.package_identification:_identify(.) by extension 'ros'
[1.619s] Level 1:colcon.colcon_core.package_identification:_identify(.) by extensions ['cmake', 'python']
[1.620s] Level 1:colcon.colcon_core.package_identification:_identify(.) by extension 'cmake'
[1.620s] Level 1:colcon.colcon_core.package_identification:_identify(.) by extension 'python'
[1.620s] Level 1:colcon.colcon_core.package_identification:_identify(.) by extensions ['python_setup_py']
[1.620s] Level 1:colcon.colcon_core.package_identification:_identify(.) by extension 'python_setup_py'
[1.620s] Level 1:colcon.colcon_core.package_identification:_identify(build) by extensions ['ignore', 'ignore_ament_install']
[1.620s] Level 1:colcon.colcon_core.package_identification:_identify(build) by extension 'ignore'
[1.620s] Level 1:colcon.colcon_core.package_identification:_identify(build) ignored
[1.621s] Level 1:colcon.colcon_core.package_identification:_identify(install) by extensions ['ignore', 'ignore_ament_install']
[1.621s] Level 1:colcon.colcon_core.package_identification:_identify(install) by extension 'ignore'
[1.621s] Level 1:colcon.colcon_core.package_identification:_identify(install) ignored
[1.621s] Level 1:colcon.colcon_core.package_identification:_identify(log) by extensions ['ignore', 'ignore_ament_install']
[1.621s] Level 1:colcon.colcon_core.package_identification:_identify(log) by extension 'ignore'
[1.622s] Level 1:colcon.colcon_core.package_identification:_identify(log) ignored
[1.622s] Level 1:colcon.colcon_core.package_identification:_identify(src) by extensions ['ignore', 'ignore_ament_install']
[1.622s] Level 1:colcon.colcon_core.package_identification:_identify(src) by extension 'ignore'
[1.622s] Level 1:colcon.colcon_core.package_identification:_identify(src) by extension 'ignore_ament_install'
[1.622s] Level 1:colcon.colcon_core.package_identification:_identify(src) by extensions ['colcon_pkg']
[1.622s] Level 1:colcon.colcon_core.package_identification:_identify(src) by extension 'colcon_pkg'
[1.622s] Level 1:colcon.colcon_core.package_identification:_identify(src) by extensions ['colcon_meta']
[1.622s] Level 1:colcon.colcon_core.package_identification:_identify(src) by extension 'colcon_meta'
[1.623s] Level 1:colcon.colcon_core.package_identification:_identify(src) by extensions ['ros']
[1.623s] Level 1:colcon.colcon_core.package_identification:_identify(src) by extension 'ros'
[1.623s] Level 1:colcon.colcon_core.package_identification:_identify(src) by extensions ['cmake', 'python']
[1.623s] Level 1:colcon.colcon_core.package_identification:_identify(src) by extension 'cmake'
[1.623s] Level 1:colcon.colcon_core.package_identification:_identify(src) by extension 'python'
[1.623s] Level 1:colcon.colcon_core.package_identification:_identify(src) by extensions ['python_setup_py']
[1.623s] Level 1:colcon.colcon_core.package_identification:_identify(src) by extension 'python_setup_py'
[1.623s] Level 1:colcon.colcon_core.package_identification:_identify(src/gamepad_driver) by extensions ['ignore', 'ignore_ament_install']
[1.624s] Level 1:colcon.colcon_core.package_identification:_identify(src/gamepad_driver) by extension 'ignore'
[1.624s] Level 1:colcon.colcon_core.package_identification:_identify(src/gamepad_driver) by extension 'ignore_ament_install'
[1.624s] Level 1:colcon.colcon_core.package_identification:_identify(src/gamepad_driver) by extensions ['colcon_pkg']
[1.624s] Level 1:colcon.colcon_core.package_identification:_identify(src/gamepad_driver) by extension 'colcon_pkg'
[1.624s] Level 1:colcon.colcon_core.package_identification:_identify(src/gamepad_driver) by extensions ['colcon_meta']
[1.624s] Level 1:colcon.colcon_core.package_identification:_identify(src/gamepad_driver) by extension 'colcon_meta'
[1.624s] Level 1:colcon.colcon_core.package_identification:_identify(src/gamepad_driver) by extensions ['ros']
[1.624s] Level 1:colcon.colcon_core.package_identification:_identify(src/gamepad_driver) by extension 'ros'
[1.630s] DEBUG:colcon.colcon_core.package_identification:Package 'src/gamepad_driver' with type 'ros.ament_cmake' and name 'gamepad_driver'
[1.630s] Level 1:colcon.colcon_core.package_discovery:discover_packages(recursive) using defaults
[1.630s] Level 1:colcon.colcon_core.package_discovery:discover_packages(ignore) discover
[1.630s] Level 1:colcon.colcon_core.package_discovery:discover_packages(ignore) using defaults
[1.630s] Level 1:colcon.colcon_core.package_discovery:discover_packages(path) discover
[1.630s] Level 1:colcon.colcon_core.package_discovery:discover_packages(path) using defaults
[1.723s] Level 1:colcon.colcon_core.package_discovery:discover_packages(prefix_path) check parameters
[1.723s] Level 1:colcon.colcon_core.package_discovery:discover_packages(prefix_path) discover
[1.725s] WARNING:colcon.colcon_ros.prefix_path.ament:The path '/home/nls/SHK_Arbeit/volksbot/install/joystick_driver' in the environment variable AMENT_PREFIX_PATH doesn't exist
[1.755s] WARNING:colcon.colcon_ros.prefix_path.catkin:The path '/home/nls/SHK_Arbeit/volksbot/install/joystick_driver' in the environment variable CMAKE_PREFIX_PATH doesn't exist
[1.761s] DEBUG:colcon.colcon_installed_package_information.package_discovery:Found 1 installed packages in /home/nls/SHK_Arbeit/volksbot/install
[1.785s] DEBUG:colcon.colcon_installed_package_information.package_discovery:Found 345 installed packages in /home/nls/ros2_humble/install
[1.792s] Level 1:colcon.colcon_core.package_discovery:discover_packages(prefix_path) using defaults
[1.897s] Level 5:colcon.colcon_core.verb:set package 'gamepad_driver' build argument 'cmake_args' from command line to 'None'
[1.897s] Level 5:colcon.colcon_core.verb:set package 'gamepad_driver' build argument 'cmake_target' from command line to 'None'
[1.897s] Level 5:colcon.colcon_core.verb:set package 'gamepad_driver' build argument 'cmake_target_skip_unavailable' from command line to 'False'
[1.897s] Level 5:colcon.colcon_core.verb:set package 'gamepad_driver' build argument 'cmake_clean_cache' from command line to 'False'
[1.898s] Level 5:colcon.colcon_core.verb:set package 'gamepad_driver' build argument 'cmake_clean_first' from command line to 'False'
[1.898s] Level 5:colcon.colcon_core.verb:set package 'gamepad_driver' build argument 'cmake_force_configure' from command line to 'False'
[1.898s] Level 5:colcon.colcon_core.verb:set package 'gamepad_driver' build argument 'ament_cmake_args' from command line to 'None'
[1.898s] Level 5:colcon.colcon_core.verb:set package 'gamepad_driver' build argument 'catkin_cmake_args' from command line to 'None'
[1.898s] Level 5:colcon.colcon_core.verb:set package 'gamepad_driver' build argument 'catkin_skip_building_tests' from command line to 'False'
[1.898s] DEBUG:colcon.colcon_core.verb:Building package 'gamepad_driver' with the following arguments: {'ament_cmake_args': None, 'build_base': '/home/nls/SHK_Arbeit/volksbot/build/gamepad_driver', 'catkin_cmake_args': None, 'catkin_skip_building_tests': False, 'cmake_args': None, 'cmake_clean_cache': False, 'cmake_clean_first': False, 'cmake_force_configure': False, 'cmake_target': None, 'cmake_target_skip_unavailable': False, 'install_base': '/home/nls/SHK_Arbeit/volksbot/install/gamepad_driver', 'merge_install': False, 'path': '/home/nls/SHK_Arbeit/volksbot/src/gamepad_driver', 'symlink_install': False, 'test_result_base': None}
[1.898s] INFO:colcon.colcon_core.executor:Executing jobs using 'parallel' executor
[1.901s] DEBUG:colcon.colcon_parallel_executor.executor.parallel:run_until_complete
[1.901s] INFO:colcon.colcon_ros.task.ament_cmake.build:Building ROS package in '/home/nls/SHK_Arbeit/volksbot/src/gamepad_driver' with build type 'ament_cmake'
[1.901s] INFO:colcon.colcon_cmake.task.cmake.build:Building CMake package in '/home/nls/SHK_Arbeit/volksbot/src/gamepad_driver'
[1.916s] INFO:colcon.colcon_core.plugin_system:Skipping extension 'colcon_core.shell.bat': Not used on non-Windows systems
[1.917s] INFO:colcon.colcon_core.shell:Skip shell extension 'powershell' for command environment: Not usable outside of PowerShell
[1.917s] DEBUG:colcon.colcon_core.shell:Skip shell extension 'dsv' for command environment
[2.015s] DEBUG:colcon.colcon_core.event_handler.log_command:Invoking command in '/home/nls/SHK_Arbeit/volksbot/build/gamepad_driver': CMAKE_PREFIX_PATH=${CMAKE_PREFIX_PATH}:/home/nls/ros2_humble/install/rqt_bag_plugins:/home/nls/ros2_humble/install/rqt_bag:/home/nls/ros2_humble/install/ros2bag:/home/nls/ros2_humble/install/tracetools_test:/home/nls/ros2_humble/install/tracetools_launch:/home/nls/ros2_humble/install/topic_monitor:/home/nls/ros2_humble/install/tf2_tools:/home/nls/ros2_humble/install/examples_tf2_py:/home/nls/ros2_humble/install/tf2_ros_py:/home/nls/ros2_humble/install/sros2:/home/nls/ros2_humble/install/rqt_topic:/home/nls/ros2_humble/install/rqt_srv:/home/nls/ros2_humble/install/rqt_shell:/home/nls/ros2_humble/install/rqt_service_caller:/home/nls/ros2_humble/install/rqt_reconfigure:/home/nls/ros2_humble/install/rqt_py_console:/home/nls/ros2_humble/install/rqt_publisher:/home/nls/ros2_humble/install/rqt_plot:/home/nls/ros2_humble/install/rqt_action:/home/nls/ros2_humble/install/rqt_msg:/home/nls/ros2_humble/install/rqt_console:/home/nls/ros2_humble/install/rqt:/home/nls/ros2_humble/install/rqt_graph:/home/nls/ros2_humble/install/rqt_gui_py:/home/nls/ros2_humble/install/rqt_gui:/home/nls/ros2_humble/install/ros2trace:/home/nls/ros2_humble/install/ros2topic:/home/nls/ros2_humble/install/ros2test:/home/nls/ros2_humble/install/ros2component:/home/nls/ros2_humble/install/ros2param:/home/nls/ros2_humble/install/ros2lifecycle:/home/nls/ros2_humble/install/ros2service:/home/nls/ros2_humble/install/ros2run:/home/nls/ros2_humble/install/ros2launch:/home/nls/ros2_humble/install/ros2pkg:/home/nls/ros2_humble/install/ros2node:/home/nls/ros2_humble/install/ros2multicast:/home/nls/ros2_humble/install/ros2interface:/home/nls/ros2_humble/install/ros2doctor:/home/nls/ros2_humble/install/ros2action:/home/nls/ros2_humble/install/ros2cli:/home/nls/ros2_humble/install/quality_of_service_demo_py:/home/nls/ros2_humble/install/lifecycle_py:/home/nls/ros2_humble/install/launch_testing_ros:/home/nls/ros2_humble/install/launch_ros:/home/nls/ros2_humble/install/examples_rclpy_pointcloud_publisher:/home/nls/ros2_humble/install/examples_rclpy_minimal_subscriber:/home/nls/ros2_humble/install/examples_rclpy_minimal_service:/home/nls/ros2_humble/install/examples_rclpy_minimal_publisher:/home/nls/ros2_humble/install/examples_rclpy_minimal_client:/home/nls/ros2_humble/install/examples_rclpy_minimal_action_server:/home/nls/ros2_humble/install/examples_rclpy_minimal_action_client:/home/nls/ros2_humble/install/examples_rclpy_guard_conditions:/home/nls/ros2_humble/install/examples_rclpy_executors:/home/nls/ros2_humble/install/demo_nodes_py:/home/nls/ros2_humble/install/action_tutorials_py:/home/nls/ros2_humble/install/ament_uncrustify:/home/nls/ros2_humble/install/tracetools_trace:/home/nls/ros2_humble/install/tracetools_read:/home/nls/ros2_humble/install/test_tracetools_launch:/home/nls/ros2_humble/install/test_launch_ros:/home/nls/ros2_humble/install/sensor_msgs_py:/home/nls/ros2_humble/install/rpyutils:/home/nls/ros2_humble/install/rosidl_runtime_py:/home/nls/ros2_humble/install/rosidl_cli:/home/nls/ros2_humble/install/launch_pytest:/home/nls/ros2_humble/install/launch_testing:/home/nls/ros2_humble/install/launch_yaml:/home/nls/ros2_humble/install/launch_xml:/home/nls/ros2_humble/install/launch:/home/nls/ros2_humble/install/osrf_pycommon:/home/nls/ros2_humble/install/launch_testing_examples:/home/nls/ros2_humble/install/domain_coordinator:/home/nls/ros2_humble/install/ament_xmllint:/home/nls/ros2_humble/install/ament_pyflakes:/home/nls/ros2_humble/install/ament_pycodestyle:/home/nls/ros2_humble/install/ament_pep257:/home/nls/ros2_humble/install/ament_pclint:/home/nls/ros2_humble/install/ament_package:/home/nls/ros2_humble/install/ament_mypy:/home/nls/ros2_humble/install/ament_lint_cmake:/home/nls/ros2_humble/install/ament_flake8:/home/nls/ros2_humble/install/ament_copyright:/home/nls/ros2_humble/install/ament_lint:/home/nls/ros2_humble/install/ament_index_python:/home/nls/ros2_humble/install/ament_cpplint:/home/nls/ros2_humble/install/ament_cppcheck:/home/nls/ros2_humble/install/ament_clang_tidy:/home/nls/ros2_humble/install/ament_clang_format /usr/local/bin/cmake --build /home/nls/SHK_Arbeit/volksbot/build/gamepad_driver -- -j12 -l12
[2.725s] DEBUG:colcon.colcon_core.event_handler.log_command:Invoked command in '/home/nls/SHK_Arbeit/volksbot/build/gamepad_driver' returned '0': CMAKE_PREFIX_PATH=${CMAKE_PREFIX_PATH}:/home/nls/ros2_humble/install/rqt_bag_plugins:/home/nls/ros2_humble/install/rqt_bag:/home/nls/ros2_humble/install/ros2bag:/home/nls/ros2_humble/install/tracetools_test:/home/nls/ros2_humble/install/tracetools_launch:/home/nls/ros2_humble/install/topic_monitor:/home/nls/ros2_humble/install/tf2_tools:/home/nls/ros2_humble/install/examples_tf2_py:/home/nls/ros2_humble/install/tf2_ros_py:/home/nls/ros2_humble/install/sros2:/home/nls/ros2_humble/install/rqt_topic:/home/nls/ros2_humble/install/rqt_srv:/home/nls/ros2_humble/install/rqt_shell:/home/nls/ros2_humble/install/rqt_service_caller:/home/nls/ros2_humble/install/rqt_reconfigure:/home/nls/ros2_humble/install/rqt_py_console:/home/nls/ros2_humble/install/rqt_publisher:/home/nls/ros2_humble/install/rqt_plot:/home/nls/ros2_humble/install/rqt_action:/home/nls/ros2_humble/install/rqt_msg:/home/nls/ros2_humble/install/rqt_console:/home/nls/ros2_humble/install/rqt:/home/nls/ros2_humble/install/rqt_graph:/home/nls/ros2_humble/install/rqt_gui_py:/home/nls/ros2_humble/install/rqt_gui:/home/nls/ros2_humble/install/ros2trace:/home/nls/ros2_humble/install/ros2topic:/home/nls/ros2_humble/install/ros2test:/home/nls/ros2_humble/install/ros2component:/home/nls/ros2_humble/install/ros2param:/home/nls/ros2_humble/install/ros2lifecycle:/home/nls/ros2_humble/install/ros2service:/home/nls/ros2_humble/install/ros2run:/home/nls/ros2_humble/install/ros2launch:/home/nls/ros2_humble/install/ros2pkg:/home/nls/ros2_humble/install/ros2node:/home/nls/ros2_humble/install/ros2multicast:/home/nls/ros2_humble/install/ros2interface:/home/nls/ros2_humble/install/ros2doctor:/home/nls/ros2_humble/install/ros2action:/home/nls/ros2_humble/install/ros2cli:/home/nls/ros2_humble/install/quality_of_service_demo_py:/home/nls/ros2_humble/install/lifecycle_py:/home/nls/ros2_humble/install/launch_testing_ros:/home/nls/ros2_humble/install/launch_ros:/home/nls/ros2_humble/install/examples_rclpy_pointcloud_publisher:/home/nls/ros2_humble/install/examples_rclpy_minimal_subscriber:/home/nls/ros2_humble/install/examples_rclpy_minimal_service:/home/nls/ros2_humble/install/examples_rclpy_minimal_publisher:/home/nls/ros2_humble/install/examples_rclpy_minimal_client:/home/nls/ros2_humble/install/examples_rclpy_minimal_action_server:/home/nls/ros2_humble/install/examples_rclpy_minimal_action_client:/home/nls/ros2_humble/install/examples_rclpy_guard_conditions:/home/nls/ros2_humble/install/examples_rclpy_executors:/home/nls/ros2_humble/install/demo_nodes_py:/home/nls/ros2_humble/install/action_tutorials_py:/home/nls/ros2_humble/install/ament_uncrustify:/home/nls/ros2_humble/install/tracetools_trace:/home/nls/ros2_humble/install/tracetools_read:/home/nls/ros2_humble/install/test_tracetools_launch:/home/nls/ros2_humble/install/test_launch_ros:/home/nls/ros2_humble/install/sensor_msgs_py:/home/nls/ros2_humble/install/rpyutils:/home/nls/ros2_humble/install/rosidl_runtime_py:/home/nls/ros2_humble/install/rosidl_cli:/home/nls/ros2_humble/install/launch_pytest:/home/nls/ros2_humble/install/launch_testing:/home/nls/ros2_humble/install/launch_yaml:/home/nls/ros2_humble/install/launch_xml:/home/nls/ros2_humble/install/launch:/home/nls/ros2_humble/install/osrf_pycommon:/home/nls/ros2_humble/install/launch_testing_examples:/home/nls/ros2_humble/install/domain_coordinator:/home/nls/ros2_humble/install/ament_xmllint:/home/nls/ros2_humble/install/ament_pyflakes:/home/nls/ros2_humble/install/ament_pycodestyle:/home/nls/ros2_humble/install/ament_pep257:/home/nls/ros2_humble/install/ament_pclint:/home/nls/ros2_humble/install/ament_package:/home/nls/ros2_humble/install/ament_mypy:/home/nls/ros2_humble/install/ament_lint_cmake:/home/nls/ros2_humble/install/ament_flake8:/home/nls/ros2_humble/install/ament_copyright:/home/nls/ros2_humble/install/ament_lint:/home/nls/ros2_humble/install/ament_index_python:/home/nls/ros2_humble/install/ament_cpplint:/home/nls/ros2_humble/install/ament_cppcheck:/home/nls/ros2_humble/install/ament_clang_tidy:/home/nls/ros2_humble/install/ament_clang_format /usr/local/bin/cmake --build /home/nls/SHK_Arbeit/volksbot/build/gamepad_driver -- -j12 -l12
[2.761s] DEBUG:colcon.colcon_core.event_handler.log_command:Invoking command in '/home/nls/SHK_Arbeit/volksbot/build/gamepad_driver': CMAKE_PREFIX_PATH=${CMAKE_PREFIX_PATH}:/home/nls/ros2_humble/install/rqt_bag_plugins:/home/nls/ros2_humble/install/rqt_bag:/home/nls/ros2_humble/install/ros2bag:/home/nls/ros2_humble/install/tracetools_test:/home/nls/ros2_humble/install/tracetools_launch:/home/nls/ros2_humble/install/topic_monitor:/home/nls/ros2_humble/install/tf2_tools:/home/nls/ros2_humble/install/examples_tf2_py:/home/nls/ros2_humble/install/tf2_ros_py:/home/nls/ros2_humble/install/sros2:/home/nls/ros2_humble/install/rqt_topic:/home/nls/ros2_humble/install/rqt_srv:/home/nls/ros2_humble/install/rqt_shell:/home/nls/ros2_humble/install/rqt_service_caller:/home/nls/ros2_humble/install/rqt_reconfigure:/home/nls/ros2_humble/install/rqt_py_console:/home/nls/ros2_humble/install/rqt_publisher:/home/nls/ros2_humble/install/rqt_plot:/home/nls/ros2_humble/install/rqt_action:/home/nls/ros2_humble/install/rqt_msg:/home/nls/ros2_humble/install/rqt_console:/home/nls/ros2_humble/install/rqt:/home/nls/ros2_humble/install/rqt_graph:/home/nls/ros2_humble/install/rqt_gui_py:/home/nls/ros2_humble/install/rqt_gui:/home/nls/ros2_humble/install/ros2trace:/home/nls/ros2_humble/install/ros2topic:/home/nls/ros2_humble/install/ros2test:/home/nls/ros2_humble/install/ros2component:/home/nls/ros2_humble/install/ros2param:/home/nls/ros2_humble/install/ros2lifecycle:/home/nls/ros2_humble/install/ros2service:/home/nls/ros2_humble/install/ros2run:/home/nls/ros2_humble/install/ros2launch:/home/nls/ros2_humble/install/ros2pkg:/home/nls/ros2_humble/install/ros2node:/home/nls/ros2_humble/install/ros2multicast:/home/nls/ros2_humble/install/ros2interface:/home/nls/ros2_humble/install/ros2doctor:/home/nls/ros2_humble/install/ros2action:/home/nls/ros2_humble/install/ros2cli:/home/nls/ros2_humble/install/quality_of_service_demo_py:/home/nls/ros2_humble/install/lifecycle_py:/home/nls/ros2_humble/install/launch_testing_ros:/home/nls/ros2_humble/install/launch_ros:/home/nls/ros2_humble/install/examples_rclpy_pointcloud_publisher:/home/nls/ros2_humble/install/examples_rclpy_minimal_subscriber:/home/nls/ros2_humble/install/examples_rclpy_minimal_service:/home/nls/ros2_humble/install/examples_rclpy_minimal_publisher:/home/nls/ros2_humble/install/examples_rclpy_minimal_client:/home/nls/ros2_humble/install/examples_rclpy_minimal_action_server:/home/nls/ros2_humble/install/examples_rclpy_minimal_action_client:/home/nls/ros2_humble/install/examples_rclpy_guard_conditions:/home/nls/ros2_humble/install/examples_rclpy_executors:/home/nls/ros2_humble/install/demo_nodes_py:/home/nls/ros2_humble/install/action_tutorials_py:/home/nls/ros2_humble/install/ament_uncrustify:/home/nls/ros2_humble/install/tracetools_trace:/home/nls/ros2_humble/install/tracetools_read:/home/nls/ros2_humble/install/test_tracetools_launch:/home/nls/ros2_humble/install/test_launch_ros:/home/nls/ros2_humble/install/sensor_msgs_py:/home/nls/ros2_humble/install/rpyutils:/home/nls/ros2_humble/install/rosidl_runtime_py:/home/nls/ros2_humble/install/rosidl_cli:/home/nls/ros2_humble/install/launch_pytest:/home/nls/ros2_humble/install/launch_testing:/home/nls/ros2_humble/install/launch_yaml:/home/nls/ros2_humble/install/launch_xml:/home/nls/ros2_humble/install/launch:/home/nls/ros2_humble/install/osrf_pycommon:/home/nls/ros2_humble/install/launch_testing_examples:/home/nls/ros2_humble/install/domain_coordinator:/home/nls/ros2_humble/install/ament_xmllint:/home/nls/ros2_humble/install/ament_pyflakes:/home/nls/ros2_humble/install/ament_pycodestyle:/home/nls/ros2_humble/install/ament_pep257:/home/nls/ros2_humble/install/ament_pclint:/home/nls/ros2_humble/install/ament_package:/home/nls/ros2_humble/install/ament_mypy:/home/nls/ros2_humble/install/ament_lint_cmake:/home/nls/ros2_humble/install/ament_flake8:/home/nls/ros2_humble/install/ament_copyright:/home/nls/ros2_humble/install/ament_lint:/home/nls/ros2_humble/install/ament_index_python:/home/nls/ros2_humble/install/ament_cpplint:/home/nls/ros2_humble/install/ament_cppcheck:/home/nls/ros2_humble/install/ament_clang_tidy:/home/nls/ros2_humble/install/ament_clang_format /usr/local/bin/cmake --install /home/nls/SHK_Arbeit/volksbot/build/gamepad_driver
[2.790s] Level 1:colcon.colcon_core.environment:create_environment_scripts_only(gamepad_driver)
[2.792s] DEBUG:colcon.colcon_core.event_handler.log_command:Invoked command in '/home/nls/SHK_Arbeit/volksbot/build/gamepad_driver' returned '0': CMAKE_PREFIX_PATH=${CMAKE_PREFIX_PATH}:/home/nls/ros2_humble/install/rqt_bag_plugins:/home/nls/ros2_humble/install/rqt_bag:/home/nls/ros2_humble/install/ros2bag:/home/nls/ros2_humble/install/tracetools_test:/home/nls/ros2_humble/install/tracetools_launch:/home/nls/ros2_humble/install/topic_monitor:/home/nls/ros2_humble/install/tf2_tools:/home/nls/ros2_humble/install/examples_tf2_py:/home/nls/ros2_humble/install/tf2_ros_py:/home/nls/ros2_humble/install/sros2:/home/nls/ros2_humble/install/rqt_topic:/home/nls/ros2_humble/install/rqt_srv:/home/nls/ros2_humble/install/rqt_shell:/home/nls/ros2_humble/install/rqt_service_caller:/home/nls/ros2_humble/install/rqt_reconfigure:/home/nls/ros2_humble/install/rqt_py_console:/home/nls/ros2_humble/install/rqt_publisher:/home/nls/ros2_humble/install/rqt_plot:/home/nls/ros2_humble/install/rqt_action:/home/nls/ros2_humble/install/rqt_msg:/home/nls/ros2_humble/install/rqt_console:/home/nls/ros2_humble/install/rqt:/home/nls/ros2_humble/install/rqt_graph:/home/nls/ros2_humble/install/rqt_gui_py:/home/nls/ros2_humble/install/rqt_gui:/home/nls/ros2_humble/install/ros2trace:/home/nls/ros2_humble/install/ros2topic:/home/nls/ros2_humble/install/ros2test:/home/nls/ros2_humble/install/ros2component:/home/nls/ros2_humble/install/ros2param:/home/nls/ros2_humble/install/ros2lifecycle:/home/nls/ros2_humble/install/ros2service:/home/nls/ros2_humble/install/ros2run:/home/nls/ros2_humble/install/ros2launch:/home/nls/ros2_humble/install/ros2pkg:/home/nls/ros2_humble/install/ros2node:/home/nls/ros2_humble/install/ros2multicast:/home/nls/ros2_humble/install/ros2interface:/home/nls/ros2_humble/install/ros2doctor:/home/nls/ros2_humble/install/ros2action:/home/nls/ros2_humble/install/ros2cli:/home/nls/ros2_humble/install/quality_of_service_demo_py:/home/nls/ros2_humble/install/lifecycle_py:/home/nls/ros2_humble/install/launch_testing_ros:/home/nls/ros2_humble/install/launch_ros:/home/nls/ros2_humble/install/examples_rclpy_pointcloud_publisher:/home/nls/ros2_humble/install/examples_rclpy_minimal_subscriber:/home/nls/ros2_humble/install/examples_rclpy_minimal_service:/home/nls/ros2_humble/install/examples_rclpy_minimal_publisher:/home/nls/ros2_humble/install/examples_rclpy_minimal_client:/home/nls/ros2_humble/install/examples_rclpy_minimal_action_server:/home/nls/ros2_humble/install/examples_rclpy_minimal_action_client:/home/nls/ros2_humble/install/examples_rclpy_guard_conditions:/home/nls/ros2_humble/install/examples_rclpy_executors:/home/nls/ros2_humble/install/demo_nodes_py:/home/nls/ros2_humble/install/action_tutorials_py:/home/nls/ros2_humble/install/ament_uncrustify:/home/nls/ros2_humble/install/tracetools_trace:/home/nls/ros2_humble/install/tracetools_read:/home/nls/ros2_humble/install/test_tracetools_launch:/home/nls/ros2_humble/install/test_launch_ros:/home/nls/ros2_humble/install/sensor_msgs_py:/home/nls/ros2_humble/install/rpyutils:/home/nls/ros2_humble/install/rosidl_runtime_py:/home/nls/ros2_humble/install/rosidl_cli:/home/nls/ros2_humble/install/launch_pytest:/home/nls/ros2_humble/install/launch_testing:/home/nls/ros2_humble/install/launch_yaml:/home/nls/ros2_humble/install/launch_xml:/home/nls/ros2_humble/install/launch:/home/nls/ros2_humble/install/osrf_pycommon:/home/nls/ros2_humble/install/launch_testing_examples:/home/nls/ros2_humble/install/domain_coordinator:/home/nls/ros2_humble/install/ament_xmllint:/home/nls/ros2_humble/install/ament_pyflakes:/home/nls/ros2_humble/install/ament_pycodestyle:/home/nls/ros2_humble/install/ament_pep257:/home/nls/ros2_humble/install/ament_pclint:/home/nls/ros2_humble/install/ament_package:/home/nls/ros2_humble/install/ament_mypy:/home/nls/ros2_humble/install/ament_lint_cmake:/home/nls/ros2_humble/install/ament_flake8:/home/nls/ros2_humble/install/ament_copyright:/home/nls/ros2_humble/install/ament_lint:/home/nls/ros2_humble/install/ament_index_python:/home/nls/ros2_humble/install/ament_cpplint:/home/nls/ros2_humble/install/ament_cppcheck:/home/nls/ros2_humble/install/ament_clang_tidy:/home/nls/ros2_humble/install/ament_clang_format /usr/local/bin/cmake --install /home/nls/SHK_Arbeit/volksbot/build/gamepad_driver
[2.808s] Level 1:colcon.colcon_core.environment:checking '/home/nls/SHK_Arbeit/volksbot/install/gamepad_driver' for CMake module files
[2.809s] Level 1:colcon.colcon_core.environment:checking '/home/nls/SHK_Arbeit/volksbot/install/gamepad_driver' for CMake config files
[2.809s] Level 1:colcon.colcon_core.shell:create_environment_hook('gamepad_driver', 'cmake_prefix_path')
[2.810s] INFO:colcon.colcon_core.shell:Creating environment hook '/home/nls/SHK_Arbeit/volksbot/install/gamepad_driver/share/gamepad_driver/hook/cmake_prefix_path.ps1'
[2.812s] INFO:colcon.colcon_core.shell:Creating environment descriptor '/home/nls/SHK_Arbeit/volksbot/install/gamepad_driver/share/gamepad_driver/hook/cmake_prefix_path.dsv'
[2.813s] INFO:colcon.colcon_core.shell:Creating environment hook '/home/nls/SHK_Arbeit/volksbot/install/gamepad_driver/share/gamepad_driver/hook/cmake_prefix_path.sh'
[2.815s] Level 1:colcon.colcon_core.environment:checking '/home/nls/SHK_Arbeit/volksbot/install/gamepad_driver/lib'
[2.816s] Level 1:colcon.colcon_core.environment:checking '/home/nls/SHK_Arbeit/volksbot/install/gamepad_driver/bin'
[2.816s] Level 1:colcon.colcon_core.environment:checking '/home/nls/SHK_Arbeit/volksbot/install/gamepad_driver/lib/pkgconfig/gamepad_driver.pc'
[2.825s] Level 1:colcon.colcon_core.environment:checking '/home/nls/SHK_Arbeit/volksbot/install/gamepad_driver/lib/python3.8/site-packages'
[2.825s] Level 1:colcon.colcon_core.environment:checking '/home/nls/SHK_Arbeit/volksbot/install/gamepad_driver/bin'
[2.826s] INFO:colcon.colcon_core.shell:Creating package script '/home/nls/SHK_Arbeit/volksbot/install/gamepad_driver/share/gamepad_driver/package.ps1'
[2.827s] INFO:colcon.colcon_core.shell:Creating package descriptor '/home/nls/SHK_Arbeit/volksbot/install/gamepad_driver/share/gamepad_driver/package.dsv'
[2.828s] INFO:colcon.colcon_core.shell:Creating package script '/home/nls/SHK_Arbeit/volksbot/install/gamepad_driver/share/gamepad_driver/package.sh'
[2.830s] INFO:colcon.colcon_core.shell:Creating package script '/home/nls/SHK_Arbeit/volksbot/install/gamepad_driver/share/gamepad_driver/package.bash'
[2.832s] INFO:colcon.colcon_core.shell:Creating package script '/home/nls/SHK_Arbeit/volksbot/install/gamepad_driver/share/gamepad_driver/package.zsh'
[2.834s] Level 1:colcon.colcon_core.environment:create_file_with_runtime_dependencies(/home/nls/SHK_Arbeit/volksbot/install/gamepad_driver/share/colcon-core/packages/gamepad_driver)
[2.836s] Level 1:colcon.colcon_core.environment:create_environment_scripts_only(gamepad_driver)
[2.836s] Level 1:colcon.colcon_core.environment:checking '/home/nls/SHK_Arbeit/volksbot/install/gamepad_driver' for CMake module files
[2.837s] Level 1:colcon.colcon_core.environment:checking '/home/nls/SHK_Arbeit/volksbot/install/gamepad_driver' for CMake config files
[2.838s] Level 1:colcon.colcon_core.shell:create_environment_hook('gamepad_driver', 'cmake_prefix_path')
[2.838s] INFO:colcon.colcon_core.shell:Creating environment hook '/home/nls/SHK_Arbeit/volksbot/install/gamepad_driver/share/gamepad_driver/hook/cmake_prefix_path.ps1'
[2.839s] INFO:colcon.colcon_core.shell:Creating environment descriptor '/home/nls/SHK_Arbeit/volksbot/install/gamepad_driver/share/gamepad_driver/hook/cmake_prefix_path.dsv'
[2.840s] INFO:colcon.colcon_core.shell:Creating environment hook '/home/nls/SHK_Arbeit/volksbot/install/gamepad_driver/share/gamepad_driver/hook/cmake_prefix_path.sh'
[2.841s] Level 1:colcon.colcon_core.environment:checking '/home/nls/SHK_Arbeit/volksbot/install/gamepad_driver/lib'
[2.841s] Level 1:colcon.colcon_core.environment:checking '/home/nls/SHK_Arbeit/volksbot/install/gamepad_driver/bin'
[2.841s] Level 1:colcon.colcon_core.environment:checking '/home/nls/SHK_Arbeit/volksbot/install/gamepad_driver/lib/pkgconfig/gamepad_driver.pc'
[2.841s] Level 1:colcon.colcon_core.environment:checking '/home/nls/SHK_Arbeit/volksbot/install/gamepad_driver/lib/python3.8/site-packages'
[2.842s] Level 1:colcon.colcon_core.environment:checking '/home/nls/SHK_Arbeit/volksbot/install/gamepad_driver/bin'
[2.842s] INFO:colcon.colcon_core.shell:Creating package script '/home/nls/SHK_Arbeit/volksbot/install/gamepad_driver/share/gamepad_driver/package.ps1'
[2.843s] INFO:colcon.colcon_core.shell:Creating package descriptor '/home/nls/SHK_Arbeit/volksbot/install/gamepad_driver/share/gamepad_driver/package.dsv'
[2.844s] INFO:colcon.colcon_core.shell:Creating package script '/home/nls/SHK_Arbeit/volksbot/install/gamepad_driver/share/gamepad_driver/package.sh'
[2.845s] INFO:colcon.colcon_core.shell:Creating package script '/home/nls/SHK_Arbeit/volksbot/install/gamepad_driver/share/gamepad_driver/package.bash'
[2.846s] INFO:colcon.colcon_core.shell:Creating package script '/home/nls/SHK_Arbeit/volksbot/install/gamepad_driver/share/gamepad_driver/package.zsh'
[2.847s] Level 1:colcon.colcon_core.environment:create_file_with_runtime_dependencies(/home/nls/SHK_Arbeit/volksbot/install/gamepad_driver/share/colcon-core/packages/gamepad_driver)
[2.848s] DEBUG:colcon.colcon_parallel_executor.executor.parallel:closing loop
[2.849s] DEBUG:colcon.colcon_parallel_executor.executor.parallel:loop closed
[2.849s] DEBUG:colcon.colcon_parallel_executor.executor.parallel:run_until_complete finished with '0'
[2.850s] DEBUG:colcon.colcon_core.event_reactor:joining thread
[2.883s] INFO:colcon.colcon_core.plugin_system:Skipping extension 'colcon_notification.desktop_notification.terminal_notifier': Not used on non-Darwin systems
[2.883s] INFO:colcon.colcon_core.plugin_system:Skipping extension 'colcon_notification.desktop_notification.win32': Not used on non-Windows systems
[2.883s] INFO:colcon.colcon_notification.desktop_notification:Sending desktop notification using 'notify2'
[2.916s] DEBUG:colcon.colcon_core.event_reactor:joined thread
[2.917s] INFO:colcon.colcon_core.shell:Creating prefix script '/home/nls/SHK_Arbeit/volksbot/install/local_setup.ps1'
[2.920s] INFO:colcon.colcon_core.shell:Creating prefix util module '/home/nls/SHK_Arbeit/volksbot/install/_local_setup_util_ps1.py'
[2.925s] INFO:colcon.colcon_core.shell:Creating prefix chain script '/home/nls/SHK_Arbeit/volksbot/install/setup.ps1'
[2.971s] INFO:colcon.colcon_core.shell:Creating prefix script '/home/nls/SHK_Arbeit/volksbot/install/local_setup.sh'
[2.973s] INFO:colcon.colcon_core.shell:Creating prefix util module '/home/nls/SHK_Arbeit/volksbot/install/_local_setup_util_sh.py'
[2.974s] INFO:colcon.colcon_core.shell:Creating prefix chain script '/home/nls/SHK_Arbeit/volksbot/install/setup.sh'
[3.012s] INFO:colcon.colcon_core.shell:Creating prefix script '/home/nls/SHK_Arbeit/volksbot/install/local_setup.bash'
[3.013s] INFO:colcon.colcon_core.shell:Creating prefix chain script '/home/nls/SHK_Arbeit/volksbot/install/setup.bash'
[3.047s] INFO:colcon.colcon_core.shell:Creating prefix script '/home/nls/SHK_Arbeit/volksbot/install/local_setup.zsh'
[3.049s] INFO:colcon.colcon_core.shell:Creating prefix chain script '/home/nls/SHK_Arbeit/volksbot/install/setup.zsh'
