[0.368s] Invoking command in '/home/max/Documents/Hiwi/ROS2_volksbots/build/lms100': /usr/bin/cmake --build /home/max/Documents/Hiwi/ROS2_volksbots/build/lms100 -- -j8 -l8
[0.375s] [33mCMake Warning (dev) at CMakeLists.txt:2 (project):
[0.375s]   Policy CMP0048 is not set: project() command manages VERSION variables.
[0.375s]   Run "cmake --help-policy CMP0048" for policy details.  Use the cmake_policy
[0.375s]   command to set the policy and suppress this warning.
[0.375s] 
[0.375s]   The following variable(s) would be set to empty:
[0.375s] 
[0.375s]     CMAKE_PROJECT_VERSION
[0.375s]     CMAKE_PROJECT_VERSION_MAJOR
[0.375s]     CMAKE_PROJECT_VERSION_MINOR
[0.375s]     CMAKE_PROJECT_VERSION_PATCH
[0.375s] This warning is for project developers.  Use -Wno-dev to suppress it.
[0.375s] [0m
[0.380s] -- Using CATKIN_DEVEL_PREFIX: /home/max/Documents/Hiwi/ROS2_volksbots/build/lms100/devel
[0.380s] -- Using CMAKE_PREFIX_PATH: /opt/ros/noetic
[0.380s] -- This workspace overlays: /opt/ros/noetic
[0.399s] -- Found PythonInterp: /usr/bin/python3 (found suitable version "3.8.10", minimum required is "3") 
[0.399s] -- Using PYTHON_EXECUTABLE: /usr/bin/python3
[0.399s] -- Using Debian Python package layout
[0.399s] -- Using empy: /usr/lib/python3/dist-packages/em.py
[0.499s] -- Using CATKIN_ENABLE_TESTING: ON
[0.499s] -- Call enable_testing()
[0.500s] -- Using CATKIN_TEST_RESULTS_DIR: /home/max/Documents/Hiwi/ROS2_volksbots/build/lms100/test_results
[0.540s] -- Forcing gtest/gmock from source, though one was otherwise available.
[0.540s] -- Found gtest sources under '/usr/src/googletest': gtests will be built
[0.540s] -- Found gmock sources under '/usr/src/googletest': gmock will be built
[0.559s] -- Found PythonInterp: /usr/bin/python3 (found version "3.8.10") 
[0.564s] -- Using Python nosetests: /usr/bin/nosetests3
[0.608s] -- catkin 0.8.10
[0.608s] -- BUILD_SHARED_LIBS is on
[0.740s] -- Using these message generators: gencpp;geneus;genlisp;gennodejs;genpy
[0.939s] -- Configuring done
[0.955s] -- Generating done
[0.958s] -- Build files have been written to: /home/max/Documents/Hiwi/ROS2_volksbots/build/lms100
[0.983s] [ 40%] Built target scanlistener
[0.986s] [100%] Built target sicksensor
[0.989s] Invoked command in '/home/max/Documents/Hiwi/ROS2_volksbots/build/lms100' returned '0': /usr/bin/cmake --build /home/max/Documents/Hiwi/ROS2_volksbots/build/lms100 -- -j8 -l8
[1.013s] Invoking command in '/home/max/Documents/Hiwi/ROS2_volksbots/build/lms100': /usr/bin/cmake --build /home/max/Documents/Hiwi/ROS2_volksbots/build/lms100 --target tests -- -j8 -l8
[1.035s] Built target tests
[1.039s] Invoked command in '/home/max/Documents/Hiwi/ROS2_volksbots/build/lms100' returned '0': /usr/bin/cmake --build /home/max/Documents/Hiwi/ROS2_volksbots/build/lms100 --target tests -- -j8 -l8
[1.067s] Invoking command in '/home/max/Documents/Hiwi/ROS2_volksbots/build/lms100': /usr/bin/cmake --install /home/max/Documents/Hiwi/ROS2_volksbots/build/lms100
[1.069s] -- Install configuration: ""
[1.069s] -- Installing: /home/max/Documents/Hiwi/ROS2_volksbots/install/lms100/lib/pkgconfig/lms100.pc
[1.069s] -- Up-to-date: /home/max/Documents/Hiwi/ROS2_volksbots/install/lms100/share/lms100/cmake/lms100Config.cmake
[1.069s] -- Up-to-date: /home/max/Documents/Hiwi/ROS2_volksbots/install/lms100/share/lms100/cmake/lms100Config-version.cmake
[1.070s] -- Up-to-date: /home/max/Documents/Hiwi/ROS2_volksbots/install/lms100/share/lms100/package.xml
[1.071s] Invoked command in '/home/max/Documents/Hiwi/ROS2_volksbots/build/lms100' returned '0': /usr/bin/cmake --install /home/max/Documents/Hiwi/ROS2_volksbots/build/lms100
