[0.369s] Invoking command in '/home/max/Documents/Hiwi/ROS2_volksbots/build/lms100': /usr/bin/cmake --build /home/max/Documents/Hiwi/ROS2_volksbots/build/lms100 -- -j8 -l8
[0.376s] [0mCMake Deprecation Warning at CMakeLists.txt:1 (cmake_minimum_required):
[0.376s]   Compatibility with CMake < 2.8.12 will be removed from a future version of
[0.377s]   CMake.
[0.377s] 
[0.377s]   Update the VERSION argument <min> value or use a ...<max> suffix to tell
[0.377s]   CMake that the project does not need compatibility with older versions.
[0.377s] 
[0.377s] [0m
[0.377s] [33mCMake Warning (dev) at CMakeLists.txt:2 (project):
[0.377s]   Policy CMP0048 is not set: project() command manages VERSION variables.
[0.377s]   Run "cmake --help-policy CMP0048" for policy details.  Use the cmake_policy
[0.377s]   command to set the policy and suppress this warning.
[0.377s] 
[0.377s]   The following variable(s) would be set to empty:
[0.377s] 
[0.377s]     CMAKE_PROJECT_VERSION
[0.377s]     CMAKE_PROJECT_VERSION_MAJOR
[0.377s]     CMAKE_PROJECT_VERSION_MINOR
[0.377s]     CMAKE_PROJECT_VERSION_PATCH
[0.378s] This warning is for project developers.  Use -Wno-dev to suppress it.
[0.378s] [0m
[0.382s] -- Using CATKIN_DEVEL_PREFIX: /home/max/Documents/Hiwi/ROS2_volksbots/build/lms100/devel
[0.382s] -- Using CMAKE_PREFIX_PATH: /opt/ros/noetic
[0.382s] -- This workspace overlays: /opt/ros/noetic
[0.403s] -- Found PythonInterp: /usr/bin/python3 (found suitable version "3.8.10", minimum required is "3") 
[0.403s] -- Using PYTHON_EXECUTABLE: /usr/bin/python3
[0.403s] -- Using Debian Python package layout
[0.403s] -- Using empy: /usr/lib/python3/dist-packages/em.py
[0.505s] -- Using CATKIN_ENABLE_TESTING: ON
[0.505s] -- Call enable_testing()
[0.506s] -- Using CATKIN_TEST_RESULTS_DIR: /home/max/Documents/Hiwi/ROS2_volksbots/build/lms100/test_results
[0.545s] -- Forcing gtest/gmock from source, though one was otherwise available.
[0.545s] -- Found gtest sources under '/usr/src/googletest': gtests will be built
[0.545s] -- Found gmock sources under '/usr/src/googletest': gmock will be built
[0.565s] -- Found PythonInterp: /usr/bin/python3 (found version "3.8.10") 
[0.569s] -- Using Python nosetests: /usr/bin/nosetests3
[0.613s] -- catkin 0.8.10
[0.613s] -- BUILD_SHARED_LIBS is on
[0.742s] -- Using these message generators: gencpp;geneus;genlisp;gennodejs;genpy
[0.941s] -- Configuring done
[0.956s] -- Generating done
[0.959s] -- Build files have been written to: /home/max/Documents/Hiwi/ROS2_volksbots/build/lms100
[0.983s] [ 40%] Built target scanlistener
[0.987s] [100%] Built target sicksensor
[0.992s] Invoked command in '/home/max/Documents/Hiwi/ROS2_volksbots/build/lms100' returned '0': /usr/bin/cmake --build /home/max/Documents/Hiwi/ROS2_volksbots/build/lms100 -- -j8 -l8
[1.016s] Invoking command in '/home/max/Documents/Hiwi/ROS2_volksbots/build/lms100': /usr/bin/cmake --build /home/max/Documents/Hiwi/ROS2_volksbots/build/lms100 --target tests -- -j8 -l8
[1.038s] Built target tests
[1.042s] Invoked command in '/home/max/Documents/Hiwi/ROS2_volksbots/build/lms100' returned '0': /usr/bin/cmake --build /home/max/Documents/Hiwi/ROS2_volksbots/build/lms100 --target tests -- -j8 -l8
[1.071s] Invoking command in '/home/max/Documents/Hiwi/ROS2_volksbots/build/lms100': /usr/bin/cmake --install /home/max/Documents/Hiwi/ROS2_volksbots/build/lms100
[1.073s] -- Install configuration: ""
[1.073s] -- Installing: /home/max/Documents/Hiwi/ROS2_volksbots/install/lms100/lib/pkgconfig/lms100.pc
[1.073s] -- Up-to-date: /home/max/Documents/Hiwi/ROS2_volksbots/install/lms100/share/lms100/cmake/lms100Config.cmake
[1.073s] -- Up-to-date: /home/max/Documents/Hiwi/ROS2_volksbots/install/lms100/share/lms100/cmake/lms100Config-version.cmake
[1.074s] -- Up-to-date: /home/max/Documents/Hiwi/ROS2_volksbots/install/lms100/share/lms100/package.xml
[1.075s] Invoked command in '/home/max/Documents/Hiwi/ROS2_volksbots/build/lms100' returned '0': /usr/bin/cmake --install /home/max/Documents/Hiwi/ROS2_volksbots/build/lms100
