[0.856s] DEBUG:colcon:Command line arguments: ['/usr/bin/colcon', 'build', '--cmake-args', ' -DROS_VERSION=2', ' -DLDMRS=0', ' -DSCANSEGMENT_XD=0', '--event-handlers', 'console_direct+']
[0.857s] DEBUG:colcon:Parsed command line arguments: Namespace(allow_overriding=[], ament_cmake_args=None, base_paths=['.'], build_base='build', catkin_cmake_args=None, catkin_skip_building_tests=False, cmake_args=['-DROS_VERSION=2', '-DLDMRS=0', '-DSCANSEGMENT_XD=0'], cmake_clean_cache=False, cmake_clean_first=False, cmake_force_configure=False, cmake_target=None, cmake_target_skip_unavailable=False, continue_on_error=False, event_handlers=['console_direct+'], executor='parallel', ignore_user_meta=False, install_base='install', log_base=None, log_level=None, main=<bound method BuildVerb.main of <colcon_core.verb.build.BuildVerb object at 0x7f3c77c31520>>, merge_install=False, metas=['./colcon.meta'], mixin=None, mixin_files=None, mixin_verb=('build',), packages_above=None, packages_above_and_dependencies=None, packages_above_depth=None, packages_end=None, packages_ignore=None, packages_ignore_regex=None, packages_select=None, packages_select_build_failed=False, packages_select_by_dep=None, packages_select_regex=None, packages_select_test_failures=False, packages_skip=None, packages_skip_build_finished=False, packages_skip_by_dep=None, packages_skip_regex=None, packages_skip_test_passed=False, packages_skip_up_to=None, packages_start=None, packages_up_to=None, packages_up_to_regex=None, parallel_workers=12, paths=None, symlink_install=False, test_result_base=None, verb_extension=<colcon_core.verb.build.BuildVerb object at 0x7f3c77c31520>, verb_name='build', verb_parser=<colcon_mixin.mixin.mixin_argument.MixinArgumentDecorator object at 0x7f3c77c31d00>)
[1.486s] Level 1:colcon.colcon_core.package_discovery:discover_packages(colcon_meta) check parameters
[1.486s] Level 1:colcon.colcon_core.package_discovery:discover_packages(recursive) check parameters
[1.486s] Level 1:colcon.colcon_core.package_discovery:discover_packages(ignore) check parameters
[1.486s] Level 1:colcon.colcon_core.package_discovery:discover_packages(path) check parameters
[1.486s] Level 1:colcon.colcon_core.package_discovery:discover_packages(colcon_meta) discover
[1.486s] Level 1:colcon.colcon_core.package_discovery:discover_packages(recursive) discover
[1.486s] INFO:colcon.colcon_core.package_discovery:Crawling recursively for packages in '/home/nls/SHK_Arbeit/volksbot'
[1.487s] Level 1:colcon.colcon_core.package_identification:_identify(.) by extensions ['ignore', 'ignore_ament_install']
[1.487s] Level 1:colcon.colcon_core.package_identification:_identify(.) by extension 'ignore'
[1.487s] Level 1:colcon.colcon_core.package_identification:_identify(.) by extension 'ignore_ament_install'
[1.487s] Level 1:colcon.colcon_core.package_identification:_identify(.) by extensions ['colcon_pkg']
[1.487s] Level 1:colcon.colcon_core.package_identification:_identify(.) by extension 'colcon_pkg'
[1.487s] Level 1:colcon.colcon_core.package_identification:_identify(.) by extensions ['colcon_meta']
[1.488s] Level 1:colcon.colcon_core.package_identification:_identify(.) by extension 'colcon_meta'
[1.488s] Level 1:colcon.colcon_core.package_identification:_identify(.) by extensions ['ros']
[1.488s] Level 1:colcon.colcon_core.package_identification:_identify(.) by extension 'ros'
[1.558s] Level 1:colcon.colcon_core.package_identification:_identify(.) by extensions ['cmake', 'python']
[1.558s] Level 1:colcon.colcon_core.package_identification:_identify(.) by extension 'cmake'
[1.558s] Level 1:colcon.colcon_core.package_identification:_identify(.) by extension 'python'
[1.558s] Level 1:colcon.colcon_core.package_identification:_identify(.) by extensions ['python_setup_py']
[1.559s] Level 1:colcon.colcon_core.package_identification:_identify(.) by extension 'python_setup_py'
[1.559s] Level 1:colcon.colcon_core.package_identification:_identify(build) by extensions ['ignore', 'ignore_ament_install']
[1.559s] Level 1:colcon.colcon_core.package_identification:_identify(build) by extension 'ignore'
[1.559s] Level 1:colcon.colcon_core.package_identification:_identify(build) ignored
[1.560s] Level 1:colcon.colcon_core.package_identification:_identify(install) by extensions ['ignore', 'ignore_ament_install']
[1.560s] Level 1:colcon.colcon_core.package_identification:_identify(install) by extension 'ignore'
[1.560s] Level 1:colcon.colcon_core.package_identification:_identify(install) ignored
[1.560s] Level 1:colcon.colcon_core.package_identification:_identify(log) by extensions ['ignore', 'ignore_ament_install']
[1.560s] Level 1:colcon.colcon_core.package_identification:_identify(log) by extension 'ignore'
[1.560s] Level 1:colcon.colcon_core.package_identification:_identify(log) ignored
[1.561s] Level 1:colcon.colcon_core.package_identification:_identify(src) by extensions ['ignore', 'ignore_ament_install']
[1.561s] Level 1:colcon.colcon_core.package_identification:_identify(src) by extension 'ignore'
[1.561s] Level 1:colcon.colcon_core.package_identification:_identify(src) by extension 'ignore_ament_install'
[1.561s] Level 1:colcon.colcon_core.package_identification:_identify(src) by extensions ['colcon_pkg']
[1.561s] Level 1:colcon.colcon_core.package_identification:_identify(src) by extension 'colcon_pkg'
[1.561s] Level 1:colcon.colcon_core.package_identification:_identify(src) by extensions ['colcon_meta']
[1.561s] Level 1:colcon.colcon_core.package_identification:_identify(src) by extension 'colcon_meta'
[1.561s] Level 1:colcon.colcon_core.package_identification:_identify(src) by extensions ['ros']
[1.561s] Level 1:colcon.colcon_core.package_identification:_identify(src) by extension 'ros'
[1.562s] Level 1:colcon.colcon_core.package_identification:_identify(src) by extensions ['cmake', 'python']
[1.562s] Level 1:colcon.colcon_core.package_identification:_identify(src) by extension 'cmake'
[1.733s] WARNING:colcon.colcon_cmake.package_identification.cmake:Ignoring 'src/CMakeLists.txt' since it seems to be a toplevel CMake file generated by 'catkin_make'
[1.733s] Level 1:colcon.colcon_core.package_identification:_identify(src) by extension 'python'
[1.733s] Level 1:colcon.colcon_core.package_identification:_identify(src) by extensions ['python_setup_py']
[1.734s] Level 1:colcon.colcon_core.package_identification:_identify(src) by extension 'python_setup_py'
[1.734s] Level 1:colcon.colcon_core.package_identification:_identify(src/lms100) by extensions ['ignore', 'ignore_ament_install']
[1.734s] Level 1:colcon.colcon_core.package_identification:_identify(src/lms100) by extension 'ignore'
[1.734s] Level 1:colcon.colcon_core.package_identification:_identify(src/lms100) ignored
[1.734s] Level 1:colcon.colcon_core.package_identification:_identify(src/roscompile) by extensions ['ignore', 'ignore_ament_install']
[1.735s] Level 1:colcon.colcon_core.package_identification:_identify(src/roscompile) by extension 'ignore'
[1.735s] Level 1:colcon.colcon_core.package_identification:_identify(src/roscompile) by extension 'ignore_ament_install'
[1.735s] Level 1:colcon.colcon_core.package_identification:_identify(src/roscompile) by extensions ['colcon_pkg']
[1.735s] Level 1:colcon.colcon_core.package_identification:_identify(src/roscompile) by extension 'colcon_pkg'
[1.735s] Level 1:colcon.colcon_core.package_identification:_identify(src/roscompile) by extensions ['colcon_meta']
[1.735s] Level 1:colcon.colcon_core.package_identification:_identify(src/roscompile) by extension 'colcon_meta'
[1.735s] Level 1:colcon.colcon_core.package_identification:_identify(src/roscompile) by extensions ['ros']
[1.735s] Level 1:colcon.colcon_core.package_identification:_identify(src/roscompile) by extension 'ros'
[1.735s] Level 1:colcon.colcon_core.package_identification:_identify(src/roscompile) by extensions ['cmake', 'python']
[1.736s] Level 1:colcon.colcon_core.package_identification:_identify(src/roscompile) by extension 'cmake'
[1.736s] Level 1:colcon.colcon_core.package_identification:_identify(src/roscompile) by extension 'python'
[1.736s] Level 1:colcon.colcon_core.package_identification:_identify(src/roscompile) by extensions ['python_setup_py']
[1.736s] Level 1:colcon.colcon_core.package_identification:_identify(src/roscompile) by extension 'python_setup_py'
[1.736s] Level 1:colcon.colcon_core.package_identification:_identify(src/sick_scan_xd) by extensions ['ignore', 'ignore_ament_install']
[1.736s] Level 1:colcon.colcon_core.package_identification:_identify(src/sick_scan_xd) by extension 'ignore'
[1.736s] Level 1:colcon.colcon_core.package_identification:_identify(src/sick_scan_xd) by extension 'ignore_ament_install'
[1.736s] Level 1:colcon.colcon_core.package_identification:_identify(src/sick_scan_xd) by extensions ['colcon_pkg']
[1.736s] Level 1:colcon.colcon_core.package_identification:_identify(src/sick_scan_xd) by extension 'colcon_pkg'
[1.737s] Level 1:colcon.colcon_core.package_identification:_identify(src/sick_scan_xd) by extensions ['colcon_meta']
[1.737s] Level 1:colcon.colcon_core.package_identification:_identify(src/sick_scan_xd) by extension 'colcon_meta'
[1.737s] Level 1:colcon.colcon_core.package_identification:_identify(src/sick_scan_xd) by extensions ['ros']
[1.737s] Level 1:colcon.colcon_core.package_identification:_identify(src/sick_scan_xd) by extension 'ros'
[1.737s] Level 1:colcon.colcon_core.package_identification:_identify(src/sick_scan_xd) by extensions ['cmake', 'python']
[1.737s] Level 1:colcon.colcon_core.package_identification:_identify(src/sick_scan_xd) by extension 'cmake'
[1.737s] Level 1:colcon.colcon_core.package_identification:_identify(src/sick_scan_xd) by extension 'python'
[1.737s] Level 1:colcon.colcon_core.package_identification:_identify(src/sick_scan_xd) by extensions ['python_setup_py']
[1.737s] Level 1:colcon.colcon_core.package_identification:_identify(src/sick_scan_xd) by extension 'python_setup_py'
[1.738s] Level 1:colcon.colcon_core.package_identification:_identify(src/sick_scan_xd/build) by extensions ['ignore', 'ignore_ament_install']
[1.738s] Level 1:colcon.colcon_core.package_identification:_identify(src/sick_scan_xd/build) by extension 'ignore'
[1.738s] Level 1:colcon.colcon_core.package_identification:_identify(src/sick_scan_xd/build) ignored
[1.738s] Level 1:colcon.colcon_core.package_identification:_identify(src/sick_scan_xd/install) by extensions ['ignore', 'ignore_ament_install']
[1.738s] Level 1:colcon.colcon_core.package_identification:_identify(src/sick_scan_xd/install) by extension 'ignore'
[1.738s] Level 1:colcon.colcon_core.package_identification:_identify(src/sick_scan_xd/install) ignored
[1.739s] Level 1:colcon.colcon_core.package_identification:_identify(src/sick_scan_xd/log) by extensions ['ignore', 'ignore_ament_install']
[1.739s] Level 1:colcon.colcon_core.package_identification:_identify(src/sick_scan_xd/log) by extension 'ignore'
[1.739s] Level 1:colcon.colcon_core.package_identification:_identify(src/sick_scan_xd/log) ignored
[1.739s] Level 1:colcon.colcon_core.package_identification:_identify(src/sick_scan_xd/src) by extensions ['ignore', 'ignore_ament_install']
[1.739s] Level 1:colcon.colcon_core.package_identification:_identify(src/sick_scan_xd/src) by extension 'ignore'
[1.739s] Level 1:colcon.colcon_core.package_identification:_identify(src/sick_scan_xd/src) by extension 'ignore_ament_install'
[1.739s] Level 1:colcon.colcon_core.package_identification:_identify(src/sick_scan_xd/src) by extensions ['colcon_pkg']
[1.739s] Level 1:colcon.colcon_core.package_identification:_identify(src/sick_scan_xd/src) by extension 'colcon_pkg'
[1.740s] Level 1:colcon.colcon_core.package_identification:_identify(src/sick_scan_xd/src) by extensions ['colcon_meta']
[1.740s] Level 1:colcon.colcon_core.package_identification:_identify(src/sick_scan_xd/src) by extension 'colcon_meta'
[1.740s] Level 1:colcon.colcon_core.package_identification:_identify(src/sick_scan_xd/src) by extensions ['ros']
[1.740s] Level 1:colcon.colcon_core.package_identification:_identify(src/sick_scan_xd/src) by extension 'ros'
[1.740s] Level 1:colcon.colcon_core.package_identification:_identify(src/sick_scan_xd/src) by extensions ['cmake', 'python']
[1.740s] Level 1:colcon.colcon_core.package_identification:_identify(src/sick_scan_xd/src) by extension 'cmake'
[1.740s] Level 1:colcon.colcon_core.package_identification:_identify(src/sick_scan_xd/src) by extension 'python'
[1.740s] Level 1:colcon.colcon_core.package_identification:_identify(src/sick_scan_xd/src) by extensions ['python_setup_py']
[1.740s] Level 1:colcon.colcon_core.package_identification:_identify(src/sick_scan_xd/src) by extension 'python_setup_py'
[1.741s] Level 1:colcon.colcon_core.package_identification:_identify(src/sick_scan_xd/src/libsick_ldmrs) by extensions ['ignore', 'ignore_ament_install']
[1.741s] Level 1:colcon.colcon_core.package_identification:_identify(src/sick_scan_xd/src/libsick_ldmrs) by extension 'ignore'
[1.741s] Level 1:colcon.colcon_core.package_identification:_identify(src/sick_scan_xd/src/libsick_ldmrs) by extension 'ignore_ament_install'
[1.741s] Level 1:colcon.colcon_core.package_identification:_identify(src/sick_scan_xd/src/libsick_ldmrs) by extensions ['colcon_pkg']
[1.741s] Level 1:colcon.colcon_core.package_identification:_identify(src/sick_scan_xd/src/libsick_ldmrs) by extension 'colcon_pkg'
[1.741s] Level 1:colcon.colcon_core.package_identification:_identify(src/sick_scan_xd/src/libsick_ldmrs) by extensions ['colcon_meta']
[1.741s] Level 1:colcon.colcon_core.package_identification:_identify(src/sick_scan_xd/src/libsick_ldmrs) by extension 'colcon_meta'
[1.741s] Level 1:colcon.colcon_core.package_identification:_identify(src/sick_scan_xd/src/libsick_ldmrs) by extensions ['ros']
[1.741s] Level 1:colcon.colcon_core.package_identification:_identify(src/sick_scan_xd/src/libsick_ldmrs) by extension 'ros'
[1.747s] DEBUG:colcon.colcon_core.package_identification:Package 'src/sick_scan_xd/src/libsick_ldmrs' with type 'ros.cmake' and name 'libsick_ldmrs'
[1.748s] Level 1:colcon.colcon_core.package_identification:_identify(src/sick_scan_xd/src/sick_scan_xd) by extensions ['ignore', 'ignore_ament_install']
[1.748s] Level 1:colcon.colcon_core.package_identification:_identify(src/sick_scan_xd/src/sick_scan_xd) by extension 'ignore'
[1.748s] Level 1:colcon.colcon_core.package_identification:_identify(src/sick_scan_xd/src/sick_scan_xd) by extension 'ignore_ament_install'
[1.748s] Level 1:colcon.colcon_core.package_identification:_identify(src/sick_scan_xd/src/sick_scan_xd) by extensions ['colcon_pkg']
[1.748s] Level 1:colcon.colcon_core.package_identification:_identify(src/sick_scan_xd/src/sick_scan_xd) by extension 'colcon_pkg'
[1.748s] Level 1:colcon.colcon_core.package_identification:_identify(src/sick_scan_xd/src/sick_scan_xd) by extensions ['colcon_meta']
[1.748s] Level 1:colcon.colcon_core.package_identification:_identify(src/sick_scan_xd/src/sick_scan_xd) by extension 'colcon_meta'
[1.748s] Level 1:colcon.colcon_core.package_identification:_identify(src/sick_scan_xd/src/sick_scan_xd) by extensions ['ros']
[1.749s] Level 1:colcon.colcon_core.package_identification:_identify(src/sick_scan_xd/src/sick_scan_xd) by extension 'ros'
[1.771s] DEBUG:colcon.colcon_core.package_identification:Package 'src/sick_scan_xd/src/sick_scan_xd' with type 'ros.ament_cmake' and name 'sick_scan_xd'
[1.771s] Level 1:colcon.colcon_core.package_identification:_identify(src/volksbot) by extensions ['ignore', 'ignore_ament_install']
[1.771s] Level 1:colcon.colcon_core.package_identification:_identify(src/volksbot) by extension 'ignore'
[1.772s] Level 1:colcon.colcon_core.package_identification:_identify(src/volksbot) ignored
[1.772s] Level 1:colcon.colcon_core.package_discovery:discover_packages(recursive) using defaults
[1.772s] Level 1:colcon.colcon_core.package_discovery:discover_packages(ignore) discover
[1.772s] Level 1:colcon.colcon_core.package_discovery:discover_packages(ignore) using defaults
[1.772s] Level 1:colcon.colcon_core.package_discovery:discover_packages(path) discover
[1.772s] Level 1:colcon.colcon_core.package_discovery:discover_packages(path) using defaults
[1.862s] Level 1:colcon.colcon_core.package_discovery:discover_packages(prefix_path) check parameters
[1.862s] Level 1:colcon.colcon_core.package_discovery:discover_packages(prefix_path) discover
[1.895s] DEBUG:colcon.colcon_installed_package_information.package_discovery:Found 1 installed packages in /home/nls/SHK_Arbeit/volksbot/install
[1.918s] DEBUG:colcon.colcon_installed_package_information.package_discovery:Found 345 installed packages in /home/nls/ros2_humble/install
[1.922s] Level 1:colcon.colcon_core.package_discovery:discover_packages(prefix_path) using defaults
[1.991s] Level 5:colcon.colcon_core.verb:set package 'libsick_ldmrs' build argument 'cmake_args' from command line to '['-DROS_VERSION=2', '-DLDMRS=0', '-DSCANSEGMENT_XD=0']'
[1.991s] Level 5:colcon.colcon_core.verb:set package 'libsick_ldmrs' build argument 'cmake_target' from command line to 'None'
[1.991s] Level 5:colcon.colcon_core.verb:set package 'libsick_ldmrs' build argument 'cmake_target_skip_unavailable' from command line to 'False'
[1.991s] Level 5:colcon.colcon_core.verb:set package 'libsick_ldmrs' build argument 'cmake_clean_cache' from command line to 'False'
[1.991s] Level 5:colcon.colcon_core.verb:set package 'libsick_ldmrs' build argument 'cmake_clean_first' from command line to 'False'
[1.991s] Level 5:colcon.colcon_core.verb:set package 'libsick_ldmrs' build argument 'cmake_force_configure' from command line to 'False'
[1.991s] Level 5:colcon.colcon_core.verb:set package 'libsick_ldmrs' build argument 'ament_cmake_args' from command line to 'None'
[1.991s] Level 5:colcon.colcon_core.verb:set package 'libsick_ldmrs' build argument 'catkin_cmake_args' from command line to 'None'
[1.991s] Level 5:colcon.colcon_core.verb:set package 'libsick_ldmrs' build argument 'catkin_skip_building_tests' from command line to 'False'
[1.992s] DEBUG:colcon.colcon_core.verb:Building package 'libsick_ldmrs' with the following arguments: {'ament_cmake_args': None, 'build_base': '/home/nls/SHK_Arbeit/volksbot/build/libsick_ldmrs', 'catkin_cmake_args': None, 'catkin_skip_building_tests': False, 'cmake_args': ['-DROS_VERSION=2', '-DLDMRS=0', '-DSCANSEGMENT_XD=0'], 'cmake_clean_cache': False, 'cmake_clean_first': False, 'cmake_force_configure': False, 'cmake_target': None, 'cmake_target_skip_unavailable': False, 'install_base': '/home/nls/SHK_Arbeit/volksbot/install/libsick_ldmrs', 'merge_install': False, 'path': '/home/nls/SHK_Arbeit/volksbot/src/sick_scan_xd/src/libsick_ldmrs', 'symlink_install': False, 'test_result_base': None}
[1.992s] Level 5:colcon.colcon_core.verb:set package 'sick_scan_xd' build argument 'cmake_args' from command line to '['-DROS_VERSION=2', '-DLDMRS=0', '-DSCANSEGMENT_XD=0']'
[1.992s] Level 5:colcon.colcon_core.verb:set package 'sick_scan_xd' build argument 'cmake_target' from command line to 'None'
[1.992s] Level 5:colcon.colcon_core.verb:set package 'sick_scan_xd' build argument 'cmake_target_skip_unavailable' from command line to 'False'
[1.993s] Level 5:colcon.colcon_core.verb:set package 'sick_scan_xd' build argument 'cmake_clean_cache' from command line to 'False'
[1.993s] Level 5:colcon.colcon_core.verb:set package 'sick_scan_xd' build argument 'cmake_clean_first' from command line to 'False'
[1.993s] Level 5:colcon.colcon_core.verb:set package 'sick_scan_xd' build argument 'cmake_force_configure' from command line to 'False'
[1.993s] Level 5:colcon.colcon_core.verb:set package 'sick_scan_xd' build argument 'ament_cmake_args' from command line to 'None'
[1.993s] Level 5:colcon.colcon_core.verb:set package 'sick_scan_xd' build argument 'catkin_cmake_args' from command line to 'None'
[1.993s] Level 5:colcon.colcon_core.verb:set package 'sick_scan_xd' build argument 'catkin_skip_building_tests' from command line to 'False'
[1.993s] DEBUG:colcon.colcon_core.verb:Building package 'sick_scan_xd' with the following arguments: {'ament_cmake_args': None, 'build_base': '/home/nls/SHK_Arbeit/volksbot/build/sick_scan_xd', 'catkin_cmake_args': None, 'catkin_skip_building_tests': False, 'cmake_args': ['-DROS_VERSION=2', '-DLDMRS=0', '-DSCANSEGMENT_XD=0'], 'cmake_clean_cache': False, 'cmake_clean_first': False, 'cmake_force_configure': False, 'cmake_target': None, 'cmake_target_skip_unavailable': False, 'install_base': '/home/nls/SHK_Arbeit/volksbot/install/sick_scan_xd', 'merge_install': False, 'path': '/home/nls/SHK_Arbeit/volksbot/src/sick_scan_xd/src/sick_scan_xd', 'symlink_install': False, 'test_result_base': None}
[1.993s] INFO:colcon.colcon_core.executor:Executing jobs using 'parallel' executor
[1.995s] DEBUG:colcon.colcon_parallel_executor.executor.parallel:run_until_complete
[1.996s] INFO:colcon.colcon_ros.task.cmake.build:Building ROS package in '/home/nls/SHK_Arbeit/volksbot/src/sick_scan_xd/src/libsick_ldmrs' with build type 'cmake'
[1.996s] INFO:colcon.colcon_cmake.task.cmake.build:Building CMake package in '/home/nls/SHK_Arbeit/volksbot/src/sick_scan_xd/src/libsick_ldmrs'
[2.010s] INFO:colcon.colcon_core.plugin_system:Skipping extension 'colcon_core.shell.bat': Not used on non-Windows systems
[2.011s] INFO:colcon.colcon_core.shell:Skip shell extension 'powershell' for command environment: Not usable outside of PowerShell
[2.011s] DEBUG:colcon.colcon_core.shell:Skip shell extension 'dsv' for command environment
[2.076s] INFO:colcon.colcon_ros.task.ament_cmake.build:Building ROS package in '/home/nls/SHK_Arbeit/volksbot/src/sick_scan_xd/src/sick_scan_xd' with build type 'ament_cmake'
[2.077s] INFO:colcon.colcon_cmake.task.cmake.build:Building CMake package in '/home/nls/SHK_Arbeit/volksbot/src/sick_scan_xd/src/sick_scan_xd'
[2.078s] INFO:colcon.colcon_core.shell:Skip shell extension 'powershell' for command environment: Not usable outside of PowerShell
[2.078s] DEBUG:colcon.colcon_core.shell:Skip shell extension 'dsv' for command environment
[2.179s] DEBUG:colcon.colcon_core.event_handler.log_command:Invoking command in '/home/nls/SHK_Arbeit/volksbot/build/libsick_ldmrs': CMAKE_PREFIX_PATH=${CMAKE_PREFIX_PATH}:/home/nls/ros2_humble/install/rqt_bag_plugins:/home/nls/ros2_humble/install/rqt_bag:/home/nls/ros2_humble/install/ros2bag:/home/nls/ros2_humble/install/tracetools_test:/home/nls/ros2_humble/install/tracetools_launch:/home/nls/ros2_humble/install/topic_monitor:/home/nls/ros2_humble/install/tf2_tools:/home/nls/ros2_humble/install/examples_tf2_py:/home/nls/ros2_humble/install/tf2_ros_py:/home/nls/ros2_humble/install/sros2:/home/nls/ros2_humble/install/rqt_topic:/home/nls/ros2_humble/install/rqt_srv:/home/nls/ros2_humble/install/rqt_shell:/home/nls/ros2_humble/install/rqt_service_caller:/home/nls/ros2_humble/install/rqt_reconfigure:/home/nls/ros2_humble/install/rqt_py_console:/home/nls/ros2_humble/install/rqt_publisher:/home/nls/ros2_humble/install/rqt_plot:/home/nls/ros2_humble/install/rqt_action:/home/nls/ros2_humble/install/rqt_msg:/home/nls/ros2_humble/install/rqt_console:/home/nls/ros2_humble/install/rqt:/home/nls/ros2_humble/install/rqt_graph:/home/nls/ros2_humble/install/rqt_gui_py:/home/nls/ros2_humble/install/rqt_gui:/home/nls/ros2_humble/install/ros2trace:/home/nls/ros2_humble/install/ros2topic:/home/nls/ros2_humble/install/ros2test:/home/nls/ros2_humble/install/ros2component:/home/nls/ros2_humble/install/ros2param:/home/nls/ros2_humble/install/ros2lifecycle:/home/nls/ros2_humble/install/ros2service:/home/nls/ros2_humble/install/ros2run:/home/nls/ros2_humble/install/ros2launch:/home/nls/ros2_humble/install/ros2pkg:/home/nls/ros2_humble/install/ros2node:/home/nls/ros2_humble/install/ros2multicast:/home/nls/ros2_humble/install/ros2interface:/home/nls/ros2_humble/install/ros2doctor:/home/nls/ros2_humble/install/ros2action:/home/nls/ros2_humble/install/ros2cli:/home/nls/ros2_humble/install/quality_of_service_demo_py:/home/nls/ros2_humble/install/lifecycle_py:/home/nls/ros2_humble/install/launch_testing_ros:/home/nls/ros2_humble/install/launch_ros:/home/nls/ros2_humble/install/examples_rclpy_pointcloud_publisher:/home/nls/ros2_humble/install/examples_rclpy_minimal_subscriber:/home/nls/ros2_humble/install/examples_rclpy_minimal_service:/home/nls/ros2_humble/install/examples_rclpy_minimal_publisher:/home/nls/ros2_humble/install/examples_rclpy_minimal_client:/home/nls/ros2_humble/install/examples_rclpy_minimal_action_server:/home/nls/ros2_humble/install/examples_rclpy_minimal_action_client:/home/nls/ros2_humble/install/examples_rclpy_guard_conditions:/home/nls/ros2_humble/install/examples_rclpy_executors:/home/nls/ros2_humble/install/demo_nodes_py:/home/nls/ros2_humble/install/action_tutorials_py:/home/nls/ros2_humble/install/ament_uncrustify:/home/nls/ros2_humble/install/tracetools_trace:/home/nls/ros2_humble/install/tracetools_read:/home/nls/ros2_humble/install/test_tracetools_launch:/home/nls/ros2_humble/install/test_launch_ros:/home/nls/ros2_humble/install/sensor_msgs_py:/home/nls/ros2_humble/install/rpyutils:/home/nls/ros2_humble/install/rosidl_runtime_py:/home/nls/ros2_humble/install/rosidl_cli:/home/nls/ros2_humble/install/launch_pytest:/home/nls/ros2_humble/install/launch_testing:/home/nls/ros2_humble/install/launch_yaml:/home/nls/ros2_humble/install/launch_xml:/home/nls/ros2_humble/install/launch:/home/nls/ros2_humble/install/osrf_pycommon:/home/nls/ros2_humble/install/launch_testing_examples:/home/nls/ros2_humble/install/domain_coordinator:/home/nls/ros2_humble/install/ament_xmllint:/home/nls/ros2_humble/install/ament_pyflakes:/home/nls/ros2_humble/install/ament_pycodestyle:/home/nls/ros2_humble/install/ament_pep257:/home/nls/ros2_humble/install/ament_pclint:/home/nls/ros2_humble/install/ament_package:/home/nls/ros2_humble/install/ament_mypy:/home/nls/ros2_humble/install/ament_lint_cmake:/home/nls/ros2_humble/install/ament_flake8:/home/nls/ros2_humble/install/ament_copyright:/home/nls/ros2_humble/install/ament_lint:/home/nls/ros2_humble/install/ament_index_python:/home/nls/ros2_humble/install/ament_cpplint:/home/nls/ros2_humble/install/ament_cppcheck:/home/nls/ros2_humble/install/ament_clang_tidy:/home/nls/ros2_humble/install/ament_clang_format /usr/local/bin/cmake --build /home/nls/SHK_Arbeit/volksbot/build/libsick_ldmrs -- -j12 -l12
[2.204s] DEBUG:colcon.colcon_core.event_handler.log_command:Invoking command in '/home/nls/SHK_Arbeit/volksbot/build/sick_scan_xd': CMAKE_PREFIX_PATH=${CMAKE_PREFIX_PATH}:/home/nls/ros2_humble/install/rqt_bag_plugins:/home/nls/ros2_humble/install/rqt_bag:/home/nls/ros2_humble/install/ros2bag:/home/nls/ros2_humble/install/tracetools_test:/home/nls/ros2_humble/install/tracetools_launch:/home/nls/ros2_humble/install/topic_monitor:/home/nls/ros2_humble/install/tf2_tools:/home/nls/ros2_humble/install/examples_tf2_py:/home/nls/ros2_humble/install/tf2_ros_py:/home/nls/ros2_humble/install/sros2:/home/nls/ros2_humble/install/rqt_topic:/home/nls/ros2_humble/install/rqt_srv:/home/nls/ros2_humble/install/rqt_shell:/home/nls/ros2_humble/install/rqt_service_caller:/home/nls/ros2_humble/install/rqt_reconfigure:/home/nls/ros2_humble/install/rqt_py_console:/home/nls/ros2_humble/install/rqt_publisher:/home/nls/ros2_humble/install/rqt_plot:/home/nls/ros2_humble/install/rqt_action:/home/nls/ros2_humble/install/rqt_msg:/home/nls/ros2_humble/install/rqt_console:/home/nls/ros2_humble/install/rqt:/home/nls/ros2_humble/install/rqt_graph:/home/nls/ros2_humble/install/rqt_gui_py:/home/nls/ros2_humble/install/rqt_gui:/home/nls/ros2_humble/install/ros2trace:/home/nls/ros2_humble/install/ros2topic:/home/nls/ros2_humble/install/ros2test:/home/nls/ros2_humble/install/ros2component:/home/nls/ros2_humble/install/ros2param:/home/nls/ros2_humble/install/ros2lifecycle:/home/nls/ros2_humble/install/ros2service:/home/nls/ros2_humble/install/ros2run:/home/nls/ros2_humble/install/ros2launch:/home/nls/ros2_humble/install/ros2pkg:/home/nls/ros2_humble/install/ros2node:/home/nls/ros2_humble/install/ros2multicast:/home/nls/ros2_humble/install/ros2interface:/home/nls/ros2_humble/install/ros2doctor:/home/nls/ros2_humble/install/ros2action:/home/nls/ros2_humble/install/ros2cli:/home/nls/ros2_humble/install/quality_of_service_demo_py:/home/nls/ros2_humble/install/lifecycle_py:/home/nls/ros2_humble/install/launch_testing_ros:/home/nls/ros2_humble/install/launch_ros:/home/nls/ros2_humble/install/examples_rclpy_pointcloud_publisher:/home/nls/ros2_humble/install/examples_rclpy_minimal_subscriber:/home/nls/ros2_humble/install/examples_rclpy_minimal_service:/home/nls/ros2_humble/install/examples_rclpy_minimal_publisher:/home/nls/ros2_humble/install/examples_rclpy_minimal_client:/home/nls/ros2_humble/install/examples_rclpy_minimal_action_server:/home/nls/ros2_humble/install/examples_rclpy_minimal_action_client:/home/nls/ros2_humble/install/examples_rclpy_guard_conditions:/home/nls/ros2_humble/install/examples_rclpy_executors:/home/nls/ros2_humble/install/demo_nodes_py:/home/nls/ros2_humble/install/action_tutorials_py:/home/nls/ros2_humble/install/ament_uncrustify:/home/nls/ros2_humble/install/tracetools_trace:/home/nls/ros2_humble/install/tracetools_read:/home/nls/ros2_humble/install/test_tracetools_launch:/home/nls/ros2_humble/install/test_launch_ros:/home/nls/ros2_humble/install/sensor_msgs_py:/home/nls/ros2_humble/install/rpyutils:/home/nls/ros2_humble/install/rosidl_runtime_py:/home/nls/ros2_humble/install/rosidl_cli:/home/nls/ros2_humble/install/launch_pytest:/home/nls/ros2_humble/install/launch_testing:/home/nls/ros2_humble/install/launch_yaml:/home/nls/ros2_humble/install/launch_xml:/home/nls/ros2_humble/install/launch:/home/nls/ros2_humble/install/osrf_pycommon:/home/nls/ros2_humble/install/launch_testing_examples:/home/nls/ros2_humble/install/domain_coordinator:/home/nls/ros2_humble/install/ament_xmllint:/home/nls/ros2_humble/install/ament_pyflakes:/home/nls/ros2_humble/install/ament_pycodestyle:/home/nls/ros2_humble/install/ament_pep257:/home/nls/ros2_humble/install/ament_pclint:/home/nls/ros2_humble/install/ament_package:/home/nls/ros2_humble/install/ament_mypy:/home/nls/ros2_humble/install/ament_lint_cmake:/home/nls/ros2_humble/install/ament_flake8:/home/nls/ros2_humble/install/ament_copyright:/home/nls/ros2_humble/install/ament_lint:/home/nls/ros2_humble/install/ament_index_python:/home/nls/ros2_humble/install/ament_cpplint:/home/nls/ros2_humble/install/ament_cppcheck:/home/nls/ros2_humble/install/ament_clang_tidy:/home/nls/ros2_humble/install/ament_clang_format /usr/local/bin/cmake --build /home/nls/SHK_Arbeit/volksbot/build/sick_scan_xd -- -j12 -l12
[2.591s] DEBUG:colcon.colcon_core.event_handler.log_command:Invoked command in '/home/nls/SHK_Arbeit/volksbot/build/libsick_ldmrs' returned '0': CMAKE_PREFIX_PATH=${CMAKE_PREFIX_PATH}:/home/nls/ros2_humble/install/rqt_bag_plugins:/home/nls/ros2_humble/install/rqt_bag:/home/nls/ros2_humble/install/ros2bag:/home/nls/ros2_humble/install/tracetools_test:/home/nls/ros2_humble/install/tracetools_launch:/home/nls/ros2_humble/install/topic_monitor:/home/nls/ros2_humble/install/tf2_tools:/home/nls/ros2_humble/install/examples_tf2_py:/home/nls/ros2_humble/install/tf2_ros_py:/home/nls/ros2_humble/install/sros2:/home/nls/ros2_humble/install/rqt_topic:/home/nls/ros2_humble/install/rqt_srv:/home/nls/ros2_humble/install/rqt_shell:/home/nls/ros2_humble/install/rqt_service_caller:/home/nls/ros2_humble/install/rqt_reconfigure:/home/nls/ros2_humble/install/rqt_py_console:/home/nls/ros2_humble/install/rqt_publisher:/home/nls/ros2_humble/install/rqt_plot:/home/nls/ros2_humble/install/rqt_action:/home/nls/ros2_humble/install/rqt_msg:/home/nls/ros2_humble/install/rqt_console:/home/nls/ros2_humble/install/rqt:/home/nls/ros2_humble/install/rqt_graph:/home/nls/ros2_humble/install/rqt_gui_py:/home/nls/ros2_humble/install/rqt_gui:/home/nls/ros2_humble/install/ros2trace:/home/nls/ros2_humble/install/ros2topic:/home/nls/ros2_humble/install/ros2test:/home/nls/ros2_humble/install/ros2component:/home/nls/ros2_humble/install/ros2param:/home/nls/ros2_humble/install/ros2lifecycle:/home/nls/ros2_humble/install/ros2service:/home/nls/ros2_humble/install/ros2run:/home/nls/ros2_humble/install/ros2launch:/home/nls/ros2_humble/install/ros2pkg:/home/nls/ros2_humble/install/ros2node:/home/nls/ros2_humble/install/ros2multicast:/home/nls/ros2_humble/install/ros2interface:/home/nls/ros2_humble/install/ros2doctor:/home/nls/ros2_humble/install/ros2action:/home/nls/ros2_humble/install/ros2cli:/home/nls/ros2_humble/install/quality_of_service_demo_py:/home/nls/ros2_humble/install/lifecycle_py:/home/nls/ros2_humble/install/launch_testing_ros:/home/nls/ros2_humble/install/launch_ros:/home/nls/ros2_humble/install/examples_rclpy_pointcloud_publisher:/home/nls/ros2_humble/install/examples_rclpy_minimal_subscriber:/home/nls/ros2_humble/install/examples_rclpy_minimal_service:/home/nls/ros2_humble/install/examples_rclpy_minimal_publisher:/home/nls/ros2_humble/install/examples_rclpy_minimal_client:/home/nls/ros2_humble/install/examples_rclpy_minimal_action_server:/home/nls/ros2_humble/install/examples_rclpy_minimal_action_client:/home/nls/ros2_humble/install/examples_rclpy_guard_conditions:/home/nls/ros2_humble/install/examples_rclpy_executors:/home/nls/ros2_humble/install/demo_nodes_py:/home/nls/ros2_humble/install/action_tutorials_py:/home/nls/ros2_humble/install/ament_uncrustify:/home/nls/ros2_humble/install/tracetools_trace:/home/nls/ros2_humble/install/tracetools_read:/home/nls/ros2_humble/install/test_tracetools_launch:/home/nls/ros2_humble/install/test_launch_ros:/home/nls/ros2_humble/install/sensor_msgs_py:/home/nls/ros2_humble/install/rpyutils:/home/nls/ros2_humble/install/rosidl_runtime_py:/home/nls/ros2_humble/install/rosidl_cli:/home/nls/ros2_humble/install/launch_pytest:/home/nls/ros2_humble/install/launch_testing:/home/nls/ros2_humble/install/launch_yaml:/home/nls/ros2_humble/install/launch_xml:/home/nls/ros2_humble/install/launch:/home/nls/ros2_humble/install/osrf_pycommon:/home/nls/ros2_humble/install/launch_testing_examples:/home/nls/ros2_humble/install/domain_coordinator:/home/nls/ros2_humble/install/ament_xmllint:/home/nls/ros2_humble/install/ament_pyflakes:/home/nls/ros2_humble/install/ament_pycodestyle:/home/nls/ros2_humble/install/ament_pep257:/home/nls/ros2_humble/install/ament_pclint:/home/nls/ros2_humble/install/ament_package:/home/nls/ros2_humble/install/ament_mypy:/home/nls/ros2_humble/install/ament_lint_cmake:/home/nls/ros2_humble/install/ament_flake8:/home/nls/ros2_humble/install/ament_copyright:/home/nls/ros2_humble/install/ament_lint:/home/nls/ros2_humble/install/ament_index_python:/home/nls/ros2_humble/install/ament_cpplint:/home/nls/ros2_humble/install/ament_cppcheck:/home/nls/ros2_humble/install/ament_clang_tidy:/home/nls/ros2_humble/install/ament_clang_format /usr/local/bin/cmake --build /home/nls/SHK_Arbeit/volksbot/build/libsick_ldmrs -- -j12 -l12
[2.795s] DEBUG:colcon.colcon_core.event_handler.log_command:Invoking command in '/home/nls/SHK_Arbeit/volksbot/build/libsick_ldmrs': CMAKE_PREFIX_PATH=${CMAKE_PREFIX_PATH}:/home/nls/ros2_humble/install/rqt_bag_plugins:/home/nls/ros2_humble/install/rqt_bag:/home/nls/ros2_humble/install/ros2bag:/home/nls/ros2_humble/install/tracetools_test:/home/nls/ros2_humble/install/tracetools_launch:/home/nls/ros2_humble/install/topic_monitor:/home/nls/ros2_humble/install/tf2_tools:/home/nls/ros2_humble/install/examples_tf2_py:/home/nls/ros2_humble/install/tf2_ros_py:/home/nls/ros2_humble/install/sros2:/home/nls/ros2_humble/install/rqt_topic:/home/nls/ros2_humble/install/rqt_srv:/home/nls/ros2_humble/install/rqt_shell:/home/nls/ros2_humble/install/rqt_service_caller:/home/nls/ros2_humble/install/rqt_reconfigure:/home/nls/ros2_humble/install/rqt_py_console:/home/nls/ros2_humble/install/rqt_publisher:/home/nls/ros2_humble/install/rqt_plot:/home/nls/ros2_humble/install/rqt_action:/home/nls/ros2_humble/install/rqt_msg:/home/nls/ros2_humble/install/rqt_console:/home/nls/ros2_humble/install/rqt:/home/nls/ros2_humble/install/rqt_graph:/home/nls/ros2_humble/install/rqt_gui_py:/home/nls/ros2_humble/install/rqt_gui:/home/nls/ros2_humble/install/ros2trace:/home/nls/ros2_humble/install/ros2topic:/home/nls/ros2_humble/install/ros2test:/home/nls/ros2_humble/install/ros2component:/home/nls/ros2_humble/install/ros2param:/home/nls/ros2_humble/install/ros2lifecycle:/home/nls/ros2_humble/install/ros2service:/home/nls/ros2_humble/install/ros2run:/home/nls/ros2_humble/install/ros2launch:/home/nls/ros2_humble/install/ros2pkg:/home/nls/ros2_humble/install/ros2node:/home/nls/ros2_humble/install/ros2multicast:/home/nls/ros2_humble/install/ros2interface:/home/nls/ros2_humble/install/ros2doctor:/home/nls/ros2_humble/install/ros2action:/home/nls/ros2_humble/install/ros2cli:/home/nls/ros2_humble/install/quality_of_service_demo_py:/home/nls/ros2_humble/install/lifecycle_py:/home/nls/ros2_humble/install/launch_testing_ros:/home/nls/ros2_humble/install/launch_ros:/home/nls/ros2_humble/install/examples_rclpy_pointcloud_publisher:/home/nls/ros2_humble/install/examples_rclpy_minimal_subscriber:/home/nls/ros2_humble/install/examples_rclpy_minimal_service:/home/nls/ros2_humble/install/examples_rclpy_minimal_publisher:/home/nls/ros2_humble/install/examples_rclpy_minimal_client:/home/nls/ros2_humble/install/examples_rclpy_minimal_action_server:/home/nls/ros2_humble/install/examples_rclpy_minimal_action_client:/home/nls/ros2_humble/install/examples_rclpy_guard_conditions:/home/nls/ros2_humble/install/examples_rclpy_executors:/home/nls/ros2_humble/install/demo_nodes_py:/home/nls/ros2_humble/install/action_tutorials_py:/home/nls/ros2_humble/install/ament_uncrustify:/home/nls/ros2_humble/install/tracetools_trace:/home/nls/ros2_humble/install/tracetools_read:/home/nls/ros2_humble/install/test_tracetools_launch:/home/nls/ros2_humble/install/test_launch_ros:/home/nls/ros2_humble/install/sensor_msgs_py:/home/nls/ros2_humble/install/rpyutils:/home/nls/ros2_humble/install/rosidl_runtime_py:/home/nls/ros2_humble/install/rosidl_cli:/home/nls/ros2_humble/install/launch_pytest:/home/nls/ros2_humble/install/launch_testing:/home/nls/ros2_humble/install/launch_yaml:/home/nls/ros2_humble/install/launch_xml:/home/nls/ros2_humble/install/launch:/home/nls/ros2_humble/install/osrf_pycommon:/home/nls/ros2_humble/install/launch_testing_examples:/home/nls/ros2_humble/install/domain_coordinator:/home/nls/ros2_humble/install/ament_xmllint:/home/nls/ros2_humble/install/ament_pyflakes:/home/nls/ros2_humble/install/ament_pycodestyle:/home/nls/ros2_humble/install/ament_pep257:/home/nls/ros2_humble/install/ament_pclint:/home/nls/ros2_humble/install/ament_package:/home/nls/ros2_humble/install/ament_mypy:/home/nls/ros2_humble/install/ament_lint_cmake:/home/nls/ros2_humble/install/ament_flake8:/home/nls/ros2_humble/install/ament_copyright:/home/nls/ros2_humble/install/ament_lint:/home/nls/ros2_humble/install/ament_index_python:/home/nls/ros2_humble/install/ament_cpplint:/home/nls/ros2_humble/install/ament_cppcheck:/home/nls/ros2_humble/install/ament_clang_tidy:/home/nls/ros2_humble/install/ament_clang_format /usr/local/bin/cmake --install /home/nls/SHK_Arbeit/volksbot/build/libsick_ldmrs
[2.860s] DEBUG:colcon.colcon_core.event_handler.log_command:Invoked command in '/home/nls/SHK_Arbeit/volksbot/build/libsick_ldmrs' returned '0': CMAKE_PREFIX_PATH=${CMAKE_PREFIX_PATH}:/home/nls/ros2_humble/install/rqt_bag_plugins:/home/nls/ros2_humble/install/rqt_bag:/home/nls/ros2_humble/install/ros2bag:/home/nls/ros2_humble/install/tracetools_test:/home/nls/ros2_humble/install/tracetools_launch:/home/nls/ros2_humble/install/topic_monitor:/home/nls/ros2_humble/install/tf2_tools:/home/nls/ros2_humble/install/examples_tf2_py:/home/nls/ros2_humble/install/tf2_ros_py:/home/nls/ros2_humble/install/sros2:/home/nls/ros2_humble/install/rqt_topic:/home/nls/ros2_humble/install/rqt_srv:/home/nls/ros2_humble/install/rqt_shell:/home/nls/ros2_humble/install/rqt_service_caller:/home/nls/ros2_humble/install/rqt_reconfigure:/home/nls/ros2_humble/install/rqt_py_console:/home/nls/ros2_humble/install/rqt_publisher:/home/nls/ros2_humble/install/rqt_plot:/home/nls/ros2_humble/install/rqt_action:/home/nls/ros2_humble/install/rqt_msg:/home/nls/ros2_humble/install/rqt_console:/home/nls/ros2_humble/install/rqt:/home/nls/ros2_humble/install/rqt_graph:/home/nls/ros2_humble/install/rqt_gui_py:/home/nls/ros2_humble/install/rqt_gui:/home/nls/ros2_humble/install/ros2trace:/home/nls/ros2_humble/install/ros2topic:/home/nls/ros2_humble/install/ros2test:/home/nls/ros2_humble/install/ros2component:/home/nls/ros2_humble/install/ros2param:/home/nls/ros2_humble/install/ros2lifecycle:/home/nls/ros2_humble/install/ros2service:/home/nls/ros2_humble/install/ros2run:/home/nls/ros2_humble/install/ros2launch:/home/nls/ros2_humble/install/ros2pkg:/home/nls/ros2_humble/install/ros2node:/home/nls/ros2_humble/install/ros2multicast:/home/nls/ros2_humble/install/ros2interface:/home/nls/ros2_humble/install/ros2doctor:/home/nls/ros2_humble/install/ros2action:/home/nls/ros2_humble/install/ros2cli:/home/nls/ros2_humble/install/quality_of_service_demo_py:/home/nls/ros2_humble/install/lifecycle_py:/home/nls/ros2_humble/install/launch_testing_ros:/home/nls/ros2_humble/install/launch_ros:/home/nls/ros2_humble/install/examples_rclpy_pointcloud_publisher:/home/nls/ros2_humble/install/examples_rclpy_minimal_subscriber:/home/nls/ros2_humble/install/examples_rclpy_minimal_service:/home/nls/ros2_humble/install/examples_rclpy_minimal_publisher:/home/nls/ros2_humble/install/examples_rclpy_minimal_client:/home/nls/ros2_humble/install/examples_rclpy_minimal_action_server:/home/nls/ros2_humble/install/examples_rclpy_minimal_action_client:/home/nls/ros2_humble/install/examples_rclpy_guard_conditions:/home/nls/ros2_humble/install/examples_rclpy_executors:/home/nls/ros2_humble/install/demo_nodes_py:/home/nls/ros2_humble/install/action_tutorials_py:/home/nls/ros2_humble/install/ament_uncrustify:/home/nls/ros2_humble/install/tracetools_trace:/home/nls/ros2_humble/install/tracetools_read:/home/nls/ros2_humble/install/test_tracetools_launch:/home/nls/ros2_humble/install/test_launch_ros:/home/nls/ros2_humble/install/sensor_msgs_py:/home/nls/ros2_humble/install/rpyutils:/home/nls/ros2_humble/install/rosidl_runtime_py:/home/nls/ros2_humble/install/rosidl_cli:/home/nls/ros2_humble/install/launch_pytest:/home/nls/ros2_humble/install/launch_testing:/home/nls/ros2_humble/install/launch_yaml:/home/nls/ros2_humble/install/launch_xml:/home/nls/ros2_humble/install/launch:/home/nls/ros2_humble/install/osrf_pycommon:/home/nls/ros2_humble/install/launch_testing_examples:/home/nls/ros2_humble/install/domain_coordinator:/home/nls/ros2_humble/install/ament_xmllint:/home/nls/ros2_humble/install/ament_pyflakes:/home/nls/ros2_humble/install/ament_pycodestyle:/home/nls/ros2_humble/install/ament_pep257:/home/nls/ros2_humble/install/ament_pclint:/home/nls/ros2_humble/install/ament_package:/home/nls/ros2_humble/install/ament_mypy:/home/nls/ros2_humble/install/ament_lint_cmake:/home/nls/ros2_humble/install/ament_flake8:/home/nls/ros2_humble/install/ament_copyright:/home/nls/ros2_humble/install/ament_lint:/home/nls/ros2_humble/install/ament_index_python:/home/nls/ros2_humble/install/ament_cpplint:/home/nls/ros2_humble/install/ament_cppcheck:/home/nls/ros2_humble/install/ament_clang_tidy:/home/nls/ros2_humble/install/ament_clang_format /usr/local/bin/cmake --install /home/nls/SHK_Arbeit/volksbot/build/libsick_ldmrs
[3.020s] Level 1:colcon.colcon_core.shell:create_environment_hook('libsick_ldmrs', 'pkg_config_path')
[3.021s] INFO:colcon.colcon_core.shell:Creating environment hook '/home/nls/SHK_Arbeit/volksbot/install/libsick_ldmrs/share/libsick_ldmrs/hook/pkg_config_path.ps1'
[3.024s] INFO:colcon.colcon_core.shell:Creating environment descriptor '/home/nls/SHK_Arbeit/volksbot/install/libsick_ldmrs/share/libsick_ldmrs/hook/pkg_config_path.dsv'
[3.025s] INFO:colcon.colcon_core.shell:Creating environment hook '/home/nls/SHK_Arbeit/volksbot/install/libsick_ldmrs/share/libsick_ldmrs/hook/pkg_config_path.sh'
[3.052s] Level 1:colcon.colcon_core.shell:create_environment_hook('libsick_ldmrs', 'pkg_config_path_multiarch')
[3.054s] INFO:colcon.colcon_core.shell:Creating environment hook '/home/nls/SHK_Arbeit/volksbot/install/libsick_ldmrs/share/libsick_ldmrs/hook/pkg_config_path_multiarch.ps1'
[3.055s] INFO:colcon.colcon_core.shell:Creating environment descriptor '/home/nls/SHK_Arbeit/volksbot/install/libsick_ldmrs/share/libsick_ldmrs/hook/pkg_config_path_multiarch.dsv'
[3.056s] INFO:colcon.colcon_core.shell:Creating environment hook '/home/nls/SHK_Arbeit/volksbot/install/libsick_ldmrs/share/libsick_ldmrs/hook/pkg_config_path_multiarch.sh'
[3.058s] Level 1:colcon.colcon_core.environment:create_environment_scripts_only(libsick_ldmrs)
[3.080s] Level 1:colcon.colcon_core.environment:checking '/home/nls/SHK_Arbeit/volksbot/install/libsick_ldmrs' for CMake module files
[3.082s] Level 1:colcon.colcon_core.environment:checking '/home/nls/SHK_Arbeit/volksbot/install/libsick_ldmrs' for CMake config files
[3.082s] Level 1:colcon.colcon_core.shell:create_environment_hook('libsick_ldmrs', 'cmake_prefix_path')
[3.083s] INFO:colcon.colcon_core.shell:Creating environment hook '/home/nls/SHK_Arbeit/volksbot/install/libsick_ldmrs/share/libsick_ldmrs/hook/cmake_prefix_path.ps1'
[3.084s] INFO:colcon.colcon_core.shell:Creating environment descriptor '/home/nls/SHK_Arbeit/volksbot/install/libsick_ldmrs/share/libsick_ldmrs/hook/cmake_prefix_path.dsv'
[3.085s] INFO:colcon.colcon_core.shell:Creating environment hook '/home/nls/SHK_Arbeit/volksbot/install/libsick_ldmrs/share/libsick_ldmrs/hook/cmake_prefix_path.sh'
[3.087s] Level 1:colcon.colcon_core.environment:checking '/home/nls/SHK_Arbeit/volksbot/install/libsick_ldmrs/lib'
[3.088s] Level 1:colcon.colcon_core.shell:create_environment_hook('libsick_ldmrs', 'ld_library_path_lib')
[3.089s] INFO:colcon.colcon_core.shell:Creating environment hook '/home/nls/SHK_Arbeit/volksbot/install/libsick_ldmrs/share/libsick_ldmrs/hook/ld_library_path_lib.ps1'
[3.090s] INFO:colcon.colcon_core.shell:Creating environment descriptor '/home/nls/SHK_Arbeit/volksbot/install/libsick_ldmrs/share/libsick_ldmrs/hook/ld_library_path_lib.dsv'
[3.091s] INFO:colcon.colcon_core.shell:Creating environment hook '/home/nls/SHK_Arbeit/volksbot/install/libsick_ldmrs/share/libsick_ldmrs/hook/ld_library_path_lib.sh'
[3.091s] Level 1:colcon.colcon_core.environment:checking '/home/nls/SHK_Arbeit/volksbot/install/libsick_ldmrs/bin'
[3.092s] Level 1:colcon.colcon_core.shell:create_environment_hook('libsick_ldmrs', 'path')
[3.092s] INFO:colcon.colcon_core.shell:Creating environment hook '/home/nls/SHK_Arbeit/volksbot/install/libsick_ldmrs/share/libsick_ldmrs/hook/path.ps1'
[3.093s] INFO:colcon.colcon_core.shell:Creating environment descriptor '/home/nls/SHK_Arbeit/volksbot/install/libsick_ldmrs/share/libsick_ldmrs/hook/path.dsv'
[3.093s] INFO:colcon.colcon_core.shell:Creating environment hook '/home/nls/SHK_Arbeit/volksbot/install/libsick_ldmrs/share/libsick_ldmrs/hook/path.sh'
[3.094s] Level 1:colcon.colcon_core.environment:checking '/home/nls/SHK_Arbeit/volksbot/install/libsick_ldmrs/lib/pkgconfig/libsick_ldmrs.pc'
[3.102s] Level 1:colcon.colcon_core.environment:checking '/home/nls/SHK_Arbeit/volksbot/install/libsick_ldmrs/lib/python3.8/site-packages'
[3.103s] Level 1:colcon.colcon_core.environment:checking '/home/nls/SHK_Arbeit/volksbot/install/libsick_ldmrs/bin'
[3.103s] Level 1:colcon.colcon_core.shell:create_environment_hook('libsick_ldmrs', 'pythonscriptspath')
[3.104s] INFO:colcon.colcon_core.shell:Creating environment hook '/home/nls/SHK_Arbeit/volksbot/install/libsick_ldmrs/share/libsick_ldmrs/hook/pythonscriptspath.ps1'
[3.104s] INFO:colcon.colcon_core.shell:Creating environment descriptor '/home/nls/SHK_Arbeit/volksbot/install/libsick_ldmrs/share/libsick_ldmrs/hook/pythonscriptspath.dsv'
[3.105s] INFO:colcon.colcon_core.shell:Creating environment hook '/home/nls/SHK_Arbeit/volksbot/install/libsick_ldmrs/share/libsick_ldmrs/hook/pythonscriptspath.sh'
[3.107s] INFO:colcon.colcon_core.shell:Creating package script '/home/nls/SHK_Arbeit/volksbot/install/libsick_ldmrs/share/libsick_ldmrs/package.ps1'
[3.110s] INFO:colcon.colcon_core.shell:Creating package descriptor '/home/nls/SHK_Arbeit/volksbot/install/libsick_ldmrs/share/libsick_ldmrs/package.dsv'
[3.112s] INFO:colcon.colcon_core.shell:Creating package script '/home/nls/SHK_Arbeit/volksbot/install/libsick_ldmrs/share/libsick_ldmrs/package.sh'
[3.113s] INFO:colcon.colcon_core.shell:Creating package script '/home/nls/SHK_Arbeit/volksbot/install/libsick_ldmrs/share/libsick_ldmrs/package.bash'
[3.115s] INFO:colcon.colcon_core.shell:Creating package script '/home/nls/SHK_Arbeit/volksbot/install/libsick_ldmrs/share/libsick_ldmrs/package.zsh'
[3.116s] Level 1:colcon.colcon_core.environment:create_file_with_runtime_dependencies(/home/nls/SHK_Arbeit/volksbot/install/libsick_ldmrs/share/colcon-core/packages/libsick_ldmrs)
[337.487s] DEBUG:colcon.colcon_core.event_handler.log_command:Invoked command in '/home/nls/SHK_Arbeit/volksbot/build/sick_scan_xd' returned '0': CMAKE_PREFIX_PATH=${CMAKE_PREFIX_PATH}:/home/nls/ros2_humble/install/rqt_bag_plugins:/home/nls/ros2_humble/install/rqt_bag:/home/nls/ros2_humble/install/ros2bag:/home/nls/ros2_humble/install/tracetools_test:/home/nls/ros2_humble/install/tracetools_launch:/home/nls/ros2_humble/install/topic_monitor:/home/nls/ros2_humble/install/tf2_tools:/home/nls/ros2_humble/install/examples_tf2_py:/home/nls/ros2_humble/install/tf2_ros_py:/home/nls/ros2_humble/install/sros2:/home/nls/ros2_humble/install/rqt_topic:/home/nls/ros2_humble/install/rqt_srv:/home/nls/ros2_humble/install/rqt_shell:/home/nls/ros2_humble/install/rqt_service_caller:/home/nls/ros2_humble/install/rqt_reconfigure:/home/nls/ros2_humble/install/rqt_py_console:/home/nls/ros2_humble/install/rqt_publisher:/home/nls/ros2_humble/install/rqt_plot:/home/nls/ros2_humble/install/rqt_action:/home/nls/ros2_humble/install/rqt_msg:/home/nls/ros2_humble/install/rqt_console:/home/nls/ros2_humble/install/rqt:/home/nls/ros2_humble/install/rqt_graph:/home/nls/ros2_humble/install/rqt_gui_py:/home/nls/ros2_humble/install/rqt_gui:/home/nls/ros2_humble/install/ros2trace:/home/nls/ros2_humble/install/ros2topic:/home/nls/ros2_humble/install/ros2test:/home/nls/ros2_humble/install/ros2component:/home/nls/ros2_humble/install/ros2param:/home/nls/ros2_humble/install/ros2lifecycle:/home/nls/ros2_humble/install/ros2service:/home/nls/ros2_humble/install/ros2run:/home/nls/ros2_humble/install/ros2launch:/home/nls/ros2_humble/install/ros2pkg:/home/nls/ros2_humble/install/ros2node:/home/nls/ros2_humble/install/ros2multicast:/home/nls/ros2_humble/install/ros2interface:/home/nls/ros2_humble/install/ros2doctor:/home/nls/ros2_humble/install/ros2action:/home/nls/ros2_humble/install/ros2cli:/home/nls/ros2_humble/install/quality_of_service_demo_py:/home/nls/ros2_humble/install/lifecycle_py:/home/nls/ros2_humble/install/launch_testing_ros:/home/nls/ros2_humble/install/launch_ros:/home/nls/ros2_humble/install/examples_rclpy_pointcloud_publisher:/home/nls/ros2_humble/install/examples_rclpy_minimal_subscriber:/home/nls/ros2_humble/install/examples_rclpy_minimal_service:/home/nls/ros2_humble/install/examples_rclpy_minimal_publisher:/home/nls/ros2_humble/install/examples_rclpy_minimal_client:/home/nls/ros2_humble/install/examples_rclpy_minimal_action_server:/home/nls/ros2_humble/install/examples_rclpy_minimal_action_client:/home/nls/ros2_humble/install/examples_rclpy_guard_conditions:/home/nls/ros2_humble/install/examples_rclpy_executors:/home/nls/ros2_humble/install/demo_nodes_py:/home/nls/ros2_humble/install/action_tutorials_py:/home/nls/ros2_humble/install/ament_uncrustify:/home/nls/ros2_humble/install/tracetools_trace:/home/nls/ros2_humble/install/tracetools_read:/home/nls/ros2_humble/install/test_tracetools_launch:/home/nls/ros2_humble/install/test_launch_ros:/home/nls/ros2_humble/install/sensor_msgs_py:/home/nls/ros2_humble/install/rpyutils:/home/nls/ros2_humble/install/rosidl_runtime_py:/home/nls/ros2_humble/install/rosidl_cli:/home/nls/ros2_humble/install/launch_pytest:/home/nls/ros2_humble/install/launch_testing:/home/nls/ros2_humble/install/launch_yaml:/home/nls/ros2_humble/install/launch_xml:/home/nls/ros2_humble/install/launch:/home/nls/ros2_humble/install/osrf_pycommon:/home/nls/ros2_humble/install/launch_testing_examples:/home/nls/ros2_humble/install/domain_coordinator:/home/nls/ros2_humble/install/ament_xmllint:/home/nls/ros2_humble/install/ament_pyflakes:/home/nls/ros2_humble/install/ament_pycodestyle:/home/nls/ros2_humble/install/ament_pep257:/home/nls/ros2_humble/install/ament_pclint:/home/nls/ros2_humble/install/ament_package:/home/nls/ros2_humble/install/ament_mypy:/home/nls/ros2_humble/install/ament_lint_cmake:/home/nls/ros2_humble/install/ament_flake8:/home/nls/ros2_humble/install/ament_copyright:/home/nls/ros2_humble/install/ament_lint:/home/nls/ros2_humble/install/ament_index_python:/home/nls/ros2_humble/install/ament_cpplint:/home/nls/ros2_humble/install/ament_cppcheck:/home/nls/ros2_humble/install/ament_clang_tidy:/home/nls/ros2_humble/install/ament_clang_format /usr/local/bin/cmake --build /home/nls/SHK_Arbeit/volksbot/build/sick_scan_xd -- -j12 -l12
[345.850s] DEBUG:colcon.colcon_core.event_handler.log_command:Invoking command in '/home/nls/SHK_Arbeit/volksbot/build/sick_scan_xd': CMAKE_PREFIX_PATH=${CMAKE_PREFIX_PATH}:/home/nls/ros2_humble/install/rqt_bag_plugins:/home/nls/ros2_humble/install/rqt_bag:/home/nls/ros2_humble/install/ros2bag:/home/nls/ros2_humble/install/tracetools_test:/home/nls/ros2_humble/install/tracetools_launch:/home/nls/ros2_humble/install/topic_monitor:/home/nls/ros2_humble/install/tf2_tools:/home/nls/ros2_humble/install/examples_tf2_py:/home/nls/ros2_humble/install/tf2_ros_py:/home/nls/ros2_humble/install/sros2:/home/nls/ros2_humble/install/rqt_topic:/home/nls/ros2_humble/install/rqt_srv:/home/nls/ros2_humble/install/rqt_shell:/home/nls/ros2_humble/install/rqt_service_caller:/home/nls/ros2_humble/install/rqt_reconfigure:/home/nls/ros2_humble/install/rqt_py_console:/home/nls/ros2_humble/install/rqt_publisher:/home/nls/ros2_humble/install/rqt_plot:/home/nls/ros2_humble/install/rqt_action:/home/nls/ros2_humble/install/rqt_msg:/home/nls/ros2_humble/install/rqt_console:/home/nls/ros2_humble/install/rqt:/home/nls/ros2_humble/install/rqt_graph:/home/nls/ros2_humble/install/rqt_gui_py:/home/nls/ros2_humble/install/rqt_gui:/home/nls/ros2_humble/install/ros2trace:/home/nls/ros2_humble/install/ros2topic:/home/nls/ros2_humble/install/ros2test:/home/nls/ros2_humble/install/ros2component:/home/nls/ros2_humble/install/ros2param:/home/nls/ros2_humble/install/ros2lifecycle:/home/nls/ros2_humble/install/ros2service:/home/nls/ros2_humble/install/ros2run:/home/nls/ros2_humble/install/ros2launch:/home/nls/ros2_humble/install/ros2pkg:/home/nls/ros2_humble/install/ros2node:/home/nls/ros2_humble/install/ros2multicast:/home/nls/ros2_humble/install/ros2interface:/home/nls/ros2_humble/install/ros2doctor:/home/nls/ros2_humble/install/ros2action:/home/nls/ros2_humble/install/ros2cli:/home/nls/ros2_humble/install/quality_of_service_demo_py:/home/nls/ros2_humble/install/lifecycle_py:/home/nls/ros2_humble/install/launch_testing_ros:/home/nls/ros2_humble/install/launch_ros:/home/nls/ros2_humble/install/examples_rclpy_pointcloud_publisher:/home/nls/ros2_humble/install/examples_rclpy_minimal_subscriber:/home/nls/ros2_humble/install/examples_rclpy_minimal_service:/home/nls/ros2_humble/install/examples_rclpy_minimal_publisher:/home/nls/ros2_humble/install/examples_rclpy_minimal_client:/home/nls/ros2_humble/install/examples_rclpy_minimal_action_server:/home/nls/ros2_humble/install/examples_rclpy_minimal_action_client:/home/nls/ros2_humble/install/examples_rclpy_guard_conditions:/home/nls/ros2_humble/install/examples_rclpy_executors:/home/nls/ros2_humble/install/demo_nodes_py:/home/nls/ros2_humble/install/action_tutorials_py:/home/nls/ros2_humble/install/ament_uncrustify:/home/nls/ros2_humble/install/tracetools_trace:/home/nls/ros2_humble/install/tracetools_read:/home/nls/ros2_humble/install/test_tracetools_launch:/home/nls/ros2_humble/install/test_launch_ros:/home/nls/ros2_humble/install/sensor_msgs_py:/home/nls/ros2_humble/install/rpyutils:/home/nls/ros2_humble/install/rosidl_runtime_py:/home/nls/ros2_humble/install/rosidl_cli:/home/nls/ros2_humble/install/launch_pytest:/home/nls/ros2_humble/install/launch_testing:/home/nls/ros2_humble/install/launch_yaml:/home/nls/ros2_humble/install/launch_xml:/home/nls/ros2_humble/install/launch:/home/nls/ros2_humble/install/osrf_pycommon:/home/nls/ros2_humble/install/launch_testing_examples:/home/nls/ros2_humble/install/domain_coordinator:/home/nls/ros2_humble/install/ament_xmllint:/home/nls/ros2_humble/install/ament_pyflakes:/home/nls/ros2_humble/install/ament_pycodestyle:/home/nls/ros2_humble/install/ament_pep257:/home/nls/ros2_humble/install/ament_pclint:/home/nls/ros2_humble/install/ament_package:/home/nls/ros2_humble/install/ament_mypy:/home/nls/ros2_humble/install/ament_lint_cmake:/home/nls/ros2_humble/install/ament_flake8:/home/nls/ros2_humble/install/ament_copyright:/home/nls/ros2_humble/install/ament_lint:/home/nls/ros2_humble/install/ament_index_python:/home/nls/ros2_humble/install/ament_cpplint:/home/nls/ros2_humble/install/ament_cppcheck:/home/nls/ros2_humble/install/ament_clang_tidy:/home/nls/ros2_humble/install/ament_clang_format /usr/local/bin/cmake --install /home/nls/SHK_Arbeit/volksbot/build/sick_scan_xd
[349.408s] DEBUG:colcon.colcon_core.event_handler.log_command:Invoked command in '/home/nls/SHK_Arbeit/volksbot/build/sick_scan_xd' returned '0': CMAKE_PREFIX_PATH=${CMAKE_PREFIX_PATH}:/home/nls/ros2_humble/install/rqt_bag_plugins:/home/nls/ros2_humble/install/rqt_bag:/home/nls/ros2_humble/install/ros2bag:/home/nls/ros2_humble/install/tracetools_test:/home/nls/ros2_humble/install/tracetools_launch:/home/nls/ros2_humble/install/topic_monitor:/home/nls/ros2_humble/install/tf2_tools:/home/nls/ros2_humble/install/examples_tf2_py:/home/nls/ros2_humble/install/tf2_ros_py:/home/nls/ros2_humble/install/sros2:/home/nls/ros2_humble/install/rqt_topic:/home/nls/ros2_humble/install/rqt_srv:/home/nls/ros2_humble/install/rqt_shell:/home/nls/ros2_humble/install/rqt_service_caller:/home/nls/ros2_humble/install/rqt_reconfigure:/home/nls/ros2_humble/install/rqt_py_console:/home/nls/ros2_humble/install/rqt_publisher:/home/nls/ros2_humble/install/rqt_plot:/home/nls/ros2_humble/install/rqt_action:/home/nls/ros2_humble/install/rqt_msg:/home/nls/ros2_humble/install/rqt_console:/home/nls/ros2_humble/install/rqt:/home/nls/ros2_humble/install/rqt_graph:/home/nls/ros2_humble/install/rqt_gui_py:/home/nls/ros2_humble/install/rqt_gui:/home/nls/ros2_humble/install/ros2trace:/home/nls/ros2_humble/install/ros2topic:/home/nls/ros2_humble/install/ros2test:/home/nls/ros2_humble/install/ros2component:/home/nls/ros2_humble/install/ros2param:/home/nls/ros2_humble/install/ros2lifecycle:/home/nls/ros2_humble/install/ros2service:/home/nls/ros2_humble/install/ros2run:/home/nls/ros2_humble/install/ros2launch:/home/nls/ros2_humble/install/ros2pkg:/home/nls/ros2_humble/install/ros2node:/home/nls/ros2_humble/install/ros2multicast:/home/nls/ros2_humble/install/ros2interface:/home/nls/ros2_humble/install/ros2doctor:/home/nls/ros2_humble/install/ros2action:/home/nls/ros2_humble/install/ros2cli:/home/nls/ros2_humble/install/quality_of_service_demo_py:/home/nls/ros2_humble/install/lifecycle_py:/home/nls/ros2_humble/install/launch_testing_ros:/home/nls/ros2_humble/install/launch_ros:/home/nls/ros2_humble/install/examples_rclpy_pointcloud_publisher:/home/nls/ros2_humble/install/examples_rclpy_minimal_subscriber:/home/nls/ros2_humble/install/examples_rclpy_minimal_service:/home/nls/ros2_humble/install/examples_rclpy_minimal_publisher:/home/nls/ros2_humble/install/examples_rclpy_minimal_client:/home/nls/ros2_humble/install/examples_rclpy_minimal_action_server:/home/nls/ros2_humble/install/examples_rclpy_minimal_action_client:/home/nls/ros2_humble/install/examples_rclpy_guard_conditions:/home/nls/ros2_humble/install/examples_rclpy_executors:/home/nls/ros2_humble/install/demo_nodes_py:/home/nls/ros2_humble/install/action_tutorials_py:/home/nls/ros2_humble/install/ament_uncrustify:/home/nls/ros2_humble/install/tracetools_trace:/home/nls/ros2_humble/install/tracetools_read:/home/nls/ros2_humble/install/test_tracetools_launch:/home/nls/ros2_humble/install/test_launch_ros:/home/nls/ros2_humble/install/sensor_msgs_py:/home/nls/ros2_humble/install/rpyutils:/home/nls/ros2_humble/install/rosidl_runtime_py:/home/nls/ros2_humble/install/rosidl_cli:/home/nls/ros2_humble/install/launch_pytest:/home/nls/ros2_humble/install/launch_testing:/home/nls/ros2_humble/install/launch_yaml:/home/nls/ros2_humble/install/launch_xml:/home/nls/ros2_humble/install/launch:/home/nls/ros2_humble/install/osrf_pycommon:/home/nls/ros2_humble/install/launch_testing_examples:/home/nls/ros2_humble/install/domain_coordinator:/home/nls/ros2_humble/install/ament_xmllint:/home/nls/ros2_humble/install/ament_pyflakes:/home/nls/ros2_humble/install/ament_pycodestyle:/home/nls/ros2_humble/install/ament_pep257:/home/nls/ros2_humble/install/ament_pclint:/home/nls/ros2_humble/install/ament_package:/home/nls/ros2_humble/install/ament_mypy:/home/nls/ros2_humble/install/ament_lint_cmake:/home/nls/ros2_humble/install/ament_flake8:/home/nls/ros2_humble/install/ament_copyright:/home/nls/ros2_humble/install/ament_lint:/home/nls/ros2_humble/install/ament_index_python:/home/nls/ros2_humble/install/ament_cpplint:/home/nls/ros2_humble/install/ament_cppcheck:/home/nls/ros2_humble/install/ament_clang_tidy:/home/nls/ros2_humble/install/ament_clang_format /usr/local/bin/cmake --install /home/nls/SHK_Arbeit/volksbot/build/sick_scan_xd
[349.400s] Level 1:colcon.colcon_core.environment:create_environment_scripts_only(sick_scan_xd)
[349.453s] Level 1:colcon.colcon_core.environment:checking '/home/nls/SHK_Arbeit/volksbot/install/sick_scan_xd' for CMake module files
[349.458s] Level 1:colcon.colcon_core.environment:checking '/home/nls/SHK_Arbeit/volksbot/install/sick_scan_xd' for CMake config files
[349.462s] Level 1:colcon.colcon_core.shell:create_environment_hook('sick_scan_xd', 'cmake_prefix_path')
[349.467s] INFO:colcon.colcon_core.shell:Creating environment hook '/home/nls/SHK_Arbeit/volksbot/install/sick_scan_xd/share/sick_scan_xd/hook/cmake_prefix_path.ps1'
[349.492s] INFO:colcon.colcon_core.shell:Creating environment descriptor '/home/nls/SHK_Arbeit/volksbot/install/sick_scan_xd/share/sick_scan_xd/hook/cmake_prefix_path.dsv'
[349.497s] INFO:colcon.colcon_core.shell:Creating environment hook '/home/nls/SHK_Arbeit/volksbot/install/sick_scan_xd/share/sick_scan_xd/hook/cmake_prefix_path.sh'
[349.509s] Level 1:colcon.colcon_core.environment:checking '/home/nls/SHK_Arbeit/volksbot/install/sick_scan_xd/lib'
[349.509s] Level 1:colcon.colcon_core.shell:create_environment_hook('sick_scan_xd', 'ld_library_path_lib')
[349.510s] INFO:colcon.colcon_core.shell:Creating environment hook '/home/nls/SHK_Arbeit/volksbot/install/sick_scan_xd/share/sick_scan_xd/hook/ld_library_path_lib.ps1'
[349.512s] INFO:colcon.colcon_core.shell:Creating environment descriptor '/home/nls/SHK_Arbeit/volksbot/install/sick_scan_xd/share/sick_scan_xd/hook/ld_library_path_lib.dsv'
[349.514s] INFO:colcon.colcon_core.shell:Creating environment hook '/home/nls/SHK_Arbeit/volksbot/install/sick_scan_xd/share/sick_scan_xd/hook/ld_library_path_lib.sh'
[349.515s] Level 1:colcon.colcon_core.environment:checking '/home/nls/SHK_Arbeit/volksbot/install/sick_scan_xd/bin'
[349.516s] Level 1:colcon.colcon_core.environment:checking '/home/nls/SHK_Arbeit/volksbot/install/sick_scan_xd/lib/pkgconfig/sick_scan_xd.pc'
[349.523s] Level 1:colcon.colcon_core.environment:checking '/home/nls/SHK_Arbeit/volksbot/install/sick_scan_xd/lib/python3.8/site-packages'
[349.523s] Level 1:colcon.colcon_core.shell:create_environment_hook('sick_scan_xd', 'pythonpath')
[349.524s] INFO:colcon.colcon_core.shell:Creating environment hook '/home/nls/SHK_Arbeit/volksbot/install/sick_scan_xd/share/sick_scan_xd/hook/pythonpath.ps1'
[349.525s] INFO:colcon.colcon_core.shell:Creating environment descriptor '/home/nls/SHK_Arbeit/volksbot/install/sick_scan_xd/share/sick_scan_xd/hook/pythonpath.dsv'
[349.526s] INFO:colcon.colcon_core.shell:Creating environment hook '/home/nls/SHK_Arbeit/volksbot/install/sick_scan_xd/share/sick_scan_xd/hook/pythonpath.sh'
[349.528s] Level 1:colcon.colcon_core.environment:checking '/home/nls/SHK_Arbeit/volksbot/install/sick_scan_xd/bin'
[349.529s] INFO:colcon.colcon_core.shell:Creating package script '/home/nls/SHK_Arbeit/volksbot/install/sick_scan_xd/share/sick_scan_xd/package.ps1'
[349.533s] INFO:colcon.colcon_core.shell:Creating package descriptor '/home/nls/SHK_Arbeit/volksbot/install/sick_scan_xd/share/sick_scan_xd/package.dsv'
[349.535s] INFO:colcon.colcon_core.shell:Creating package script '/home/nls/SHK_Arbeit/volksbot/install/sick_scan_xd/share/sick_scan_xd/package.sh'
[349.537s] INFO:colcon.colcon_core.shell:Creating package script '/home/nls/SHK_Arbeit/volksbot/install/sick_scan_xd/share/sick_scan_xd/package.bash'
[349.539s] INFO:colcon.colcon_core.shell:Creating package script '/home/nls/SHK_Arbeit/volksbot/install/sick_scan_xd/share/sick_scan_xd/package.zsh'
[349.543s] Level 1:colcon.colcon_core.environment:create_file_with_runtime_dependencies(/home/nls/SHK_Arbeit/volksbot/install/sick_scan_xd/share/colcon-core/packages/sick_scan_xd)
[357.834s] Level 1:colcon.colcon_core.environment:create_environment_scripts_only(sick_scan_xd)
[357.835s] Level 1:colcon.colcon_core.environment:checking '/home/nls/SHK_Arbeit/volksbot/install/sick_scan_xd' for CMake module files
[357.837s] Level 1:colcon.colcon_core.environment:checking '/home/nls/SHK_Arbeit/volksbot/install/sick_scan_xd' for CMake config files
[357.838s] Level 1:colcon.colcon_core.shell:create_environment_hook('sick_scan_xd', 'cmake_prefix_path')
[357.838s] INFO:colcon.colcon_core.shell:Creating environment hook '/home/nls/SHK_Arbeit/volksbot/install/sick_scan_xd/share/sick_scan_xd/hook/cmake_prefix_path.ps1'
[357.840s] INFO:colcon.colcon_core.shell:Creating environment descriptor '/home/nls/SHK_Arbeit/volksbot/install/sick_scan_xd/share/sick_scan_xd/hook/cmake_prefix_path.dsv'
[357.841s] INFO:colcon.colcon_core.shell:Creating environment hook '/home/nls/SHK_Arbeit/volksbot/install/sick_scan_xd/share/sick_scan_xd/hook/cmake_prefix_path.sh'
[357.843s] Level 1:colcon.colcon_core.environment:checking '/home/nls/SHK_Arbeit/volksbot/install/sick_scan_xd/lib'
[357.843s] Level 1:colcon.colcon_core.shell:create_environment_hook('sick_scan_xd', 'ld_library_path_lib')
[357.844s] INFO:colcon.colcon_core.shell:Creating environment hook '/home/nls/SHK_Arbeit/volksbot/install/sick_scan_xd/share/sick_scan_xd/hook/ld_library_path_lib.ps1'
[357.845s] INFO:colcon.colcon_core.shell:Creating environment descriptor '/home/nls/SHK_Arbeit/volksbot/install/sick_scan_xd/share/sick_scan_xd/hook/ld_library_path_lib.dsv'
[357.845s] INFO:colcon.colcon_core.shell:Creating environment hook '/home/nls/SHK_Arbeit/volksbot/install/sick_scan_xd/share/sick_scan_xd/hook/ld_library_path_lib.sh'
[357.846s] Level 1:colcon.colcon_core.environment:checking '/home/nls/SHK_Arbeit/volksbot/install/sick_scan_xd/bin'
[357.846s] Level 1:colcon.colcon_core.environment:checking '/home/nls/SHK_Arbeit/volksbot/install/sick_scan_xd/lib/pkgconfig/sick_scan_xd.pc'
[357.847s] Level 1:colcon.colcon_core.environment:checking '/home/nls/SHK_Arbeit/volksbot/install/sick_scan_xd/lib/python3.8/site-packages'
[357.848s] Level 1:colcon.colcon_core.shell:create_environment_hook('sick_scan_xd', 'pythonpath')
[357.848s] INFO:colcon.colcon_core.shell:Creating environment hook '/home/nls/SHK_Arbeit/volksbot/install/sick_scan_xd/share/sick_scan_xd/hook/pythonpath.ps1'
[357.849s] INFO:colcon.colcon_core.shell:Creating environment descriptor '/home/nls/SHK_Arbeit/volksbot/install/sick_scan_xd/share/sick_scan_xd/hook/pythonpath.dsv'
[357.850s] INFO:colcon.colcon_core.shell:Creating environment hook '/home/nls/SHK_Arbeit/volksbot/install/sick_scan_xd/share/sick_scan_xd/hook/pythonpath.sh'
[357.851s] Level 1:colcon.colcon_core.environment:checking '/home/nls/SHK_Arbeit/volksbot/install/sick_scan_xd/bin'
[357.852s] INFO:colcon.colcon_core.shell:Creating package script '/home/nls/SHK_Arbeit/volksbot/install/sick_scan_xd/share/sick_scan_xd/package.ps1'
[357.853s] INFO:colcon.colcon_core.shell:Creating package descriptor '/home/nls/SHK_Arbeit/volksbot/install/sick_scan_xd/share/sick_scan_xd/package.dsv'
[357.854s] INFO:colcon.colcon_core.shell:Creating package script '/home/nls/SHK_Arbeit/volksbot/install/sick_scan_xd/share/sick_scan_xd/package.sh'
[357.856s] INFO:colcon.colcon_core.shell:Creating package script '/home/nls/SHK_Arbeit/volksbot/install/sick_scan_xd/share/sick_scan_xd/package.bash'
[357.857s] INFO:colcon.colcon_core.shell:Creating package script '/home/nls/SHK_Arbeit/volksbot/install/sick_scan_xd/share/sick_scan_xd/package.zsh'
[357.858s] Level 1:colcon.colcon_core.environment:create_file_with_runtime_dependencies(/home/nls/SHK_Arbeit/volksbot/install/sick_scan_xd/share/colcon-core/packages/sick_scan_xd)
[357.861s] DEBUG:colcon.colcon_parallel_executor.executor.parallel:closing loop
[357.865s] DEBUG:colcon.colcon_parallel_executor.executor.parallel:loop closed
[357.865s] DEBUG:colcon.colcon_parallel_executor.executor.parallel:run_until_complete finished with '0'
[357.866s] DEBUG:colcon.colcon_core.event_reactor:joining thread
[357.991s] INFO:colcon.colcon_core.plugin_system:Skipping extension 'colcon_notification.desktop_notification.terminal_notifier': Not used on non-Darwin systems
[357.991s] INFO:colcon.colcon_core.plugin_system:Skipping extension 'colcon_notification.desktop_notification.win32': Not used on non-Windows systems
[357.991s] INFO:colcon.colcon_notification.desktop_notification:Sending desktop notification using 'notify2'
[358.177s] DEBUG:colcon.colcon_core.event_reactor:joined thread
[358.182s] INFO:colcon.colcon_core.shell:Creating prefix script '/home/nls/SHK_Arbeit/volksbot/install/local_setup.ps1'
[358.187s] INFO:colcon.colcon_core.shell:Creating prefix util module '/home/nls/SHK_Arbeit/volksbot/install/_local_setup_util_ps1.py'
[358.191s] INFO:colcon.colcon_core.shell:Creating prefix chain script '/home/nls/SHK_Arbeit/volksbot/install/setup.ps1'
[358.281s] INFO:colcon.colcon_core.shell:Creating prefix script '/home/nls/SHK_Arbeit/volksbot/install/local_setup.sh'
[358.283s] INFO:colcon.colcon_core.shell:Creating prefix util module '/home/nls/SHK_Arbeit/volksbot/install/_local_setup_util_sh.py'
[358.284s] INFO:colcon.colcon_core.shell:Creating prefix chain script '/home/nls/SHK_Arbeit/volksbot/install/setup.sh'
[358.318s] INFO:colcon.colcon_core.shell:Creating prefix script '/home/nls/SHK_Arbeit/volksbot/install/local_setup.bash'
[358.320s] INFO:colcon.colcon_core.shell:Creating prefix chain script '/home/nls/SHK_Arbeit/volksbot/install/setup.bash'
[358.355s] INFO:colcon.colcon_core.shell:Creating prefix script '/home/nls/SHK_Arbeit/volksbot/install/local_setup.zsh'
[358.357s] INFO:colcon.colcon_core.shell:Creating prefix chain script '/home/nls/SHK_Arbeit/volksbot/install/setup.zsh'
