[ 25%] [32mBuilding CXX object CMakeFiles/gamepad.dir/src/gamepad.cpp.o[0m
In file included from [01m[K/home/nls/SHK_Arbeit/volksbot/src/gamepad_driver/src/gamepad.cpp:4[m[K:
[01m[K/home/nls/SHK_Arbeit/volksbot/src/gamepad_driver/src/gamepad.hpp:67:17:[m[K [01;35m[Kwarning: [m[K‘[01m[Kuint16_t map_s16_to_u16(int16_t)[m[K’ defined but not used [[01;35m[K-Wunused-function[m[K]
   67 | static uint16_t [01;35m[Kmap_s16_to_u16[m[K( const int16_t val ) {
      |                 [01;35m[K^~~~~~~~~~~~~~[m[K
[ 50%] [32m[1mLinking CXX executable gamepad[0m
[100%] Built target gamepad
-- Install configuration: ""
-- Installing: /home/nls/SHK_Arbeit/volksbot/install/gamepad_driver/lib/gamepad_driver/gamepad
-- Up-to-date: /home/nls/SHK_Arbeit/volksbot/install/gamepad_driver/share/ament_index/resource_index/package_run_dependencies/gamepad_driver
-- Up-to-date: /home/nls/SHK_Arbeit/volksbot/install/gamepad_driver/share/ament_index/resource_index/parent_prefix_path/gamepad_driver
-- Up-to-date: /home/nls/SHK_Arbeit/volksbot/install/gamepad_driver/share/gamepad_driver/environment/ament_prefix_path.dsv
-- Up-to-date: /home/nls/SHK_Arbeit/volksbot/install/gamepad_driver/share/gamepad_driver/environment/path.dsv
-- Up-to-date: /home/nls/SHK_Arbeit/volksbot/install/gamepad_driver/share/gamepad_driver/local_setup.bash
-- Up-to-date: /home/nls/SHK_Arbeit/volksbot/install/gamepad_driver/share/gamepad_driver/local_setup.sh
-- Up-to-date: /home/nls/SHK_Arbeit/volksbot/install/gamepad_driver/share/gamepad_driver/local_setup.zsh
-- Up-to-date: /home/nls/SHK_Arbeit/volksbot/install/gamepad_driver/share/gamepad_driver/local_setup.dsv
-- Installing: /home/nls/SHK_Arbeit/volksbot/install/gamepad_driver/share/gamepad_driver/package.dsv
-- Up-to-date: /home/nls/SHK_Arbeit/volksbot/install/gamepad_driver/share/ament_index/resource_index/packages/gamepad_driver
-- Up-to-date: /home/nls/SHK_Arbeit/volksbot/install/gamepad_driver/share/gamepad_driver/cmake/gamepad_driverConfig.cmake
-- Up-to-date: /home/nls/SHK_Arbeit/volksbot/install/gamepad_driver/share/gamepad_driver/cmake/gamepad_driverConfig-version.cmake
-- Up-to-date: /home/nls/SHK_Arbeit/volksbot/install/gamepad_driver/share/gamepad_driver/package.xml
