-- The C compiler identification is GNU 9.4.0
-- The CXX compiler identification is GNU 9.4.0
-- Detecting C compiler ABI info
-- Detecting C compiler ABI info - done
-- Check for working C compiler: /usr/bin/cc - skipped
-- Detecting C compile features
-- Detecting C compile features - done
-- Detecting CXX compiler ABI info
-- Detecting CXX compiler ABI info - done
-- Check for working CXX compiler: /usr/bin/c++ - skipped
-- Detecting CXX compile features
-- Detecting CXX compile features - done
-- Configuring done (1.5s)
-- Generating done (0.0s)
-- Build files have been written to: /home/nls/SHK_Arbeit/volksbot/build/libsick_ldmrs
[  0%] [32mBuilding CXX object src/CMakeFiles/LDMRS_Example.dir/application/LdmrsApp.cpp.o[0m
[  3%] [32mBuilding CXX object src/CMakeFiles/sick_ldmrs.dir/application/LdmrsSectorChangeApp.cpp.o[0m
[  3%] [32mBuilding CXX object src/CMakeFiles/sick_ldmrs.dir/application/LdmrsApp.cpp.o[0m
[  3%] [32mBuilding CXX object src/CMakeFiles/LDMRS_Example.dir/application/LdmrsNtpTimeApp.cpp.o[0m
[  4%] [32mBuilding CXX object src/CMakeFiles/LDMRS_Example.dir/application/LdmrsScanpointCoordinateApp.cpp.o[0m
[  3%] [32mBuilding CXX object src/CMakeFiles/sick_ldmrs.dir/application/LdmrsFieldApp.cpp.o[0m
[  5%] [32mBuilding CXX object src/CMakeFiles/LDMRS_Example.dir/application/LdmrsFieldApp.cpp.o[0m
[  6%] [32mBuilding CXX object src/CMakeFiles/LDMRS_Example.dir/devices/BasicDevice.cpp.o[0m
[  7%] [32mBuilding CXX object src/CMakeFiles/LDMRS_Example.dir/application/LdmrsSectorChangeApp.cpp.o[0m
[  8%] [32mBuilding CXX object src/CMakeFiles/LDMRS_Example.dir/application/BasicApplication.cpp.o[0m
[  9%] [32mBuilding CXX object src/CMakeFiles/LDMRS_Example.dir/devices/LD_MRS.cpp.o[0m
[ 10%] [32mBuilding CXX object src/CMakeFiles/LDMRS_Example.dir/devices/LuxBase.cpp.o[0m
[ 11%] [32mBuilding CXX object src/CMakeFiles/LDMRS_Example.dir/sopas/LdmrsSopasLayer.cpp.o[0m
[ 12%] [32mBuilding CXX object src/CMakeFiles/LDMRS_Example.dir/sopas/SopasBase.cpp.o[0m
[ 13%] [32mBuilding CXX object src/CMakeFiles/LDMRS_Example.dir/sopas/colaa.cpp.o[0m
[ 14%] [32mBuilding CXX object src/CMakeFiles/sick_ldmrs.dir/application/LdmrsNtpTimeApp.cpp.o[0m
[ 15%] [32mBuilding CXX object src/CMakeFiles/sick_ldmrs.dir/application/LdmrsScanpointCoordinateApp.cpp.o[0m
[ 16%] [32mBuilding CXX object src/CMakeFiles/sick_ldmrs.dir/application/BasicApplication.cpp.o[0m
[ 17%] [32mBuilding CXX object src/CMakeFiles/sick_ldmrs.dir/devices/BasicDevice.cpp.o[0m
[ 18%] [32mBuilding CXX object src/CMakeFiles/LDMRS_Example.dir/sopas/colab.cpp.o[0m
[ 19%] [32mBuilding CXX object src/CMakeFiles/sick_ldmrs.dir/devices/LD_MRS.cpp.o[0m
[ 20%] [32mBuilding CXX object src/CMakeFiles/LDMRS_Example.dir/datatypes/Measurement.cpp.o[0m
[ 21%] [32mBuilding CXX object src/CMakeFiles/LDMRS_Example.dir/datatypes/SensorStateInfo.cpp.o[0m
[ 22%] [32mBuilding CXX object src/CMakeFiles/sick_ldmrs.dir/devices/LuxBase.cpp.o[0m
[ 23%] [32mBuilding CXX object src/CMakeFiles/LDMRS_Example.dir/datatypes/Fields.cpp.o[0m
[ 24%] [32mBuilding CXX object src/CMakeFiles/sick_ldmrs.dir/sopas/LdmrsSopasLayer.cpp.o[0m
[ 25%] [32mBuilding CXX object src/CMakeFiles/LDMRS_Example.dir/datatypes/FieldParameter.cpp.o[0m
[ 26%] [32mBuilding CXX object src/CMakeFiles/sick_ldmrs.dir/sopas/SopasBase.cpp.o[0m
[ 27%] [32mBuilding CXX object src/CMakeFiles/LDMRS_Example.dir/datatypes/FieldDescription.cpp.o[0m
[ 28%] [32mBuilding CXX object src/CMakeFiles/sick_ldmrs.dir/sopas/colaa.cpp.o[0m
[ 29%] [32mBuilding CXX object src/CMakeFiles/sick_ldmrs.dir/sopas/colab.cpp.o[0m
[ 30%] [32mBuilding CXX object src/CMakeFiles/sick_ldmrs.dir/datatypes/Measurement.cpp.o[0m
[ 31%] [32mBuilding CXX object src/CMakeFiles/sick_ldmrs.dir/datatypes/SensorStateInfo.cpp.o[0m
[ 32%] [32mBuilding CXX object src/CMakeFiles/LDMRS_Example.dir/datatypes/EvalCase.cpp.o[0m
[ 33%] [32mBuilding CXX object src/CMakeFiles/sick_ldmrs.dir/datatypes/Fields.cpp.o[0m
[ 34%] [32mBuilding CXX object src/CMakeFiles/sick_ldmrs.dir/datatypes/FieldParameter.cpp.o[0m
[ 35%] [32mBuilding CXX object src/CMakeFiles/LDMRS_Example.dir/datatypes/EvalCases.cpp.o[0m
[ 36%] [32mBuilding CXX object src/CMakeFiles/sick_ldmrs.dir/datatypes/FieldDescription.cpp.o[0m
[ 37%] [32mBuilding CXX object src/CMakeFiles/LDMRS_Example.dir/datatypes/EvalCaseResult.cpp.o[0m
[ 38%] [32mBuilding CXX object src/CMakeFiles/sick_ldmrs.dir/datatypes/EvalCase.cpp.o[0m
[ 39%] [32mBuilding CXX object src/CMakeFiles/LDMRS_Example.dir/datatypes/EvalCaseResults.cpp.o[0m
[ 40%] [32mBuilding CXX object src/CMakeFiles/LDMRS_Example.dir/datatypes/Polygon2D.cpp.o[0m
[ 41%] [32mBuilding CXX object src/CMakeFiles/sick_ldmrs.dir/datatypes/EvalCases.cpp.o[0m
[ 42%] [32mBuilding CXX object src/CMakeFiles/sick_ldmrs.dir/datatypes/EvalCaseResult.cpp.o[0m
[ 43%] [32mBuilding CXX object src/CMakeFiles/sick_ldmrs.dir/datatypes/EvalCaseResults.cpp.o[0m
[ 44%] [32mBuilding CXX object src/CMakeFiles/sick_ldmrs.dir/datatypes/Polygon2D.cpp.o[0m
[ 45%] [32mBuilding CXX object src/CMakeFiles/sick_ldmrs.dir/datatypes/Polygon3D.cpp.o[0m
[ 46%] [32mBuilding CXX object src/CMakeFiles/sick_ldmrs.dir/datatypes/Trigger.cpp.o[0m
[ 47%] [32mBuilding CXX object src/CMakeFiles/LDMRS_Example.dir/datatypes/Polygon3D.cpp.o[0m
[ 48%] [32mBuilding CXX object src/CMakeFiles/LDMRS_Example.dir/datatypes/Trigger.cpp.o[0m
[ 49%] [32mBuilding CXX object src/CMakeFiles/sick_ldmrs.dir/datatypes/Point2D.cpp.o[0m
[ 49%] [32mBuilding CXX object src/CMakeFiles/sick_ldmrs.dir/datatypes/Point3D.cpp.o[0m
[ 50%] [32mBuilding CXX object src/CMakeFiles/sick_ldmrs.dir/datatypes/Position3D.cpp.o[0m
[ 51%] [32mBuilding CXX object src/CMakeFiles/sick_ldmrs.dir/datatypes/PositionWGS84.cpp.o[0m
[ 52%] [32mBuilding CXX object src/CMakeFiles/sick_ldmrs.dir/datatypes/Circle2D.cpp.o[0m
[ 53%] [32mBuilding CXX object src/CMakeFiles/sick_ldmrs.dir/datatypes/Ellipse2D.cpp.o[0m
[ 54%] [32mBuilding CXX object src/CMakeFiles/sick_ldmrs.dir/datatypes/Box2D.cpp.o[0m
[ 55%] [32mBuilding CXX object src/CMakeFiles/sick_ldmrs.dir/datatypes/Line2D.cpp.o[0m
[ 55%] [32mBuilding CXX object src/CMakeFiles/LDMRS_Example.dir/datatypes/Point3D.cpp.o[0m
[ 56%] [32mBuilding CXX object src/CMakeFiles/LDMRS_Example.dir/datatypes/Point2D.cpp.o[0m
[ 57%] [32mBuilding CXX object src/CMakeFiles/sick_ldmrs.dir/datatypes/Msg.cpp.o[0m
[ 58%] [32mBuilding CXX object src/CMakeFiles/sick_ldmrs.dir/datatypes/Scan.cpp.o[0m
[ 59%] [32mBuilding CXX object src/CMakeFiles/LDMRS_Example.dir/datatypes/Position3D.cpp.o[0m
[ 60%] [32mBuilding CXX object src/CMakeFiles/LDMRS_Example.dir/datatypes/PositionWGS84.cpp.o[0m
[ 61%] [32mBuilding CXX object src/CMakeFiles/sick_ldmrs.dir/datatypes/ScanPoint.cpp.o[0m
[ 62%] [32mBuilding CXX object src/CMakeFiles/sick_ldmrs.dir/datatypes/ScannerInfo.cpp.o[0m
[ 63%] [32mBuilding CXX object src/CMakeFiles/sick_ldmrs.dir/datatypes/Object.cpp.o[0m
[ 64%] [32mBuilding CXX object src/CMakeFiles/LDMRS_Example.dir/datatypes/Circle2D.cpp.o[0m
[ 65%] [32mBuilding CXX object src/CMakeFiles/sick_ldmrs.dir/interfaces/tcp.cpp.o[0m
[ 66%] [32mBuilding CXX object src/CMakeFiles/LDMRS_Example.dir/datatypes/Ellipse2D.cpp.o[0m
[ 67%] [32mBuilding CXX object src/CMakeFiles/sick_ldmrs.dir/interfaces/file.cpp.o[0m
[ 68%] [32mBuilding CXX object src/CMakeFiles/LDMRS_Example.dir/datatypes/Box2D.cpp.o[0m
[ 69%] [32mBuilding CXX object src/CMakeFiles/sick_ldmrs.dir/tools/errorhandler.cpp.o[0m
[ 70%] [32mBuilding CXX object src/CMakeFiles/LDMRS_Example.dir/datatypes/Line2D.cpp.o[0m
[ 71%] [32mBuilding CXX object src/CMakeFiles/sick_ldmrs.dir/tools/SickThread.cpp.o[0m
[ 72%] [32mBuilding CXX object src/CMakeFiles/LDMRS_Example.dir/datatypes/Msg.cpp.o[0m
[ 73%] [32mBuilding CXX object src/CMakeFiles/LDMRS_Example.dir/datatypes/Scan.cpp.o[0m
[ 74%] [32mBuilding CXX object src/CMakeFiles/sick_ldmrs.dir/tools/Mutex.cpp.o[0m
[ 75%] [32mBuilding CXX object src/CMakeFiles/sick_ldmrs.dir/tools/toolbox.cpp.o[0m
[ 76%] [32mBuilding CXX object src/CMakeFiles/sick_ldmrs.dir/tools/MathToolbox.cpp.o[0m
[ 77%] [32mBuilding CXX object src/CMakeFiles/LDMRS_Example.dir/datatypes/ScanPoint.cpp.o[0m
[ 78%] [32mBuilding CXX object src/CMakeFiles/LDMRS_Example.dir/datatypes/ScannerInfo.cpp.o[0m
[ 79%] [32mBuilding CXX object src/CMakeFiles/sick_ldmrs.dir/tools/BasicDataBuffer.cpp.o[0m
[ 80%] [32mBuilding CXX object src/CMakeFiles/sick_ldmrs.dir/tools/Timer.cpp.o[0m
[ 81%] [32mBuilding CXX object src/CMakeFiles/sick_ldmrs.dir/tools/Time.cpp.o[0m
[ 82%] [32mBuilding CXX object src/CMakeFiles/sick_ldmrs.dir/tools/WatchdogTimer.cpp.o[0m
[ 83%] [32mBuilding CXX object src/CMakeFiles/LDMRS_Example.dir/datatypes/Object.cpp.o[0m
[ 84%] [32mBuilding CXX object src/CMakeFiles/LDMRS_Example.dir/interfaces/tcp.cpp.o[0m
[ 85%] [32mBuilding CXX object src/CMakeFiles/LDMRS_Example.dir/interfaces/file.cpp.o[0m
[ 86%] [32mBuilding CXX object src/CMakeFiles/sick_ldmrs.dir/manager.cpp.o[0m
[ 87%] [32mBuilding CXX object src/CMakeFiles/LDMRS_Example.dir/tools/errorhandler.cpp.o[0m
[ 88%] [32mBuilding CXX object src/CMakeFiles/sick_ldmrs.dir/main.cpp.o[0m
[ 89%] [32mBuilding CXX object src/CMakeFiles/LDMRS_Example.dir/tools/Mutex.cpp.o[0m
[ 90%] [32mBuilding CXX object src/CMakeFiles/LDMRS_Example.dir/tools/SickThread.cpp.o[0m
[ 91%] [32mBuilding CXX object src/CMakeFiles/LDMRS_Example.dir/tools/toolbox.cpp.o[0m
[ 92%] [32mBuilding CXX object src/CMakeFiles/LDMRS_Example.dir/tools/MathToolbox.cpp.o[0m
[ 93%] [32mBuilding CXX object src/CMakeFiles/LDMRS_Example.dir/tools/BasicDataBuffer.cpp.o[0m
[ 94%] [32mBuilding CXX object src/CMakeFiles/LDMRS_Example.dir/tools/Timer.cpp.o[0m
[ 95%] [32mBuilding CXX object src/CMakeFiles/LDMRS_Example.dir/tools/Time.cpp.o[0m
[ 96%] [32mBuilding CXX object src/CMakeFiles/LDMRS_Example.dir/tools/WatchdogTimer.cpp.o[0m
[ 97%] [32mBuilding CXX object src/CMakeFiles/LDMRS_Example.dir/manager.cpp.o[0m
[ 98%] [32mBuilding CXX object src/CMakeFiles/LDMRS_Example.dir/main.cpp.o[0m
[ 99%] [32m[1mLinking CXX shared library libsick_ldmrs.so[0m
[ 99%] Built target sick_ldmrs
[100%] [32m[1mLinking CXX executable LDMRS_Example[0m
[100%] Built target LDMRS_Example
