-- Found ament_cmake: 1.3.10 (/home/nls/ros2_humble/install/ament_cmake/share/ament_cmake/cmake)
-- Found ament_lint_auto: 0.12.11 (/home/nls/ros2_humble/install/ament_lint_auto/share/ament_lint_auto/cmake)
-- Added test 'cppcheck' to perform static code analysis on C / C++ code
-- Configured cppcheck include dirs: $<BUILD_INTERFACE:/home/nls/SHK_Arbeit/volksbot/src/gamepad_driver/include>
-- Configured cppcheck exclude dirs and/or files: 
-- Added test 'lint_cmake' to check CMake code style
-- Added test 'uncrustify' to check C / C++ code style
-- Configured uncrustify additional arguments: 
-- Added test 'xmllint' to check XML markup files
-- Configuring done (10.0s)
-- Generating done (0.0s)
-- Build files have been written to: /home/nls/SHK_Arbeit/volksbot/build/gamepad_driver
[ 25%] [32mBuilding CXX object CMakeFiles/gamepad.dir/src/logitechf710.cpp.o[0m
In file included from [01m[K/home/nls/SHK_Arbeit/volksbot/src/gamepad_driver/src/logitechf710.hpp:4[m[K,
                 from [01m[K/home/nls/SHK_Arbeit/volksbot/src/gamepad_driver/src/logitechf710.cpp:4[m[K:
[01m[K/home/nls/SHK_Arbeit/volksbot/src/gamepad_driver/src/logitechf710.cpp:[m[K In member function ‘[01m[Kvirtual void LogitechF::apply_event(js_event)[m[K’:
[01m[K/home/nls/SHK_Arbeit/volksbot/src/gamepad_driver/src/gamepad.hpp:11:21:[m[K [01;31m[Kerror: [m[Kjump to case label
   11 | #define AXIS_TYPE   [01;31m[K2[m[K
      |                     [01;31m[K^[m[K
[01m[K/home/nls/SHK_Arbeit/volksbot/src/gamepad_driver/src/logitechf710.cpp:27:14:[m[K [01;36m[Knote: [m[Kin expansion of macro ‘[01m[KAXIS_TYPE[m[K’
   27 |         case [01;36m[KAXIS_TYPE[m[K:
      |              [01;36m[K^~~~~~~~~[m[K
[01m[K/home/nls/SHK_Arbeit/volksbot/src/gamepad_driver/src/logitechf710.cpp:9:22:[m[K [01;36m[Knote: [m[K  crosses initialization of ‘[01m[Kbutton_t btn[m[K’
    9 |             button_t [01;36m[Kbtn[m[K = (button_t) event.value;
      |                      [01;36m[K^~~[m[K
[01m[K/home/nls/SHK_Arbeit/volksbot/src/gamepad_driver/src/logitechf710.cpp:61:9:[m[K [01;31m[Kerror: [m[Kjump to case label
   61 |         [01;31m[Kdefault[m[K:
      |         [01;31m[K^~~~~~~[m[K
[01m[K/home/nls/SHK_Arbeit/volksbot/src/gamepad_driver/src/logitechf710.cpp:28:20:[m[K [01;36m[Knote: [m[K  crosses initialization of ‘[01m[Kaxis_t val[m[K’
   28 |             axis_t [01;36m[Kval[m[K = (axis_t) event.value;
      |                    [01;36m[K^~~[m[K
[01m[K/home/nls/SHK_Arbeit/volksbot/src/gamepad_driver/src/logitechf710.cpp:9:22:[m[K [01;36m[Knote: [m[K  crosses initialization of ‘[01m[Kbutton_t btn[m[K’
    9 |             button_t [01;36m[Kbtn[m[K = (button_t) event.value;
      |                      [01;36m[K^~~[m[K
make[2]: *** [CMakeFiles/gamepad.dir/build.make:104: CMakeFiles/gamepad.dir/src/logitechf710.cpp.o] Error 1
make[1]: *** [CMakeFiles/Makefile2:137: CMakeFiles/gamepad.dir/all] Error 2
make: *** [Makefile:146: all] Error 2
