[33mCMake Warning (dev) at CMakeLists.txt:2 (project):
  Policy CMP0048 is not set: project() command manages VERSION variables.
  Run "cmake --help-policy CMP0048" for policy details.  Use the cmake_policy
  command to set the policy and suppress this warning.

  The following variable(s) would be set to empty:

    CMAKE_PROJECT_VERSION
    CMAKE_PROJECT_VERSION_MAJOR
    CMAKE_PROJECT_VERSION_MINOR
    CMAKE_PROJECT_VERSION_PATCH
This warning is for project developers.  Use -Wno-dev to suppress it.
[0m
[0mCMake Deprecation Warning at /usr/src/googletest/CMakeLists.txt:4 (cmake_minimum_required):
  Compatibility with CMake < 2.8.12 will be removed from a future version of
  CMake.

  Update the VERSION argument <min> value or use a ...<max> suffix to tell
  CMake that the project does not need compatibility with older versions.

[0m
[0mCMake Deprecation Warning at /usr/src/googletest/googlemock/CMakeLists.txt:45 (cmake_minimum_required):
  Compatibility with CMake < 2.8.12 will be removed from a future version of
  CMake.

  Update the VERSION argument <min> value or use a ...<max> suffix to tell
  CMake that the project does not need compatibility with older versions.

[0m
[0mCMake Deprecation Warning at /usr/src/googletest/googletest/CMakeLists.txt:56 (cmake_minimum_required):
  Compatibility with CMake < 2.8.12 will be removed from a future version of
  CMake.

  Update the VERSION argument <min> value or use a ...<max> suffix to tell
  CMake that the project does not need compatibility with older versions.

[0m
[0mDetected architecture: x86_64[0m
[0mUsing EposCmd library: /home/max/Documents/Hiwi/ROS2_volksbots/volksbot/libEposCmd/x86_64/libEposCmd.so[0m
[0mlib[0m
[31mCMake Error in CMakeLists.txt:
  No cmake_minimum_required command is present.  A line of code such as

    cmake_minimum_required(VERSION 3.25)

  should be added at the top of the file.  The version specified may be lower
  if you wish to support older CMake versions for this project.  For more
  information run "cmake --help-policy CMP0000".

[0m
make: *** [Makefile:2008: cmake_check_build_system] Error 1
