[33mCMake Warning (dev) at CMakeLists.txt:2 (project):
  Policy CMP0048 is not set: project() command manages VERSION variables.
  Run "cmake --help-policy CMP0048" for policy details.  Use the cmake_policy
  command to set the policy and suppress this warning.

  The following variable(s) would be set to empty:

    CMAKE_PROJECT_VERSION
    CMAKE_PROJECT_VERSION_MAJOR
    CMAKE_PROJECT_VERSION_MINOR
    CMAKE_PROJECT_VERSION_PATCH
This warning is for project developers.  Use -Wno-dev to suppress it.
[0m
-- Using CATKIN_DEVEL_PREFIX: /home/max/Documents/Hiwi/ROS2_volksbots/build/volksbot/devel
-- Using CMAKE_PREFIX_PATH: /home/max/Documents/Hiwi/ROS2_volksbots/install/lms100;/opt/ros/noetic
-- This workspace overlays: /home/max/Documents/Hiwi/ROS2_volksbots/install/lms100;/opt/ros/noetic
-- Found PythonInterp: /usr/bin/python3 (found suitable version "3.8.10", minimum required is "3") 
-- Using PYTHON_EXECUTABLE: /usr/bin/python3
-- Using Debian Python package layout
-- Using empy: /usr/lib/python3/dist-packages/em.py
-- Using CATKIN_ENABLE_TESTING: ON
-- Call enable_testing()
-- Using CATKIN_TEST_RESULTS_DIR: /home/max/Documents/Hiwi/ROS2_volksbots/build/volksbot/test_results
-- Forcing gtest/gmock from source, though one was otherwise available.
-- Found gtest sources under '/usr/src/googletest': gtests will be built
-- Found gmock sources under '/usr/src/googletest': gmock will be built
[0mCMake Deprecation Warning at /usr/src/googletest/CMakeLists.txt:4 (cmake_minimum_required):
  Compatibility with CMake < 2.8.12 will be removed from a future version of
  CMake.

  Update the VERSION argument <min> value or use a ...<max> suffix to tell
  CMake that the project does not need compatibility with older versions.

[0m
[0mCMake Deprecation Warning at /usr/src/googletest/googlemock/CMakeLists.txt:45 (cmake_minimum_required):
  Compatibility with CMake < 2.8.12 will be removed from a future version of
  CMake.

  Update the VERSION argument <min> value or use a ...<max> suffix to tell
  CMake that the project does not need compatibility with older versions.

[0m
[0mCMake Deprecation Warning at /usr/src/googletest/googletest/CMakeLists.txt:56 (cmake_minimum_required):
  Compatibility with CMake < 2.8.12 will be removed from a future version of
  CMake.

  Update the VERSION argument <min> value or use a ...<max> suffix to tell
  CMake that the project does not need compatibility with older versions.

[0m
-- Found PythonInterp: /usr/bin/python3 (found version "3.8.10") 
-- Using Python nosetests: /usr/bin/nosetests3
-- catkin 0.8.10
-- BUILD_SHARED_LIBS is on
-- Using these message generators: gencpp;geneus;genlisp;gennodejs;genpy
-- volksbot: 3 messages, 1 services
[0mDetected architecture: x86_64[0m
[0mUsing EposCmd library: /home/max/Documents/Hiwi/ROS2_volksbots/volksbot/libEposCmd/x86_64/libEposCmd.so[0m
[0mlib[0m
-- STATUS: include/volksbot
-- STATUS: include
-- STATUS: include/volksbot
-- STATUS: /home/max/Documents/Hiwi/ROS2_volksbots/build/volksbot/devel/include/
[31mCMake Error in CMakeLists.txt:
  No cmake_minimum_required command is present.  A line of code such as

    cmake_minimum_required(VERSION 3.25)

  should be added at the top of the file.  The version specified may be lower
  if you wish to support older CMake versions for this project.  For more
  information run "cmake --help-policy CMP0000".

[0m
-- Configuring incomplete, errors occurred!
See also "/home/max/Documents/Hiwi/ROS2_volksbots/build/volksbot/CMakeFiles/CMakeOutput.log".
See also "/home/max/Documents/Hiwi/ROS2_volksbots/build/volksbot/CMakeFiles/CMakeError.log".
make: *** [Makefile:2008: cmake_check_build_system] Error 1
