[0.360s] Invoking command in '/home/max/Documents/Hiwi/ROS2_volksbots/build/volksbot': CMAKE_PREFIX_PATH=/home/max/Documents/Hiwi/ROS2_volksbots/install/lms100:${CMAKE_PREFIX_PATH} PKG_CONFIG_PATH=/home/max/Documents/Hiwi/ROS2_volksbots/install/lms100/lib/x86_64-linux-gnu/pkgconfig:/home/max/Documents/Hiwi/ROS2_volksbots/install/lms100/lib/pkgconfig:${PKG_CONFIG_PATH} ROS_PACKAGE_PATH=/home/max/Documents/Hiwi/ROS2_volksbots/install/lms100/share:${ROS_PACKAGE_PATH} /usr/bin/cmake --build /home/max/Documents/Hiwi/ROS2_volksbots/build/volksbot -- -j8 -l8
[0.368s] [0mCMake Deprecation Warning at CMakeLists.txt:1 (cmake_minimum_required):
[0.368s]   Compatibility with CMake < 2.8.12 will be removed from a future version of
[0.368s]   CMake.
[0.368s] 
[0.368s]   Update the VERSION argument <min> value or use a ...<max> suffix to tell
[0.368s]   CMake that the project does not need compatibility with older versions.
[0.368s] 
[0.368s] [0m
[0.368s] [33mCMake Warning (dev) at CMakeLists.txt:2 (project):
[0.368s]   Policy CMP0048 is not set: project() command manages VERSION variables.
[0.368s]   Run "cmake --help-policy CMP0048" for policy details.  Use the cmake_policy
[0.368s]   command to set the policy and suppress this warning.
[0.368s] 
[0.368s]   The following variable(s) would be set to empty:
[0.368s] 
[0.368s]     CMAKE_PROJECT_VERSION
[0.368s]     CMAKE_PROJECT_VERSION_MAJOR
[0.369s]     CMAKE_PROJECT_VERSION_MINOR
[0.369s]     CMAKE_PROJECT_VERSION_PATCH
[0.369s] This warning is for project developers.  Use -Wno-dev to suppress it.
[0.369s] [0m
[0.376s] -- Using CATKIN_DEVEL_PREFIX: /home/max/Documents/Hiwi/ROS2_volksbots/build/volksbot/devel
[0.376s] -- Using CMAKE_PREFIX_PATH: /home/max/Documents/Hiwi/ROS2_volksbots/install/lms100;/opt/ros/noetic
[0.376s] -- This workspace overlays: /home/max/Documents/Hiwi/ROS2_volksbots/install/lms100;/opt/ros/noetic
[0.395s] -- Found PythonInterp: /usr/bin/python3 (found suitable version "3.8.10", minimum required is "3") 
[0.395s] -- Using PYTHON_EXECUTABLE: /usr/bin/python3
[0.395s] -- Using Debian Python package layout
[0.395s] -- Using empy: /usr/lib/python3/dist-packages/em.py
[0.500s] -- Using CATKIN_ENABLE_TESTING: ON
[0.500s] -- Call enable_testing()
[0.500s] -- Using CATKIN_TEST_RESULTS_DIR: /home/max/Documents/Hiwi/ROS2_volksbots/build/volksbot/test_results
[0.540s] -- Forcing gtest/gmock from source, though one was otherwise available.
[0.540s] -- Found gtest sources under '/usr/src/googletest': gtests will be built
[0.540s] -- Found gmock sources under '/usr/src/googletest': gmock will be built
[0.540s] [0mCMake Deprecation Warning at /usr/src/googletest/CMakeLists.txt:4 (cmake_minimum_required):
[0.540s]   Compatibility with CMake < 2.8.12 will be removed from a future version of
[0.540s]   CMake.
[0.541s] 
[0.541s]   Update the VERSION argument <min> value or use a ...<max> suffix to tell
[0.541s]   CMake that the project does not need compatibility with older versions.
[0.541s] 
[0.541s] [0m
[0.544s] [0mCMake Deprecation Warning at /usr/src/googletest/googlemock/CMakeLists.txt:45 (cmake_minimum_required):
[0.544s]   Compatibility with CMake < 2.8.12 will be removed from a future version of
[0.544s]   CMake.
[0.544s] 
[0.544s]   Update the VERSION argument <min> value or use a ...<max> suffix to tell
[0.544s]   CMake that the project does not need compatibility with older versions.
[0.544s] 
[0.544s] [0m
[0.545s] [0mCMake Deprecation Warning at /usr/src/googletest/googletest/CMakeLists.txt:56 (cmake_minimum_required):
[0.545s]   Compatibility with CMake < 2.8.12 will be removed from a future version of
[0.545s]   CMake.
[0.545s] 
[0.545s]   Update the VERSION argument <min> value or use a ...<max> suffix to tell
[0.545s]   CMake that the project does not need compatibility with older versions.
[0.545s] 
[0.545s] [0m
[0.562s] -- Found PythonInterp: /usr/bin/python3 (found version "3.8.10") 
[0.567s] -- Using Python nosetests: /usr/bin/nosetests3
[0.611s] -- catkin 0.8.10
[0.611s] -- BUILD_SHARED_LIBS is on
[0.741s] -- Using these message generators: gencpp;geneus;genlisp;gennodejs;genpy
[0.840s] [31mCMake Error at /opt/ros/noetic/share/catkin/cmake/custom_install.cmake:13 (_install):
[0.840s]   _install TARGETS given target "odo" which does not exist.
[0.841s] Call Stack (most recent call first):
[0.841s]   CMakeLists.txt:22 (install)
[0.841s] 
[0.841s] [0m
[0.841s] -- Configuring incomplete, errors occurred!
[0.841s] See also "/home/max/Documents/Hiwi/ROS2_volksbots/build/volksbot/CMakeFiles/CMakeOutput.log".
[0.841s] See also "/home/max/Documents/Hiwi/ROS2_volksbots/build/volksbot/CMakeFiles/CMakeError.log".
[0.844s] make: *** [Makefile:2008: cmake_check_build_system] Error 1
[0.845s] Invoked command in '/home/max/Documents/Hiwi/ROS2_volksbots/build/volksbot' returned '2': CMAKE_PREFIX_PATH=/home/max/Documents/Hiwi/ROS2_volksbots/install/lms100:${CMAKE_PREFIX_PATH} PKG_CONFIG_PATH=/home/max/Documents/Hiwi/ROS2_volksbots/install/lms100/lib/x86_64-linux-gnu/pkgconfig:/home/max/Documents/Hiwi/ROS2_volksbots/install/lms100/lib/pkgconfig:${PKG_CONFIG_PATH} ROS_PACKAGE_PATH=/home/max/Documents/Hiwi/ROS2_volksbots/install/lms100/share:${ROS_PACKAGE_PATH} /usr/bin/cmake --build /home/max/Documents/Hiwi/ROS2_volksbots/build/volksbot -- -j8 -l8
