[0.374s] Invoking command in '/home/max/Documents/Hiwi/ROS2_volksbots/build/volksbot': CMAKE_PREFIX_PATH=/home/max/Documents/Hiwi/ROS2_volksbots/install/lms100:${CMAKE_PREFIX_PATH} PKG_CONFIG_PATH=/home/max/Documents/Hiwi/ROS2_volksbots/install/lms100/lib/x86_64-linux-gnu/pkgconfig:/home/max/Documents/Hiwi/ROS2_volksbots/install/lms100/lib/pkgconfig:${PKG_CONFIG_PATH} ROS_PACKAGE_PATH=/home/max/Documents/Hiwi/ROS2_volksbots/install/lms100/share:${ROS_PACKAGE_PATH} /usr/bin/cmake --build /home/max/Documents/Hiwi/ROS2_volksbots/build/volksbot -- -j8 -l8
[0.396s] [  0%] Built target std_msgs_generate_messages_py
[0.396s] [  0%] Built target std_msgs_generate_messages_eus
[0.396s] [  0%] Built target std_msgs_generate_messages_cpp
[0.397s] [  0%] Built target std_msgs_generate_messages_lisp
[0.404s] [  0%] Built target std_msgs_generate_messages_nodejs
[0.428s] [  0%] Built target _volksbot_generate_messages_check_deps_vels
[0.428s] [  0%] Built target _volksbot_generate_messages_check_deps_ticks
[0.441s] [  0%] Built target _volksbot_generate_messages_check_deps_pose2d
[0.441s] [  0%] Built target _volksbot_generate_messages_check_deps_velocities
[0.449s] [ 15%] Built target volksbot_generate_messages_eus
[0.449s] [ 15%] Built target volksbot_generate_messages_lisp
[0.449s] [ 22%] Built target volksbot_generate_messages_cpp
[0.449s] [ 32%] Built target volksbot_generate_messages_py
[0.450s] [ 38%] Built target volksbot_generate_messages_nodejs
[0.465s] [ 38%] Built target volksbot_generate_messages
[0.468s] [ 42%] Built target kbcontrol
[0.469s] [ 45%] Built target EPOS2
[0.473s] [ 52%] Built target odo
[0.473s] [ 52%] Built target calibration
[0.473s] [ 57%] Built target odometry
[0.476s] [ 86%] Built target VMCLIB
[0.479s] [ 96%] Built target jscontrol
[0.491s] [100%] Built target volksbot
[0.495s] Invoked command in '/home/max/Documents/Hiwi/ROS2_volksbots/build/volksbot' returned '0': CMAKE_PREFIX_PATH=/home/max/Documents/Hiwi/ROS2_volksbots/install/lms100:${CMAKE_PREFIX_PATH} PKG_CONFIG_PATH=/home/max/Documents/Hiwi/ROS2_volksbots/install/lms100/lib/x86_64-linux-gnu/pkgconfig:/home/max/Documents/Hiwi/ROS2_volksbots/install/lms100/lib/pkgconfig:${PKG_CONFIG_PATH} ROS_PACKAGE_PATH=/home/max/Documents/Hiwi/ROS2_volksbots/install/lms100/share:${ROS_PACKAGE_PATH} /usr/bin/cmake --build /home/max/Documents/Hiwi/ROS2_volksbots/build/volksbot -- -j8 -l8
[0.562s] Invoking command in '/home/max/Documents/Hiwi/ROS2_volksbots/build/volksbot': CMAKE_PREFIX_PATH=/home/max/Documents/Hiwi/ROS2_volksbots/install/lms100:${CMAKE_PREFIX_PATH} PKG_CONFIG_PATH=/home/max/Documents/Hiwi/ROS2_volksbots/install/lms100/lib/x86_64-linux-gnu/pkgconfig:/home/max/Documents/Hiwi/ROS2_volksbots/install/lms100/lib/pkgconfig:${PKG_CONFIG_PATH} ROS_PACKAGE_PATH=/home/max/Documents/Hiwi/ROS2_volksbots/install/lms100/share:${ROS_PACKAGE_PATH} /usr/bin/cmake --build /home/max/Documents/Hiwi/ROS2_volksbots/build/volksbot --target tests -- -j8 -l8
[0.588s] Built target tests
[0.592s] Invoked command in '/home/max/Documents/Hiwi/ROS2_volksbots/build/volksbot' returned '0': CMAKE_PREFIX_PATH=/home/max/Documents/Hiwi/ROS2_volksbots/install/lms100:${CMAKE_PREFIX_PATH} PKG_CONFIG_PATH=/home/max/Documents/Hiwi/ROS2_volksbots/install/lms100/lib/x86_64-linux-gnu/pkgconfig:/home/max/Documents/Hiwi/ROS2_volksbots/install/lms100/lib/pkgconfig:${PKG_CONFIG_PATH} ROS_PACKAGE_PATH=/home/max/Documents/Hiwi/ROS2_volksbots/install/lms100/share:${ROS_PACKAGE_PATH} /usr/bin/cmake --build /home/max/Documents/Hiwi/ROS2_volksbots/build/volksbot --target tests -- -j8 -l8
[0.669s] Invoking command in '/home/max/Documents/Hiwi/ROS2_volksbots/build/volksbot': CMAKE_PREFIX_PATH=/home/max/Documents/Hiwi/ROS2_volksbots/install/lms100:${CMAKE_PREFIX_PATH} PKG_CONFIG_PATH=/home/max/Documents/Hiwi/ROS2_volksbots/install/lms100/lib/x86_64-linux-gnu/pkgconfig:/home/max/Documents/Hiwi/ROS2_volksbots/install/lms100/lib/pkgconfig:${PKG_CONFIG_PATH} ROS_PACKAGE_PATH=/home/max/Documents/Hiwi/ROS2_volksbots/install/lms100/share:${ROS_PACKAGE_PATH} /usr/bin/cmake --install /home/max/Documents/Hiwi/ROS2_volksbots/build/volksbot
[0.672s] -- Install configuration: ""
[0.672s] -- Up-to-date: /home/max/Documents/Hiwi/ROS2_volksbots/install/volksbot/share/volksbot/msg/pose2d.msg
[0.672s] -- Up-to-date: /home/max/Documents/Hiwi/ROS2_volksbots/install/volksbot/share/volksbot/msg/ticks.msg
[0.672s] -- Up-to-date: /home/max/Documents/Hiwi/ROS2_volksbots/install/volksbot/share/volksbot/msg/vels.msg
[0.673s] -- Up-to-date: /home/max/Documents/Hiwi/ROS2_volksbots/install/volksbot/share/volksbot/srv/velocities.srv
[0.673s] -- Up-to-date: /home/max/Documents/Hiwi/ROS2_volksbots/install/volksbot/share/volksbot/cmake/volksbot-msg-paths.cmake
[0.673s] -- Up-to-date: /home/max/Documents/Hiwi/ROS2_volksbots/install/volksbot/include/volksbot
[0.673s] -- Up-to-date: /home/max/Documents/Hiwi/ROS2_volksbots/install/volksbot/include/volksbot/velocitiesRequest.h
[0.673s] -- Up-to-date: /home/max/Documents/Hiwi/ROS2_volksbots/install/volksbot/include/volksbot/vels.h
[0.673s] -- Up-to-date: /home/max/Documents/Hiwi/ROS2_volksbots/install/volksbot/include/volksbot/velocitiesResponse.h
[0.673s] -- Up-to-date: /home/max/Documents/Hiwi/ROS2_volksbots/install/volksbot/include/volksbot/ticks.h
[0.673s] -- Up-to-date: /home/max/Documents/Hiwi/ROS2_volksbots/install/volksbot/include/volksbot/pose2d.h
[0.673s] -- Up-to-date: /home/max/Documents/Hiwi/ROS2_volksbots/install/volksbot/include/volksbot/velocities.h
[0.673s] -- Up-to-date: /home/max/Documents/Hiwi/ROS2_volksbots/install/volksbot/share/roseus/ros/volksbot
[0.673s] -- Up-to-date: /home/max/Documents/Hiwi/ROS2_volksbots/install/volksbot/share/roseus/ros/volksbot/manifest.l
[0.674s] -- Up-to-date: /home/max/Documents/Hiwi/ROS2_volksbots/install/volksbot/share/roseus/ros/volksbot/srv
[0.674s] -- Up-to-date: /home/max/Documents/Hiwi/ROS2_volksbots/install/volksbot/share/roseus/ros/volksbot/srv/velocities.l
[0.674s] -- Up-to-date: /home/max/Documents/Hiwi/ROS2_volksbots/install/volksbot/share/roseus/ros/volksbot/msg
[0.674s] -- Up-to-date: /home/max/Documents/Hiwi/ROS2_volksbots/install/volksbot/share/roseus/ros/volksbot/msg/ticks.l
[0.674s] -- Up-to-date: /home/max/Documents/Hiwi/ROS2_volksbots/install/volksbot/share/roseus/ros/volksbot/msg/vels.l
[0.674s] -- Up-to-date: /home/max/Documents/Hiwi/ROS2_volksbots/install/volksbot/share/roseus/ros/volksbot/msg/pose2d.l
[0.674s] -- Up-to-date: /home/max/Documents/Hiwi/ROS2_volksbots/install/volksbot/share/common-lisp/ros/volksbot
[0.674s] -- Up-to-date: /home/max/Documents/Hiwi/ROS2_volksbots/install/volksbot/share/common-lisp/ros/volksbot/srv
[0.674s] -- Up-to-date: /home/max/Documents/Hiwi/ROS2_volksbots/install/volksbot/share/common-lisp/ros/volksbot/srv/_package.lisp
[0.674s] -- Up-to-date: /home/max/Documents/Hiwi/ROS2_volksbots/install/volksbot/share/common-lisp/ros/volksbot/srv/volksbot-srv.asd
[0.674s] -- Up-to-date: /home/max/Documents/Hiwi/ROS2_volksbots/install/volksbot/share/common-lisp/ros/volksbot/srv/_package_velocities.lisp
[0.674s] -- Up-to-date: /home/max/Documents/Hiwi/ROS2_volksbots/install/volksbot/share/common-lisp/ros/volksbot/srv/velocities.lisp
[0.675s] -- Up-to-date: /home/max/Documents/Hiwi/ROS2_volksbots/install/volksbot/share/common-lisp/ros/volksbot/msg
[0.675s] -- Up-to-date: /home/max/Documents/Hiwi/ROS2_volksbots/install/volksbot/share/common-lisp/ros/volksbot/msg/_package.lisp
[0.675s] -- Up-to-date: /home/max/Documents/Hiwi/ROS2_volksbots/install/volksbot/share/common-lisp/ros/volksbot/msg/_package_ticks.lisp
[0.675s] -- Up-to-date: /home/max/Documents/Hiwi/ROS2_volksbots/install/volksbot/share/common-lisp/ros/volksbot/msg/volksbot-msg.asd
[0.675s] -- Up-to-date: /home/max/Documents/Hiwi/ROS2_volksbots/install/volksbot/share/common-lisp/ros/volksbot/msg/vels.lisp
[0.675s] -- Up-to-date: /home/max/Documents/Hiwi/ROS2_volksbots/install/volksbot/share/common-lisp/ros/volksbot/msg/_package_pose2d.lisp
[0.675s] -- Up-to-date: /home/max/Documents/Hiwi/ROS2_volksbots/install/volksbot/share/common-lisp/ros/volksbot/msg/_package_vels.lisp
[0.675s] -- Up-to-date: /home/max/Documents/Hiwi/ROS2_volksbots/install/volksbot/share/common-lisp/ros/volksbot/msg/ticks.lisp
[0.675s] -- Up-to-date: /home/max/Documents/Hiwi/ROS2_volksbots/install/volksbot/share/common-lisp/ros/volksbot/msg/pose2d.lisp
[0.675s] -- Up-to-date: /home/max/Documents/Hiwi/ROS2_volksbots/install/volksbot/share/gennodejs/ros/volksbot
[0.675s] -- Up-to-date: /home/max/Documents/Hiwi/ROS2_volksbots/install/volksbot/share/gennodejs/ros/volksbot/srv
[0.676s] -- Up-to-date: /home/max/Documents/Hiwi/ROS2_volksbots/install/volksbot/share/gennodejs/ros/volksbot/srv/velocities.js
[0.676s] -- Up-to-date: /home/max/Documents/Hiwi/ROS2_volksbots/install/volksbot/share/gennodejs/ros/volksbot/srv/_index.js
[0.676s] -- Up-to-date: /home/max/Documents/Hiwi/ROS2_volksbots/install/volksbot/share/gennodejs/ros/volksbot/msg
[0.676s] -- Up-to-date: /home/max/Documents/Hiwi/ROS2_volksbots/install/volksbot/share/gennodejs/ros/volksbot/msg/pose2d.js
[0.676s] -- Up-to-date: /home/max/Documents/Hiwi/ROS2_volksbots/install/volksbot/share/gennodejs/ros/volksbot/msg/vels.js
[0.676s] -- Up-to-date: /home/max/Documents/Hiwi/ROS2_volksbots/install/volksbot/share/gennodejs/ros/volksbot/msg/_index.js
[0.676s] -- Up-to-date: /home/max/Documents/Hiwi/ROS2_volksbots/install/volksbot/share/gennodejs/ros/volksbot/msg/ticks.js
[0.676s] -- Up-to-date: /home/max/Documents/Hiwi/ROS2_volksbots/install/volksbot/share/gennodejs/ros/volksbot/_index.js
[0.697s] Listing '/home/max/Documents/Hiwi/ROS2_volksbots/build/volksbot/devel/lib/python3/dist-packages/volksbot'...
[0.697s] Listing '/home/max/Documents/Hiwi/ROS2_volksbots/build/volksbot/devel/lib/python3/dist-packages/volksbot/msg'...
[0.697s] Listing '/home/max/Documents/Hiwi/ROS2_volksbots/build/volksbot/devel/lib/python3/dist-packages/volksbot/srv'...
[0.700s] -- Up-to-date: /home/max/Documents/Hiwi/ROS2_volksbots/install/volksbot/lib/python3/dist-packages/volksbot
[0.700s] -- Up-to-date: /home/max/Documents/Hiwi/ROS2_volksbots/install/volksbot/lib/python3/dist-packages/volksbot/__init__.py
[0.701s] -- Up-to-date: /home/max/Documents/Hiwi/ROS2_volksbots/install/volksbot/lib/python3/dist-packages/volksbot/srv
[0.701s] -- Up-to-date: /home/max/Documents/Hiwi/ROS2_volksbots/install/volksbot/lib/python3/dist-packages/volksbot/srv/_velocities.py
[0.701s] -- Up-to-date: /home/max/Documents/Hiwi/ROS2_volksbots/install/volksbot/lib/python3/dist-packages/volksbot/srv/__init__.py
[0.701s] -- Up-to-date: /home/max/Documents/Hiwi/ROS2_volksbots/install/volksbot/lib/python3/dist-packages/volksbot/srv/__pycache__
[0.701s] -- Up-to-date: /home/max/Documents/Hiwi/ROS2_volksbots/install/volksbot/lib/python3/dist-packages/volksbot/srv/__pycache__/_velocities.cpython-38.pyc
[0.701s] -- Up-to-date: /home/max/Documents/Hiwi/ROS2_volksbots/install/volksbot/lib/python3/dist-packages/volksbot/srv/__pycache__/__init__.cpython-38.pyc
[0.701s] -- Up-to-date: /home/max/Documents/Hiwi/ROS2_volksbots/install/volksbot/lib/python3/dist-packages/volksbot/msg
[0.701s] -- Up-to-date: /home/max/Documents/Hiwi/ROS2_volksbots/install/volksbot/lib/python3/dist-packages/volksbot/msg/_ticks.py
[0.701s] -- Up-to-date: /home/max/Documents/Hiwi/ROS2_volksbots/install/volksbot/lib/python3/dist-packages/volksbot/msg/_vels.py
[0.702s] -- Up-to-date: /home/max/Documents/Hiwi/ROS2_volksbots/install/volksbot/lib/python3/dist-packages/volksbot/msg/__init__.py
[0.702s] -- Up-to-date: /home/max/Documents/Hiwi/ROS2_volksbots/install/volksbot/lib/python3/dist-packages/volksbot/msg/_pose2d.py
[0.702s] -- Up-to-date: /home/max/Documents/Hiwi/ROS2_volksbots/install/volksbot/lib/python3/dist-packages/volksbot/msg/__pycache__
[0.702s] -- Up-to-date: /home/max/Documents/Hiwi/ROS2_volksbots/install/volksbot/lib/python3/dist-packages/volksbot/msg/__pycache__/_pose2d.cpython-38.pyc
[0.702s] -- Up-to-date: /home/max/Documents/Hiwi/ROS2_volksbots/install/volksbot/lib/python3/dist-packages/volksbot/msg/__pycache__/_vels.cpython-38.pyc
[0.702s] -- Up-to-date: /home/max/Documents/Hiwi/ROS2_volksbots/install/volksbot/lib/python3/dist-packages/volksbot/msg/__pycache__/_ticks.cpython-38.pyc
[0.702s] -- Up-to-date: /home/max/Documents/Hiwi/ROS2_volksbots/install/volksbot/lib/python3/dist-packages/volksbot/msg/__pycache__/__init__.cpython-38.pyc
[0.702s] -- Up-to-date: /home/max/Documents/Hiwi/ROS2_volksbots/install/volksbot/lib/python3/dist-packages/volksbot/__pycache__
[0.702s] -- Up-to-date: /home/max/Documents/Hiwi/ROS2_volksbots/install/volksbot/lib/python3/dist-packages/volksbot/__pycache__/__init__.cpython-38.pyc
[0.702s] -- Up-to-date: /home/max/Documents/Hiwi/ROS2_volksbots/install/volksbot/lib/pkgconfig/volksbot.pc
[0.703s] -- Up-to-date: /home/max/Documents/Hiwi/ROS2_volksbots/install/volksbot/share/volksbot/cmake/volksbot-msg-extras.cmake
[0.703s] -- Up-to-date: /home/max/Documents/Hiwi/ROS2_volksbots/install/volksbot/share/volksbot/cmake/volksbotConfig.cmake
[0.703s] -- Up-to-date: /home/max/Documents/Hiwi/ROS2_volksbots/install/volksbot/share/volksbot/cmake/volksbotConfig-version.cmake
[0.703s] -- Up-to-date: /home/max/Documents/Hiwi/ROS2_volksbots/install/volksbot/share/volksbot/package.xml
[0.703s] -- Up-to-date: /home/max/Documents/Hiwi/ROS2_volksbots/install/volksbot/lib/libEposCmd.so
[0.703s] -- Up-to-date: /home/max/Documents/Hiwi/ROS2_volksbots/install/volksbot/lib/libodo.so
[0.703s] -- Up-to-date: /home/max/Documents/Hiwi/ROS2_volksbots/install/volksbot/lib/libVMCLIB.so
[0.704s] -- Up-to-date: /home/max/Documents/Hiwi/ROS2_volksbots/install/volksbot/lib/volksbot/volksbot-targets.cmake
[0.704s] -- Up-to-date: /home/max/Documents/Hiwi/ROS2_volksbots/install/volksbot/lib/volksbot/volksbot-targets-noconfig.cmake
[0.704s] Invoked command in '/home/max/Documents/Hiwi/ROS2_volksbots/build/volksbot' returned '0': CMAKE_PREFIX_PATH=/home/max/Documents/Hiwi/ROS2_volksbots/install/lms100:${CMAKE_PREFIX_PATH} PKG_CONFIG_PATH=/home/max/Documents/Hiwi/ROS2_volksbots/install/lms100/lib/x86_64-linux-gnu/pkgconfig:/home/max/Documents/Hiwi/ROS2_volksbots/install/lms100/lib/pkgconfig:${PKG_CONFIG_PATH} ROS_PACKAGE_PATH=/home/max/Documents/Hiwi/ROS2_volksbots/install/lms100/share:${ROS_PACKAGE_PATH} /usr/bin/cmake --install /home/max/Documents/Hiwi/ROS2_volksbots/build/volksbot
