[0mCMake Deprecation Warning at CMakeLists.txt:1 (cmake_minimum_required):
  Compatibility with CMake < 2.8.12 will be removed from a future version of
  CMake.

  Update the VERSION argument <min> value or use a ...<max> suffix to tell
  CMake that the project does not need compatibility with older versions.

[0m
[33mCMake Warning (dev) at CMakeLists.txt:2 (project):
  Policy CMP0048 is not set: project() command manages VERSION variables.
  Run "cmake --help-policy CMP0048" for policy details.  Use the cmake_policy
  command to set the policy and suppress this warning.

  The following variable(s) would be set to empty:

    CMAKE_PROJECT_VERSION
    CMAKE_PROJECT_VERSION_MAJOR
    CMAKE_PROJECT_VERSION_MINOR
    CMAKE_PROJECT_VERSION_PATCH
This warning is for project developers.  Use -Wno-dev to suppress it.
[0m
[0mCMake Deprecation Warning at /usr/src/googletest/CMakeLists.txt:4 (cmake_minimum_required):
  Compatibility with CMake < 2.8.12 will be removed from a future version of
  CMake.

  Update the VERSION argument <min> value or use a ...<max> suffix to tell
  CMake that the project does not need compatibility with older versions.

[0m
[0mCMake Deprecation Warning at /usr/src/googletest/googlemock/CMakeLists.txt:45 (cmake_minimum_required):
  Compatibility with CMake < 2.8.12 will be removed from a future version of
  CMake.

  Update the VERSION argument <min> value or use a ...<max> suffix to tell
  CMake that the project does not need compatibility with older versions.

[0m
[0mCMake Deprecation Warning at /usr/src/googletest/googletest/CMakeLists.txt:56 (cmake_minimum_required):
  Compatibility with CMake < 2.8.12 will be removed from a future version of
  CMake.

  Update the VERSION argument <min> value or use a ...<max> suffix to tell
  CMake that the project does not need compatibility with older versions.

[0m
/usr/bin/ld: devel/lib/libEPOS2.so: undefined reference to `VCS_GetEnableState'
/usr/bin/ld: devel/lib/libEPOS2.so: undefined reference to `VCS_GetFaultState'
/usr/bin/ld: devel/lib/libEPOS2.so: undefined reference to `VCS_GetProtocolStackSettings'
/usr/bin/ld: devel/lib/libEPOS2.so: undefined reference to `VCS_SetProtocolStackSettings'
/usr/bin/ld: devel/lib/libEPOS2.so: undefined reference to `VCS_ClearFault'
/usr/bin/ld: devel/lib/libEPOS2.so: undefined reference to `VCS_ActivateProfileVelocityMode'
/usr/bin/ld: devel/lib/libEPOS2.so: undefined reference to `VCS_MoveWithVelocity'
/usr/bin/ld: devel/lib/libEPOS2.so: undefined reference to `VCS_SetEnableState'
/usr/bin/ld: devel/lib/libEPOS2.so: undefined reference to `VCS_OpenDevice'
/usr/bin/ld: devel/lib/libEPOS2.so: undefined reference to `VCS_CloseDevice'
/usr/bin/ld: devel/lib/libEPOS2.so: undefined reference to `VCS_GetPositionIs'
/usr/bin/ld: devel/lib/libEPOS2.so: undefined reference to `VCS_HaltVelocityMovement'
collect2: error: ld returned 1 exit status
make[2]: *** [CMakeFiles/volksbot.dir/build.make:121: devel/lib/volksbot/volksbot] Error 1
make[1]: *** [CMakeFiles/Makefile2:2007: CMakeFiles/volksbot.dir/all] Error 2
make: *** [Makefile:146: all] Error 2
