-- Using CATKIN_DEVEL_PREFIX: /home/max/Documents/Hiwi/ROS2_volksbots/build/volksbot/devel
-- Using CMAKE_PREFIX_PATH: /home/max/Documents/Hiwi/ROS2_volksbots/install/lms100;/opt/ros/noetic
-- This workspace overlays: /home/max/Documents/Hiwi/ROS2_volksbots/install/lms100;/opt/ros/noetic
-- Found PythonInterp: /usr/bin/python3 (found suitable version "3.8.10", minimum required is "3") 
-- Using PYTHON_EXECUTABLE: /usr/bin/python3
-- Using Debian Python package layout
-- Using empy: /usr/lib/python3/dist-packages/em.py
-- Using CATKIN_ENABLE_TESTING: ON
-- Call enable_testing()
-- Using CATKIN_TEST_RESULTS_DIR: /home/max/Documents/Hiwi/ROS2_volksbots/build/volksbot/test_results
-- Forcing gtest/gmock from source, though one was otherwise available.
-- Found gtest sources under '/usr/src/googletest': gtests will be built
-- Found gmock sources under '/usr/src/googletest': gmock will be built
-- Found PythonInterp: /usr/bin/python3 (found version "3.8.10") 
-- Using Python nosetests: /usr/bin/nosetests3
-- catkin 0.8.10
-- BUILD_SHARED_LIBS is on
-- Using these message generators: gencpp;geneus;genlisp;gennodejs;genpy
-- volksbot: 3 messages, 1 services
-- STATUS: include/volksbot
-- STATUS: include
-- STATUS: include/volksbot
-- STATUS: /home/max/Documents/Hiwi/ROS2_volksbots/build/volksbot/devel/include/
-- Configuring done
-- Generating done
-- Build files have been written to: /home/max/Documents/Hiwi/ROS2_volksbots/build/volksbot
[  0%] Built target std_msgs_generate_messages_py
[  0%] Built target std_msgs_generate_messages_cpp
[  0%] Built target std_msgs_generate_messages_eus
[  0%] Built target std_msgs_generate_messages_lisp
[  0%] Built target std_msgs_generate_messages_nodejs
[  0%] Built target _volksbot_generate_messages_check_deps_pose2d
[  0%] Built target _volksbot_generate_messages_check_deps_ticks
[  0%] Built target _volksbot_generate_messages_check_deps_velocities
[  0%] Built target _volksbot_generate_messages_check_deps_vels
[  8%] Built target volksbot_generate_messages_eus
[ 15%] Built target volksbot_generate_messages_cpp
[ 25%] Built target volksbot_generate_messages_py
[ 32%] Built target volksbot_generate_messages_lisp
[ 38%] Built target volksbot_generate_messages_nodejs
[ 42%] Built target kbcontrol
[ 45%] Built target odo
[ 47%] [32m[1mLinking CXX shared library devel/lib/libEPOS2.so[0m
[ 47%] Built target volksbot_generate_messages
[ 50%] Built target calibration
[ 55%] Built target odometry
[ 66%] Built target jscontrol
[ 94%] Built target VMCLIB
[ 96%] Built target EPOS2
[ 98%] [32m[1mLinking CXX executable devel/lib/volksbot/volksbot[0m
