[0mCMake Deprecation Warning at CMakeLists.txt:1 (cmake_minimum_required):
  Compatibility with CMake < 2.8.12 will be removed from a future version of
  CMake.

  Update the VERSION argument <min> value or use a ...<max> suffix to tell
  CMake that the project does not need compatibility with older versions.

[0m
[33mCMake Warning (dev) at CMakeLists.txt:2 (project):
  Policy CMP0048 is not set: project() command manages VERSION variables.
  Run "cmake --help-policy CMP0048" for policy details.  Use the cmake_policy
  command to set the policy and suppress this warning.

  The following variable(s) would be set to empty:

    CMAKE_PROJECT_VERSION
    CMAKE_PROJECT_VERSION_MAJOR
    CMAKE_PROJECT_VERSION_MINOR
    CMAKE_PROJECT_VERSION_PATCH
This warning is for project developers.  Use -Wno-dev to suppress it.
[0m
-- Using CATKIN_DEVEL_PREFIX: /home/max/Documents/Hiwi/ROS2_volksbots/build/volksbot/devel
-- Using CMAKE_PREFIX_PATH: /home/max/Documents/Hiwi/ROS2_volksbots/install/lms100;/opt/ros/noetic
-- This workspace overlays: /home/max/Documents/Hiwi/ROS2_volksbots/install/lms100;/opt/ros/noetic
-- Found PythonInterp: /usr/bin/python3 (found suitable version "3.8.10", minimum required is "3") 
-- Using PYTHON_EXECUTABLE: /usr/bin/python3
-- Using Debian Python package layout
-- Using empy: /usr/lib/python3/dist-packages/em.py
-- Using CATKIN_ENABLE_TESTING: ON
-- Call enable_testing()
-- Using CATKIN_TEST_RESULTS_DIR: /home/max/Documents/Hiwi/ROS2_volksbots/build/volksbot/test_results
-- Forcing gtest/gmock from source, though one was otherwise available.
-- Found gtest sources under '/usr/src/googletest': gtests will be built
-- Found gmock sources under '/usr/src/googletest': gmock will be built
[0mCMake Deprecation Warning at /usr/src/googletest/CMakeLists.txt:4 (cmake_minimum_required):
  Compatibility with CMake < 2.8.12 will be removed from a future version of
  CMake.

  Update the VERSION argument <min> value or use a ...<max> suffix to tell
  CMake that the project does not need compatibility with older versions.

[0m
[0mCMake Deprecation Warning at /usr/src/googletest/googlemock/CMakeLists.txt:45 (cmake_minimum_required):
  Compatibility with CMake < 2.8.12 will be removed from a future version of
  CMake.

  Update the VERSION argument <min> value or use a ...<max> suffix to tell
  CMake that the project does not need compatibility with older versions.

[0m
[0mCMake Deprecation Warning at /usr/src/googletest/googletest/CMakeLists.txt:56 (cmake_minimum_required):
  Compatibility with CMake < 2.8.12 will be removed from a future version of
  CMake.

  Update the VERSION argument <min> value or use a ...<max> suffix to tell
  CMake that the project does not need compatibility with older versions.

[0m
-- Found PythonInterp: /usr/bin/python3 (found version "3.8.10") 
-- Using Python nosetests: /usr/bin/nosetests3
-- catkin 0.8.10
-- BUILD_SHARED_LIBS is on
-- Using these message generators: gencpp;geneus;genlisp;gennodejs;genpy
-- volksbot: 3 messages, 1 services
-- STATUS: include/volksbot
-- STATUS: include
-- STATUS: include/volksbot
-- STATUS: /home/max/Documents/Hiwi/ROS2_volksbots/build/volksbot/devel/include/
-- Configuring done
-- Generating done
-- Build files have been written to: /home/max/Documents/Hiwi/ROS2_volksbots/build/volksbot
[  0%] Built target std_msgs_generate_messages_py
[  0%] Built target std_msgs_generate_messages_cpp
[  0%] Built target std_msgs_generate_messages_eus
[  0%] Built target std_msgs_generate_messages_lisp
[  0%] Built target std_msgs_generate_messages_nodejs
[  0%] Built target _volksbot_generate_messages_check_deps_pose2d
[  0%] Built target _volksbot_generate_messages_check_deps_ticks
[  0%] Built target _volksbot_generate_messages_check_deps_velocities
[  0%] Built target _volksbot_generate_messages_check_deps_vels
[  8%] Built target volksbot_generate_messages_eus
[ 15%] Built target volksbot_generate_messages_cpp
[ 25%] Built target volksbot_generate_messages_py
[ 32%] Built target volksbot_generate_messages_lisp
[ 38%] Built target volksbot_generate_messages_nodejs
[ 42%] Built target kbcontrol
[ 45%] Built target odo
[ 47%] [32m[1mLinking CXX shared library devel/lib/libEPOS2.so[0m
[ 47%] Built target volksbot_generate_messages
[ 50%] Built target calibration
[ 55%] Built target odometry
[ 66%] Built target jscontrol
[ 94%] Built target VMCLIB
[ 96%] Built target EPOS2
[ 98%] [32m[1mLinking CXX executable devel/lib/volksbot/volksbot[0m
/usr/bin/ld: devel/lib/libEPOS2.so: undefined reference to `VCS_GetEnableState'
/usr/bin/ld: devel/lib/libEPOS2.so: undefined reference to `VCS_GetFaultState'
/usr/bin/ld: devel/lib/libEPOS2.so: undefined reference to `VCS_GetProtocolStackSettings'
/usr/bin/ld: devel/lib/libEPOS2.so: undefined reference to `VCS_SetProtocolStackSettings'
/usr/bin/ld: devel/lib/libEPOS2.so: undefined reference to `VCS_ClearFault'
/usr/bin/ld: devel/lib/libEPOS2.so: undefined reference to `VCS_ActivateProfileVelocityMode'
/usr/bin/ld: devel/lib/libEPOS2.so: undefined reference to `VCS_MoveWithVelocity'
/usr/bin/ld: devel/lib/libEPOS2.so: undefined reference to `VCS_SetEnableState'
/usr/bin/ld: devel/lib/libEPOS2.so: undefined reference to `VCS_OpenDevice'
/usr/bin/ld: devel/lib/libEPOS2.so: undefined reference to `VCS_CloseDevice'
/usr/bin/ld: devel/lib/libEPOS2.so: undefined reference to `VCS_GetPositionIs'
/usr/bin/ld: devel/lib/libEPOS2.so: undefined reference to `VCS_HaltVelocityMovement'
collect2: error: ld returned 1 exit status
make[2]: *** [CMakeFiles/volksbot.dir/build.make:121: devel/lib/volksbot/volksbot] Error 1
make[1]: *** [CMakeFiles/Makefile2:2007: CMakeFiles/volksbot.dir/all] Error 2
make: *** [Makefile:146: all] Error 2
