[0.383s] Invoking command in '/home/max/Documents/Hiwi/ROS2_volksbots/build/volksbot': /usr/bin/cmake --build /home/max/Documents/Hiwi/ROS2_volksbots/build/volksbot -- -j8 -l8
[0.392s] [0mCMake Deprecation Warning at CMakeLists.txt:1 (cmake_minimum_required):
[0.392s]   Compatibility with CMake < 2.8.12 will be removed from a future version of
[0.392s]   CMake.
[0.392s] 
[0.392s]   Update the VERSION argument <min> value or use a ...<max> suffix to tell
[0.392s]   CMake that the project does not need compatibility with older versions.
[0.392s] 
[0.392s] [0m
[0.392s] [33mCMake Warning (dev) at CMakeLists.txt:2 (project):
[0.392s]   Policy CMP0048 is not set: project() command manages VERSION variables.
[0.392s]   Run "cmake --help-policy CMP0048" for policy details.  Use the cmake_policy
[0.392s]   command to set the policy and suppress this warning.
[0.393s] 
[0.393s]   The following variable(s) would be set to empty:
[0.393s] 
[0.393s]     CMAKE_PROJECT_VERSION
[0.393s]     CMAKE_PROJECT_VERSION_MAJOR
[0.393s]     CMAKE_PROJECT_VERSION_MINOR
[0.393s]     CMAKE_PROJECT_VERSION_PATCH
[0.393s] This warning is for project developers.  Use -Wno-dev to suppress it.
[0.393s] [0m
[0.401s] -- Using CATKIN_DEVEL_PREFIX: /home/max/Documents/Hiwi/ROS2_volksbots/build/volksbot/devel
[0.401s] -- Using CMAKE_PREFIX_PATH: /opt/ros/noetic
[0.401s] -- This workspace overlays: /opt/ros/noetic
[0.422s] -- Found PythonInterp: /usr/bin/python3 (found suitable version "3.8.10", minimum required is "3") 
[0.422s] -- Using PYTHON_EXECUTABLE: /usr/bin/python3
[0.422s] -- Using Debian Python package layout
[0.422s] -- Using empy: /usr/lib/python3/dist-packages/em.py
[0.541s] -- Using CATKIN_ENABLE_TESTING: ON
[0.541s] -- Call enable_testing()
[0.541s] -- Using CATKIN_TEST_RESULTS_DIR: /home/max/Documents/Hiwi/ROS2_volksbots/build/volksbot/test_results
[0.584s] -- Forcing gtest/gmock from source, though one was otherwise available.
[0.584s] -- Found gtest sources under '/usr/src/googletest': gtests will be built
[0.584s] -- Found gmock sources under '/usr/src/googletest': gmock will be built
[0.584s] [0mCMake Deprecation Warning at /usr/src/googletest/CMakeLists.txt:4 (cmake_minimum_required):
[0.584s]   Compatibility with CMake < 2.8.12 will be removed from a future version of
[0.584s]   CMake.
[0.585s] 
[0.585s]   Update the VERSION argument <min> value or use a ...<max> suffix to tell
[0.585s]   CMake that the project does not need compatibility with older versions.
[0.585s] 
[0.585s] [0m
[0.587s] [0mCMake Deprecation Warning at /usr/src/googletest/googlemock/CMakeLists.txt:45 (cmake_minimum_required):
[0.587s]   Compatibility with CMake < 2.8.12 will be removed from a future version of
[0.587s]   CMake.
[0.587s] 
[0.587s]   Update the VERSION argument <min> value or use a ...<max> suffix to tell
[0.587s]   CMake that the project does not need compatibility with older versions.
[0.587s] 
[0.587s] [0m
[0.587s] [0mCMake Deprecation Warning at /usr/src/googletest/googletest/CMakeLists.txt:56 (cmake_minimum_required):
[0.587s]   Compatibility with CMake < 2.8.12 will be removed from a future version of
[0.587s]   CMake.
[0.588s] 
[0.588s]   Update the VERSION argument <min> value or use a ...<max> suffix to tell
[0.588s]   CMake that the project does not need compatibility with older versions.
[0.588s] 
[0.588s] [0m
[0.606s] -- Found PythonInterp: /usr/bin/python3 (found version "3.8.10") 
[0.611s] -- Using Python nosetests: /usr/bin/nosetests3
[0.659s] -- catkin 0.8.10
[0.659s] -- BUILD_SHARED_LIBS is on
[0.797s] -- Using these message generators: gencpp;geneus;genlisp;gennodejs;genpy
[1.049s] -- volksbot: 3 messages, 1 services
[1.225s] [0mDetected architecture: x86_64[0m
[1.225s] [0mUsing EposCmd library: /home/max/Documents/Hiwi/ROS2_volksbots/volksbot/libEposCmd/x86_64/libEposCmd.so[0m
[1.225s] [0mlib[0m
[1.226s] -- STATUS: include/volksbot
[1.226s] -- STATUS: include
[1.226s] -- STATUS: include/volksbot
[1.226s] -- STATUS: /home/max/Documents/Hiwi/ROS2_volksbots/build/volksbot/devel/include/
[1.227s] -- Configuring done
[1.294s] -- Generating done
[1.301s] -- Build files have been written to: /home/max/Documents/Hiwi/ROS2_volksbots/build/volksbot
[1.324s] [  0%] Built target std_msgs_generate_messages_py
[1.327s] [  0%] Built target std_msgs_generate_messages_eus
[1.327s] [  0%] Built target std_msgs_generate_messages_lisp
[1.332s] [  0%] Built target std_msgs_generate_messages_cpp
[1.341s] [  0%] Built target std_msgs_generate_messages_nodejs
[1.359s] [  0%] Built target _volksbot_generate_messages_check_deps_ticks
[1.370s] [  0%] Built target _volksbot_generate_messages_check_deps_vels
[1.374s] [  0%] Built target _volksbot_generate_messages_check_deps_pose2d
[1.375s] [  0%] Built target _volksbot_generate_messages_check_deps_velocities
[1.384s] [  6%] Built target volksbot_generate_messages_cpp
[1.384s] [ 18%] Built target volksbot_generate_messages_lisp
[1.384s] [ 22%] Built target volksbot_generate_messages_eus
[1.385s] [ 28%] Built target volksbot_generate_messages_nodejs
[1.386s] [ 38%] Built target volksbot_generate_messages_py
[1.417s] [ 45%] Built target EPOS2
[1.418s] [ 45%] Built target odo
[1.419s] [ 45%] Built target volksbot_generate_messages
[1.420s] [ 49%] Built target kbcontrol
[1.430s] [ 54%] Built target calibration
[1.431s] [ 62%] Built target jscontrol
[1.433s] [ 91%] Built target VMCLIB
[1.433s] [ 96%] Built target odometry
[1.452s] [100%] Built target volksbot
[1.456s] Invoked command in '/home/max/Documents/Hiwi/ROS2_volksbots/build/volksbot' returned '0': /usr/bin/cmake --build /home/max/Documents/Hiwi/ROS2_volksbots/build/volksbot -- -j8 -l8
[2.521s] Invoking command in '/home/max/Documents/Hiwi/ROS2_volksbots/build/volksbot': /usr/bin/cmake --build /home/max/Documents/Hiwi/ROS2_volksbots/build/volksbot --target tests -- -j8 -l8
[2.546s] Built target tests
[2.550s] Invoked command in '/home/max/Documents/Hiwi/ROS2_volksbots/build/volksbot' returned '0': /usr/bin/cmake --build /home/max/Documents/Hiwi/ROS2_volksbots/build/volksbot --target tests -- -j8 -l8
[2.617s] Invoking command in '/home/max/Documents/Hiwi/ROS2_volksbots/build/volksbot': /usr/bin/cmake --install /home/max/Documents/Hiwi/ROS2_volksbots/build/volksbot
[2.620s] -- Install configuration: ""
[2.620s] -- Up-to-date: /home/max/Documents/Hiwi/ROS2_volksbots/install/volksbot/share/volksbot/msg/pose2d.msg
[2.620s] -- Up-to-date: /home/max/Documents/Hiwi/ROS2_volksbots/install/volksbot/share/volksbot/msg/ticks.msg
[2.620s] -- Up-to-date: /home/max/Documents/Hiwi/ROS2_volksbots/install/volksbot/share/volksbot/msg/vels.msg
[2.620s] -- Up-to-date: /home/max/Documents/Hiwi/ROS2_volksbots/install/volksbot/share/volksbot/srv/velocities.srv
[2.620s] -- Up-to-date: /home/max/Documents/Hiwi/ROS2_volksbots/install/volksbot/share/volksbot/cmake/volksbot-msg-paths.cmake
[2.620s] -- Up-to-date: /home/max/Documents/Hiwi/ROS2_volksbots/install/volksbot/include/volksbot
[2.620s] -- Up-to-date: /home/max/Documents/Hiwi/ROS2_volksbots/install/volksbot/include/volksbot/velocitiesRequest.h
[2.620s] -- Up-to-date: /home/max/Documents/Hiwi/ROS2_volksbots/install/volksbot/include/volksbot/vels.h
[2.620s] -- Up-to-date: /home/max/Documents/Hiwi/ROS2_volksbots/install/volksbot/include/volksbot/velocitiesResponse.h
[2.621s] -- Up-to-date: /home/max/Documents/Hiwi/ROS2_volksbots/install/volksbot/include/volksbot/ticks.h
[2.621s] -- Up-to-date: /home/max/Documents/Hiwi/ROS2_volksbots/install/volksbot/include/volksbot/pose2d.h
[2.621s] -- Up-to-date: /home/max/Documents/Hiwi/ROS2_volksbots/install/volksbot/include/volksbot/velocities.h
[2.621s] -- Up-to-date: /home/max/Documents/Hiwi/ROS2_volksbots/install/volksbot/share/roseus/ros/volksbot
[2.621s] -- Up-to-date: /home/max/Documents/Hiwi/ROS2_volksbots/install/volksbot/share/roseus/ros/volksbot/manifest.l
[2.621s] -- Up-to-date: /home/max/Documents/Hiwi/ROS2_volksbots/install/volksbot/share/roseus/ros/volksbot/srv
[2.621s] -- Up-to-date: /home/max/Documents/Hiwi/ROS2_volksbots/install/volksbot/share/roseus/ros/volksbot/srv/velocities.l
[2.621s] -- Up-to-date: /home/max/Documents/Hiwi/ROS2_volksbots/install/volksbot/share/roseus/ros/volksbot/msg
[2.621s] -- Up-to-date: /home/max/Documents/Hiwi/ROS2_volksbots/install/volksbot/share/roseus/ros/volksbot/msg/ticks.l
[2.621s] -- Up-to-date: /home/max/Documents/Hiwi/ROS2_volksbots/install/volksbot/share/roseus/ros/volksbot/msg/vels.l
[2.621s] -- Up-to-date: /home/max/Documents/Hiwi/ROS2_volksbots/install/volksbot/share/roseus/ros/volksbot/msg/pose2d.l
[2.621s] -- Up-to-date: /home/max/Documents/Hiwi/ROS2_volksbots/install/volksbot/share/common-lisp/ros/volksbot
[2.621s] -- Up-to-date: /home/max/Documents/Hiwi/ROS2_volksbots/install/volksbot/share/common-lisp/ros/volksbot/srv
[2.621s] -- Up-to-date: /home/max/Documents/Hiwi/ROS2_volksbots/install/volksbot/share/common-lisp/ros/volksbot/srv/_package.lisp
[2.621s] -- Up-to-date: /home/max/Documents/Hiwi/ROS2_volksbots/install/volksbot/share/common-lisp/ros/volksbot/srv/volksbot-srv.asd
[2.621s] -- Up-to-date: /home/max/Documents/Hiwi/ROS2_volksbots/install/volksbot/share/common-lisp/ros/volksbot/srv/_package_velocities.lisp
[2.621s] -- Up-to-date: /home/max/Documents/Hiwi/ROS2_volksbots/install/volksbot/share/common-lisp/ros/volksbot/srv/velocities.lisp
[2.621s] -- Up-to-date: /home/max/Documents/Hiwi/ROS2_volksbots/install/volksbot/share/common-lisp/ros/volksbot/msg
[2.621s] -- Up-to-date: /home/max/Documents/Hiwi/ROS2_volksbots/install/volksbot/share/common-lisp/ros/volksbot/msg/_package.lisp
[2.622s] -- Up-to-date: /home/max/Documents/Hiwi/ROS2_volksbots/install/volksbot/share/common-lisp/ros/volksbot/msg/_package_ticks.lisp
[2.622s] -- Up-to-date: /home/max/Documents/Hiwi/ROS2_volksbots/install/volksbot/share/common-lisp/ros/volksbot/msg/volksbot-msg.asd
[2.622s] -- Up-to-date: /home/max/Documents/Hiwi/ROS2_volksbots/install/volksbot/share/common-lisp/ros/volksbot/msg/vels.lisp
[2.622s] -- Up-to-date: /home/max/Documents/Hiwi/ROS2_volksbots/install/volksbot/share/common-lisp/ros/volksbot/msg/_package_pose2d.lisp
[2.622s] -- Up-to-date: /home/max/Documents/Hiwi/ROS2_volksbots/install/volksbot/share/common-lisp/ros/volksbot/msg/_package_vels.lisp
[2.622s] -- Up-to-date: /home/max/Documents/Hiwi/ROS2_volksbots/install/volksbot/share/common-lisp/ros/volksbot/msg/ticks.lisp
[2.622s] -- Up-to-date: /home/max/Documents/Hiwi/ROS2_volksbots/install/volksbot/share/common-lisp/ros/volksbot/msg/pose2d.lisp
[2.622s] -- Up-to-date: /home/max/Documents/Hiwi/ROS2_volksbots/install/volksbot/share/gennodejs/ros/volksbot
[2.622s] -- Up-to-date: /home/max/Documents/Hiwi/ROS2_volksbots/install/volksbot/share/gennodejs/ros/volksbot/srv
[2.622s] -- Up-to-date: /home/max/Documents/Hiwi/ROS2_volksbots/install/volksbot/share/gennodejs/ros/volksbot/srv/velocities.js
[2.622s] -- Up-to-date: /home/max/Documents/Hiwi/ROS2_volksbots/install/volksbot/share/gennodejs/ros/volksbot/srv/_index.js
[2.622s] -- Up-to-date: /home/max/Documents/Hiwi/ROS2_volksbots/install/volksbot/share/gennodejs/ros/volksbot/msg
[2.622s] -- Up-to-date: /home/max/Documents/Hiwi/ROS2_volksbots/install/volksbot/share/gennodejs/ros/volksbot/msg/pose2d.js
[2.622s] -- Up-to-date: /home/max/Documents/Hiwi/ROS2_volksbots/install/volksbot/share/gennodejs/ros/volksbot/msg/vels.js
[2.622s] -- Up-to-date: /home/max/Documents/Hiwi/ROS2_volksbots/install/volksbot/share/gennodejs/ros/volksbot/msg/_index.js
[2.622s] -- Up-to-date: /home/max/Documents/Hiwi/ROS2_volksbots/install/volksbot/share/gennodejs/ros/volksbot/msg/ticks.js
[2.623s] -- Up-to-date: /home/max/Documents/Hiwi/ROS2_volksbots/install/volksbot/share/gennodejs/ros/volksbot/_index.js
[2.645s] Listing '/home/max/Documents/Hiwi/ROS2_volksbots/build/volksbot/devel/lib/python3/dist-packages/volksbot'...
[2.645s] Listing '/home/max/Documents/Hiwi/ROS2_volksbots/build/volksbot/devel/lib/python3/dist-packages/volksbot/msg'...
[2.645s] Listing '/home/max/Documents/Hiwi/ROS2_volksbots/build/volksbot/devel/lib/python3/dist-packages/volksbot/srv'...
[2.648s] -- Up-to-date: /home/max/Documents/Hiwi/ROS2_volksbots/install/volksbot/lib/python3/dist-packages/volksbot
[2.649s] -- Up-to-date: /home/max/Documents/Hiwi/ROS2_volksbots/install/volksbot/lib/python3/dist-packages/volksbot/__init__.py
[2.649s] -- Up-to-date: /home/max/Documents/Hiwi/ROS2_volksbots/install/volksbot/lib/python3/dist-packages/volksbot/srv
[2.649s] -- Up-to-date: /home/max/Documents/Hiwi/ROS2_volksbots/install/volksbot/lib/python3/dist-packages/volksbot/srv/_velocities.py
[2.649s] -- Up-to-date: /home/max/Documents/Hiwi/ROS2_volksbots/install/volksbot/lib/python3/dist-packages/volksbot/srv/__init__.py
[2.649s] -- Up-to-date: /home/max/Documents/Hiwi/ROS2_volksbots/install/volksbot/lib/python3/dist-packages/volksbot/srv/__pycache__
[2.649s] -- Up-to-date: /home/max/Documents/Hiwi/ROS2_volksbots/install/volksbot/lib/python3/dist-packages/volksbot/srv/__pycache__/_velocities.cpython-38.pyc
[2.649s] -- Up-to-date: /home/max/Documents/Hiwi/ROS2_volksbots/install/volksbot/lib/python3/dist-packages/volksbot/srv/__pycache__/__init__.cpython-38.pyc
[2.649s] -- Up-to-date: /home/max/Documents/Hiwi/ROS2_volksbots/install/volksbot/lib/python3/dist-packages/volksbot/msg
[2.649s] -- Up-to-date: /home/max/Documents/Hiwi/ROS2_volksbots/install/volksbot/lib/python3/dist-packages/volksbot/msg/_ticks.py
[2.649s] -- Up-to-date: /home/max/Documents/Hiwi/ROS2_volksbots/install/volksbot/lib/python3/dist-packages/volksbot/msg/_vels.py
[2.649s] -- Up-to-date: /home/max/Documents/Hiwi/ROS2_volksbots/install/volksbot/lib/python3/dist-packages/volksbot/msg/__init__.py
[2.649s] -- Up-to-date: /home/max/Documents/Hiwi/ROS2_volksbots/install/volksbot/lib/python3/dist-packages/volksbot/msg/_pose2d.py
[2.649s] -- Up-to-date: /home/max/Documents/Hiwi/ROS2_volksbots/install/volksbot/lib/python3/dist-packages/volksbot/msg/__pycache__
[2.649s] -- Up-to-date: /home/max/Documents/Hiwi/ROS2_volksbots/install/volksbot/lib/python3/dist-packages/volksbot/msg/__pycache__/_pose2d.cpython-38.pyc
[2.650s] -- Up-to-date: /home/max/Documents/Hiwi/ROS2_volksbots/install/volksbot/lib/python3/dist-packages/volksbot/msg/__pycache__/_vels.cpython-38.pyc
[2.650s] -- Up-to-date: /home/max/Documents/Hiwi/ROS2_volksbots/install/volksbot/lib/python3/dist-packages/volksbot/msg/__pycache__/_ticks.cpython-38.pyc
[2.650s] -- Up-to-date: /home/max/Documents/Hiwi/ROS2_volksbots/install/volksbot/lib/python3/dist-packages/volksbot/msg/__pycache__/__init__.cpython-38.pyc
[2.650s] -- Up-to-date: /home/max/Documents/Hiwi/ROS2_volksbots/install/volksbot/lib/python3/dist-packages/volksbot/__pycache__
[2.650s] -- Up-to-date: /home/max/Documents/Hiwi/ROS2_volksbots/install/volksbot/lib/python3/dist-packages/volksbot/__pycache__/__init__.cpython-38.pyc
[2.650s] -- Installing: /home/max/Documents/Hiwi/ROS2_volksbots/install/volksbot/lib/pkgconfig/volksbot.pc
[2.650s] -- Up-to-date: /home/max/Documents/Hiwi/ROS2_volksbots/install/volksbot/share/volksbot/cmake/volksbot-msg-extras.cmake
[2.650s] -- Up-to-date: /home/max/Documents/Hiwi/ROS2_volksbots/install/volksbot/share/volksbot/cmake/volksbotConfig.cmake
[2.650s] -- Up-to-date: /home/max/Documents/Hiwi/ROS2_volksbots/install/volksbot/share/volksbot/cmake/volksbotConfig-version.cmake
[2.650s] -- Up-to-date: /home/max/Documents/Hiwi/ROS2_volksbots/install/volksbot/share/volksbot/package.xml
[2.650s] -- Up-to-date: /home/max/Documents/Hiwi/ROS2_volksbots/install/volksbot/lib/libEposCmd.so
[2.650s] -- Up-to-date: /home/max/Documents/Hiwi/ROS2_volksbots/install/volksbot/lib/libodo.so
[2.650s] -- Up-to-date: /home/max/Documents/Hiwi/ROS2_volksbots/install/volksbot/lib/libVMCLIB.so
[2.650s] -- Up-to-date: /home/max/Documents/Hiwi/ROS2_volksbots/install/volksbot/lib/volksbot/volksbot-targets.cmake
[2.650s] -- Up-to-date: /home/max/Documents/Hiwi/ROS2_volksbots/install/volksbot/lib/volksbot/volksbot-targets-noconfig.cmake
[2.651s] Invoked command in '/home/max/Documents/Hiwi/ROS2_volksbots/build/volksbot' returned '0': /usr/bin/cmake --install /home/max/Documents/Hiwi/ROS2_volksbots/build/volksbot
