[01m[K/home/nls/SHK_Arbeit/volksbot/src/gamepad_driver/src/gamepad_control.cpp:[m[K In function ‘[01m[Kint main(int, char**)[m[K’:
[01m[K/home/nls/SHK_Arbeit/volksbot/src/gamepad_driver/src/gamepad_control.cpp:8:24:[m[K [01;31m[Kerror: [m[Kexpected ‘[01m[K;[m[K’ before ‘[01m[Kwhile[m[K’
    8 |     printf( "\x1b[2J" )
      |                        [01;31m[K^[m[K
      |                        [32m[K;[m[K
    9 |     [32m[Kwhile[m[K (1) {
      |     [32m[K~~~~~[m[K               
[01m[K/home/nls/SHK_Arbeit/volksbot/src/gamepad_driver/src/gamepad_control.cpp:5:14:[m[K [01;35m[Kwarning: [m[Kunused parameter ‘[01m[Kargc[m[K’ [[01;35m[K-Wunused-parameter[m[K]
    5 | int main([01;35m[Kint argc[m[K, char* argv[]) {
      |          [01;35m[K~~~~^~~~[m[K
[01m[K/home/nls/SHK_Arbeit/volksbot/src/gamepad_driver/src/gamepad_control.cpp:5:26:[m[K [01;35m[Kwarning: [m[Kunused parameter ‘[01m[Kargv[m[K’ [[01;35m[K-Wunused-parameter[m[K]
    5 | int main(int argc, [01;35m[Kchar* argv[][m[K) {
      |                    [01;35m[K~~~~~~^~~~~~[m[K
In file included from [01m[K/home/nls/SHK_Arbeit/volksbot/src/gamepad_driver/src/logitechf710.hpp:4[m[K,
                 from [01m[K/home/nls/SHK_Arbeit/volksbot/src/gamepad_driver/src/gamepad_control.cpp:1[m[K:
[01m[K/home/nls/SHK_Arbeit/volksbot/src/gamepad_driver/src/gamepad.hpp:[m[K At global scope:
[01m[K/home/nls/SHK_Arbeit/volksbot/src/gamepad_driver/src/gamepad.hpp:70:17:[m[K [01;35m[Kwarning: [m[K‘[01m[Kuint16_t map_s16_to_u16(int16_t)[m[K’ defined but not used [[01;35m[K-Wunused-function[m[K]
   70 | static uint16_t [01;35m[Kmap_s16_to_u16[m[K( const int16_t val ) {
      |                 [01;35m[K^~~~~~~~~~~~~~[m[K
In file included from [01m[K/home/nls/SHK_Arbeit/volksbot/src/gamepad_driver/src/gamepad.cpp:4[m[K:
[01m[K/home/nls/SHK_Arbeit/volksbot/src/gamepad_driver/src/gamepad.hpp:70:17:[m[K [01;35m[Kwarning: [m[K‘[01m[Kuint16_t map_s16_to_u16(int16_t)[m[K’ defined but not used [[01;35m[K-Wunused-function[m[K]
   70 | static uint16_t [01;35m[Kmap_s16_to_u16[m[K( const int16_t val ) {
      |                 [01;35m[K^~~~~~~~~~~~~~[m[K
make[2]: *** [CMakeFiles/gamepad.dir/build.make:76: CMakeFiles/gamepad.dir/src/gamepad_control.cpp.o] Error 1
make[2]: *** Waiting for unfinished jobs....
make[1]: *** [CMakeFiles/Makefile2:137: CMakeFiles/gamepad.dir/all] Error 2
make: *** [Makefile:146: all] Error 2
