[0.365s] Invoking command in '/home/max/Documents/Hiwi/ROS2_volksbots/build/volksbot': CMAKE_PREFIX_PATH=/home/max/Documents/Hiwi/ROS2_volksbots/install/lms100:${CMAKE_PREFIX_PATH} PKG_CONFIG_PATH=/home/max/Documents/Hiwi/ROS2_volksbots/install/lms100/lib/x86_64-linux-gnu/pkgconfig:/home/max/Documents/Hiwi/ROS2_volksbots/install/lms100/lib/pkgconfig:${PKG_CONFIG_PATH} ROS_PACKAGE_PATH=/home/max/Documents/Hiwi/ROS2_volksbots/install/lms100/share:${ROS_PACKAGE_PATH} /usr/bin/cmake --build /home/max/Documents/Hiwi/ROS2_volksbots/build/volksbot -- -j8 -l8
[0.373s] [0mCMake Deprecation Warning at CMakeLists.txt:2 (cmake_policy):
[0.373s]   The OLD behavior for policy CMP0048 will be removed from a future version
[0.373s]   of CMake.
[0.373s] 
[0.373s]   The cmake-policies(7) manual explains that the OLD behaviors of all
[0.373s]   policies are deprecated and that a policy should be set to OLD only under
[0.373s]   specific short-term circumstances.  Projects should be ported to the NEW
[0.373s]   behavior and not rely on setting a policy to OLD.
[0.373s] 
[0.373s] [0m
[0.379s] -- Using CATKIN_DEVEL_PREFIX: /home/max/Documents/Hiwi/ROS2_volksbots/build/volksbot/devel
[0.380s] -- Using CMAKE_PREFIX_PATH: /home/max/Documents/Hiwi/ROS2_volksbots/install/lms100;/opt/ros/noetic
[0.380s] -- This workspace overlays: /home/max/Documents/Hiwi/ROS2_volksbots/install/lms100;/opt/ros/noetic
[0.401s] -- Found PythonInterp: /usr/bin/python3 (found suitable version "3.8.10", minimum required is "3") 
[0.401s] -- Using PYTHON_EXECUTABLE: /usr/bin/python3
[0.401s] -- Using Debian Python package layout
[0.401s] -- Using empy: /usr/lib/python3/dist-packages/em.py
[0.502s] -- Using CATKIN_ENABLE_TESTING: ON
[0.502s] -- Call enable_testing()
[0.502s] -- Using CATKIN_TEST_RESULTS_DIR: /home/max/Documents/Hiwi/ROS2_volksbots/build/volksbot/test_results
[0.541s] -- Forcing gtest/gmock from source, though one was otherwise available.
[0.541s] -- Found gtest sources under '/usr/src/googletest': gtests will be built
[0.541s] -- Found gmock sources under '/usr/src/googletest': gmock will be built
[0.541s] [0mCMake Deprecation Warning at /usr/src/googletest/CMakeLists.txt:4 (cmake_minimum_required):
[0.541s]   Compatibility with CMake < 2.8.12 will be removed from a future version of
[0.541s]   CMake.
[0.541s] 
[0.542s]   Update the VERSION argument <min> value or use a ...<max> suffix to tell
[0.542s]   CMake that the project does not need compatibility with older versions.
[0.542s] 
[0.542s] [0m
[0.543s] [0mCMake Deprecation Warning at /usr/src/googletest/googlemock/CMakeLists.txt:45 (cmake_minimum_required):
[0.543s]   Compatibility with CMake < 2.8.12 will be removed from a future version of
[0.543s]   CMake.
[0.543s] 
[0.543s]   Update the VERSION argument <min> value or use a ...<max> suffix to tell
[0.544s]   CMake that the project does not need compatibility with older versions.
[0.544s] 
[0.544s] [0m
[0.544s] [0mCMake Deprecation Warning at /usr/src/googletest/googletest/CMakeLists.txt:56 (cmake_minimum_required):
[0.544s]   Compatibility with CMake < 2.8.12 will be removed from a future version of
[0.544s]   CMake.
[0.544s] 
[0.544s]   Update the VERSION argument <min> value or use a ...<max> suffix to tell
[0.544s]   CMake that the project does not need compatibility with older versions.
[0.544s] 
[0.544s] [0m
[0.563s] -- Found PythonInterp: /usr/bin/python3 (found version "3.8.10") 
[0.567s] -- Using Python nosetests: /usr/bin/nosetests3
[0.612s] -- catkin 0.8.10
[0.612s] -- BUILD_SHARED_LIBS is on
[0.744s] -- Using these message generators: gencpp;geneus;genlisp;gennodejs;genpy
[0.952s] -- volksbot: 3 messages, 1 services
[1.107s] [0mDetected architecture: x86_64[0m
[1.107s] [0mUsing EposCmd library: /home/max/Documents/Hiwi/ROS2_volksbots/volksbot/libEposCmd/x86_64/libEposCmd.so[0m
[1.107s] [0mlib[0m
[1.108s] -- STATUS: include/volksbot
[1.108s] -- STATUS: include
[1.108s] -- STATUS: include/volksbot
[1.108s] -- STATUS: /home/max/Documents/Hiwi/ROS2_volksbots/build/volksbot/devel/include/
[1.109s] -- Configuring done
[1.157s] -- Generating done
[1.164s] -- Build files have been written to: /home/max/Documents/Hiwi/ROS2_volksbots/build/volksbot
[1.183s] [  0%] Built target std_msgs_generate_messages_py
[1.187s] [  0%] Built target std_msgs_generate_messages_eus
[1.188s] [  0%] Built target std_msgs_generate_messages_lisp
[1.191s] [  0%] Built target std_msgs_generate_messages_cpp
[1.193s] [  0%] Built target std_msgs_generate_messages_nodejs
[1.218s] [  0%] Built target _volksbot_generate_messages_check_deps_velocities
[1.219s] [  0%] Built target _volksbot_generate_messages_check_deps_pose2d
[1.219s] [  0%] Built target _volksbot_generate_messages_check_deps_vels
[1.227s] [  0%] Built target _volksbot_generate_messages_check_deps_ticks
[1.235s] [ 15%] Built target volksbot_generate_messages_cpp
[1.235s] [ 16%] Built target volksbot_generate_messages_nodejs
[1.235s] [ 27%] Built target volksbot_generate_messages_eus
[1.235s] [ 32%] Built target volksbot_generate_messages_py
[1.236s] [ 38%] Built target volksbot_generate_messages_lisp
[1.264s] [ 42%] Built target kbcontrol
[1.268s] [ 45%] Built target odo
[1.270s] [ 49%] Built target EPOS2
[1.273s] [ 49%] Built target volksbot_generate_messages
[1.275s] [ 54%] Built target odometry
[1.278s] [ 57%] Built target calibration
[1.281s] [ 67%] Built target jscontrol
[1.283s] [ 96%] Built target VMCLIB
[1.302s] [100%] Built target volksbot
[1.308s] Invoked command in '/home/max/Documents/Hiwi/ROS2_volksbots/build/volksbot' returned '0': CMAKE_PREFIX_PATH=/home/max/Documents/Hiwi/ROS2_volksbots/install/lms100:${CMAKE_PREFIX_PATH} PKG_CONFIG_PATH=/home/max/Documents/Hiwi/ROS2_volksbots/install/lms100/lib/x86_64-linux-gnu/pkgconfig:/home/max/Documents/Hiwi/ROS2_volksbots/install/lms100/lib/pkgconfig:${PKG_CONFIG_PATH} ROS_PACKAGE_PATH=/home/max/Documents/Hiwi/ROS2_volksbots/install/lms100/share:${ROS_PACKAGE_PATH} /usr/bin/cmake --build /home/max/Documents/Hiwi/ROS2_volksbots/build/volksbot -- -j8 -l8
[1.372s] Invoking command in '/home/max/Documents/Hiwi/ROS2_volksbots/build/volksbot': CMAKE_PREFIX_PATH=/home/max/Documents/Hiwi/ROS2_volksbots/install/lms100:${CMAKE_PREFIX_PATH} PKG_CONFIG_PATH=/home/max/Documents/Hiwi/ROS2_volksbots/install/lms100/lib/x86_64-linux-gnu/pkgconfig:/home/max/Documents/Hiwi/ROS2_volksbots/install/lms100/lib/pkgconfig:${PKG_CONFIG_PATH} ROS_PACKAGE_PATH=/home/max/Documents/Hiwi/ROS2_volksbots/install/lms100/share:${ROS_PACKAGE_PATH} /usr/bin/cmake --build /home/max/Documents/Hiwi/ROS2_volksbots/build/volksbot --target tests -- -j8 -l8
[1.398s] Built target tests
[1.403s] Invoked command in '/home/max/Documents/Hiwi/ROS2_volksbots/build/volksbot' returned '0': CMAKE_PREFIX_PATH=/home/max/Documents/Hiwi/ROS2_volksbots/install/lms100:${CMAKE_PREFIX_PATH} PKG_CONFIG_PATH=/home/max/Documents/Hiwi/ROS2_volksbots/install/lms100/lib/x86_64-linux-gnu/pkgconfig:/home/max/Documents/Hiwi/ROS2_volksbots/install/lms100/lib/pkgconfig:${PKG_CONFIG_PATH} ROS_PACKAGE_PATH=/home/max/Documents/Hiwi/ROS2_volksbots/install/lms100/share:${ROS_PACKAGE_PATH} /usr/bin/cmake --build /home/max/Documents/Hiwi/ROS2_volksbots/build/volksbot --target tests -- -j8 -l8
[1.463s] Invoking command in '/home/max/Documents/Hiwi/ROS2_volksbots/build/volksbot': CMAKE_PREFIX_PATH=/home/max/Documents/Hiwi/ROS2_volksbots/install/lms100:${CMAKE_PREFIX_PATH} PKG_CONFIG_PATH=/home/max/Documents/Hiwi/ROS2_volksbots/install/lms100/lib/x86_64-linux-gnu/pkgconfig:/home/max/Documents/Hiwi/ROS2_volksbots/install/lms100/lib/pkgconfig:${PKG_CONFIG_PATH} ROS_PACKAGE_PATH=/home/max/Documents/Hiwi/ROS2_volksbots/install/lms100/share:${ROS_PACKAGE_PATH} /usr/bin/cmake --install /home/max/Documents/Hiwi/ROS2_volksbots/build/volksbot
[1.467s] -- Install configuration: ""
[1.467s] -- Up-to-date: /home/max/Documents/Hiwi/ROS2_volksbots/install/volksbot/share/volksbot/msg/pose2d.msg
[1.467s] -- Up-to-date: /home/max/Documents/Hiwi/ROS2_volksbots/install/volksbot/share/volksbot/msg/ticks.msg
[1.467s] -- Up-to-date: /home/max/Documents/Hiwi/ROS2_volksbots/install/volksbot/share/volksbot/msg/vels.msg
[1.467s] -- Up-to-date: /home/max/Documents/Hiwi/ROS2_volksbots/install/volksbot/share/volksbot/srv/velocities.srv
[1.467s] -- Up-to-date: /home/max/Documents/Hiwi/ROS2_volksbots/install/volksbot/share/volksbot/cmake/volksbot-msg-paths.cmake
[1.467s] -- Up-to-date: /home/max/Documents/Hiwi/ROS2_volksbots/install/volksbot/include/volksbot
[1.467s] -- Up-to-date: /home/max/Documents/Hiwi/ROS2_volksbots/install/volksbot/include/volksbot/velocitiesRequest.h
[1.467s] -- Up-to-date: /home/max/Documents/Hiwi/ROS2_volksbots/install/volksbot/include/volksbot/vels.h
[1.467s] -- Up-to-date: /home/max/Documents/Hiwi/ROS2_volksbots/install/volksbot/include/volksbot/velocitiesResponse.h
[1.467s] -- Up-to-date: /home/max/Documents/Hiwi/ROS2_volksbots/install/volksbot/include/volksbot/ticks.h
[1.467s] -- Up-to-date: /home/max/Documents/Hiwi/ROS2_volksbots/install/volksbot/include/volksbot/pose2d.h
[1.467s] -- Up-to-date: /home/max/Documents/Hiwi/ROS2_volksbots/install/volksbot/include/volksbot/velocities.h
[1.468s] -- Up-to-date: /home/max/Documents/Hiwi/ROS2_volksbots/install/volksbot/share/roseus/ros/volksbot
[1.468s] -- Up-to-date: /home/max/Documents/Hiwi/ROS2_volksbots/install/volksbot/share/roseus/ros/volksbot/manifest.l
[1.468s] -- Up-to-date: /home/max/Documents/Hiwi/ROS2_volksbots/install/volksbot/share/roseus/ros/volksbot/srv
[1.468s] -- Up-to-date: /home/max/Documents/Hiwi/ROS2_volksbots/install/volksbot/share/roseus/ros/volksbot/srv/velocities.l
[1.468s] -- Up-to-date: /home/max/Documents/Hiwi/ROS2_volksbots/install/volksbot/share/roseus/ros/volksbot/msg
[1.468s] -- Up-to-date: /home/max/Documents/Hiwi/ROS2_volksbots/install/volksbot/share/roseus/ros/volksbot/msg/ticks.l
[1.468s] -- Up-to-date: /home/max/Documents/Hiwi/ROS2_volksbots/install/volksbot/share/roseus/ros/volksbot/msg/vels.l
[1.468s] -- Up-to-date: /home/max/Documents/Hiwi/ROS2_volksbots/install/volksbot/share/roseus/ros/volksbot/msg/pose2d.l
[1.468s] -- Up-to-date: /home/max/Documents/Hiwi/ROS2_volksbots/install/volksbot/share/common-lisp/ros/volksbot
[1.468s] -- Up-to-date: /home/max/Documents/Hiwi/ROS2_volksbots/install/volksbot/share/common-lisp/ros/volksbot/srv
[1.468s] -- Up-to-date: /home/max/Documents/Hiwi/ROS2_volksbots/install/volksbot/share/common-lisp/ros/volksbot/srv/_package.lisp
[1.468s] -- Up-to-date: /home/max/Documents/Hiwi/ROS2_volksbots/install/volksbot/share/common-lisp/ros/volksbot/srv/volksbot-srv.asd
[1.468s] -- Up-to-date: /home/max/Documents/Hiwi/ROS2_volksbots/install/volksbot/share/common-lisp/ros/volksbot/srv/_package_velocities.lisp
[1.468s] -- Up-to-date: /home/max/Documents/Hiwi/ROS2_volksbots/install/volksbot/share/common-lisp/ros/volksbot/srv/velocities.lisp
[1.468s] -- Up-to-date: /home/max/Documents/Hiwi/ROS2_volksbots/install/volksbot/share/common-lisp/ros/volksbot/msg
[1.468s] -- Up-to-date: /home/max/Documents/Hiwi/ROS2_volksbots/install/volksbot/share/common-lisp/ros/volksbot/msg/_package.lisp
[1.468s] -- Up-to-date: /home/max/Documents/Hiwi/ROS2_volksbots/install/volksbot/share/common-lisp/ros/volksbot/msg/_package_ticks.lisp
[1.469s] -- Up-to-date: /home/max/Documents/Hiwi/ROS2_volksbots/install/volksbot/share/common-lisp/ros/volksbot/msg/volksbot-msg.asd
[1.469s] -- Up-to-date: /home/max/Documents/Hiwi/ROS2_volksbots/install/volksbot/share/common-lisp/ros/volksbot/msg/vels.lisp
[1.469s] -- Up-to-date: /home/max/Documents/Hiwi/ROS2_volksbots/install/volksbot/share/common-lisp/ros/volksbot/msg/_package_pose2d.lisp
[1.469s] -- Up-to-date: /home/max/Documents/Hiwi/ROS2_volksbots/install/volksbot/share/common-lisp/ros/volksbot/msg/_package_vels.lisp
[1.469s] -- Up-to-date: /home/max/Documents/Hiwi/ROS2_volksbots/install/volksbot/share/common-lisp/ros/volksbot/msg/ticks.lisp
[1.469s] -- Up-to-date: /home/max/Documents/Hiwi/ROS2_volksbots/install/volksbot/share/common-lisp/ros/volksbot/msg/pose2d.lisp
[1.469s] -- Up-to-date: /home/max/Documents/Hiwi/ROS2_volksbots/install/volksbot/share/gennodejs/ros/volksbot
[1.469s] -- Up-to-date: /home/max/Documents/Hiwi/ROS2_volksbots/install/volksbot/share/gennodejs/ros/volksbot/srv
[1.469s] -- Up-to-date: /home/max/Documents/Hiwi/ROS2_volksbots/install/volksbot/share/gennodejs/ros/volksbot/srv/velocities.js
[1.469s] -- Up-to-date: /home/max/Documents/Hiwi/ROS2_volksbots/install/volksbot/share/gennodejs/ros/volksbot/srv/_index.js
[1.469s] -- Up-to-date: /home/max/Documents/Hiwi/ROS2_volksbots/install/volksbot/share/gennodejs/ros/volksbot/msg
[1.469s] -- Up-to-date: /home/max/Documents/Hiwi/ROS2_volksbots/install/volksbot/share/gennodejs/ros/volksbot/msg/pose2d.js
[1.469s] -- Up-to-date: /home/max/Documents/Hiwi/ROS2_volksbots/install/volksbot/share/gennodejs/ros/volksbot/msg/vels.js
[1.469s] -- Up-to-date: /home/max/Documents/Hiwi/ROS2_volksbots/install/volksbot/share/gennodejs/ros/volksbot/msg/_index.js
[1.469s] -- Up-to-date: /home/max/Documents/Hiwi/ROS2_volksbots/install/volksbot/share/gennodejs/ros/volksbot/msg/ticks.js
[1.469s] -- Up-to-date: /home/max/Documents/Hiwi/ROS2_volksbots/install/volksbot/share/gennodejs/ros/volksbot/_index.js
[1.492s] Listing '/home/max/Documents/Hiwi/ROS2_volksbots/build/volksbot/devel/lib/python3/dist-packages/volksbot'...
[1.492s] Listing '/home/max/Documents/Hiwi/ROS2_volksbots/build/volksbot/devel/lib/python3/dist-packages/volksbot/msg'...
[1.493s] Listing '/home/max/Documents/Hiwi/ROS2_volksbots/build/volksbot/devel/lib/python3/dist-packages/volksbot/srv'...
[1.496s] -- Up-to-date: /home/max/Documents/Hiwi/ROS2_volksbots/install/volksbot/lib/python3/dist-packages/volksbot
[1.496s] -- Up-to-date: /home/max/Documents/Hiwi/ROS2_volksbots/install/volksbot/lib/python3/dist-packages/volksbot/__init__.py
[1.496s] -- Up-to-date: /home/max/Documents/Hiwi/ROS2_volksbots/install/volksbot/lib/python3/dist-packages/volksbot/srv
[1.496s] -- Up-to-date: /home/max/Documents/Hiwi/ROS2_volksbots/install/volksbot/lib/python3/dist-packages/volksbot/srv/_velocities.py
[1.496s] -- Up-to-date: /home/max/Documents/Hiwi/ROS2_volksbots/install/volksbot/lib/python3/dist-packages/volksbot/srv/__init__.py
[1.496s] -- Up-to-date: /home/max/Documents/Hiwi/ROS2_volksbots/install/volksbot/lib/python3/dist-packages/volksbot/srv/__pycache__
[1.496s] -- Up-to-date: /home/max/Documents/Hiwi/ROS2_volksbots/install/volksbot/lib/python3/dist-packages/volksbot/srv/__pycache__/_velocities.cpython-38.pyc
[1.496s] -- Up-to-date: /home/max/Documents/Hiwi/ROS2_volksbots/install/volksbot/lib/python3/dist-packages/volksbot/srv/__pycache__/__init__.cpython-38.pyc
[1.496s] -- Up-to-date: /home/max/Documents/Hiwi/ROS2_volksbots/install/volksbot/lib/python3/dist-packages/volksbot/msg
[1.496s] -- Up-to-date: /home/max/Documents/Hiwi/ROS2_volksbots/install/volksbot/lib/python3/dist-packages/volksbot/msg/_ticks.py
[1.496s] -- Up-to-date: /home/max/Documents/Hiwi/ROS2_volksbots/install/volksbot/lib/python3/dist-packages/volksbot/msg/_vels.py
[1.496s] -- Up-to-date: /home/max/Documents/Hiwi/ROS2_volksbots/install/volksbot/lib/python3/dist-packages/volksbot/msg/__init__.py
[1.496s] -- Up-to-date: /home/max/Documents/Hiwi/ROS2_volksbots/install/volksbot/lib/python3/dist-packages/volksbot/msg/_pose2d.py
[1.497s] -- Up-to-date: /home/max/Documents/Hiwi/ROS2_volksbots/install/volksbot/lib/python3/dist-packages/volksbot/msg/__pycache__
[1.497s] -- Up-to-date: /home/max/Documents/Hiwi/ROS2_volksbots/install/volksbot/lib/python3/dist-packages/volksbot/msg/__pycache__/_pose2d.cpython-38.pyc
[1.497s] -- Up-to-date: /home/max/Documents/Hiwi/ROS2_volksbots/install/volksbot/lib/python3/dist-packages/volksbot/msg/__pycache__/_vels.cpython-38.pyc
[1.497s] -- Up-to-date: /home/max/Documents/Hiwi/ROS2_volksbots/install/volksbot/lib/python3/dist-packages/volksbot/msg/__pycache__/_ticks.cpython-38.pyc
[1.497s] -- Up-to-date: /home/max/Documents/Hiwi/ROS2_volksbots/install/volksbot/lib/python3/dist-packages/volksbot/msg/__pycache__/__init__.cpython-38.pyc
[1.497s] -- Up-to-date: /home/max/Documents/Hiwi/ROS2_volksbots/install/volksbot/lib/python3/dist-packages/volksbot/__pycache__
[1.497s] -- Up-to-date: /home/max/Documents/Hiwi/ROS2_volksbots/install/volksbot/lib/python3/dist-packages/volksbot/__pycache__/__init__.cpython-38.pyc
[1.497s] -- Installing: /home/max/Documents/Hiwi/ROS2_volksbots/install/volksbot/lib/pkgconfig/volksbot.pc
[1.497s] -- Up-to-date: /home/max/Documents/Hiwi/ROS2_volksbots/install/volksbot/share/volksbot/cmake/volksbot-msg-extras.cmake
[1.497s] -- Up-to-date: /home/max/Documents/Hiwi/ROS2_volksbots/install/volksbot/share/volksbot/cmake/volksbotConfig.cmake
[1.497s] -- Up-to-date: /home/max/Documents/Hiwi/ROS2_volksbots/install/volksbot/share/volksbot/cmake/volksbotConfig-version.cmake
[1.497s] -- Up-to-date: /home/max/Documents/Hiwi/ROS2_volksbots/install/volksbot/share/volksbot/package.xml
[1.497s] -- Up-to-date: /home/max/Documents/Hiwi/ROS2_volksbots/install/volksbot/lib/libEposCmd.so
[1.497s] -- Up-to-date: /home/max/Documents/Hiwi/ROS2_volksbots/install/volksbot/lib/libodo.so
[1.497s] -- Up-to-date: /home/max/Documents/Hiwi/ROS2_volksbots/install/volksbot/lib/libVMCLIB.so
[1.497s] -- Up-to-date: /home/max/Documents/Hiwi/ROS2_volksbots/install/volksbot/lib/volksbot/volksbot-targets.cmake
[1.498s] -- Up-to-date: /home/max/Documents/Hiwi/ROS2_volksbots/install/volksbot/lib/volksbot/volksbot-targets-noconfig.cmake
[1.498s] Invoked command in '/home/max/Documents/Hiwi/ROS2_volksbots/build/volksbot' returned '0': CMAKE_PREFIX_PATH=/home/max/Documents/Hiwi/ROS2_volksbots/install/lms100:${CMAKE_PREFIX_PATH} PKG_CONFIG_PATH=/home/max/Documents/Hiwi/ROS2_volksbots/install/lms100/lib/x86_64-linux-gnu/pkgconfig:/home/max/Documents/Hiwi/ROS2_volksbots/install/lms100/lib/pkgconfig:${PKG_CONFIG_PATH} ROS_PACKAGE_PATH=/home/max/Documents/Hiwi/ROS2_volksbots/install/lms100/share:${ROS_PACKAGE_PATH} /usr/bin/cmake --install /home/max/Documents/Hiwi/ROS2_volksbots/build/volksbot
