[ 40%] [32mBuilding CXX object CMakeFiles/gamepad.dir/src/xboxONE.cpp.o[0m
[ 40%] [32mBuilding CXX object CMakeFiles/gamepad.dir/src/gamepad_control.cpp.o[0m
In file included from [01m[K/home/nls/SHK_Arbeit/volksbot/src/gamepad_driver/src/gamepad_control.cpp:2[m[K:
[01m[K/home/nls/SHK_Arbeit/volksbot/src/gamepad_driver/src/xboxONE.h:15:[m[K [01;35m[Kwarning: [m[K"BUTTON_LSTICK" redefined
   15 | #define BUTTON_LSTICK   0x09
      | 
In file included from [01m[K/home/nls/SHK_Arbeit/volksbot/src/gamepad_driver/src/gamepad_control.cpp:1[m[K:
[01m[K/home/nls/SHK_Arbeit/volksbot/src/gamepad_driver/src/logitechf710.h:15:[m[K [01;36m[Knote: [m[Kthis is the location of the previous definition
   15 | #define BUTTON_LSTICK   0x0B
      | 
In file included from [01m[K/home/nls/SHK_Arbeit/volksbot/src/gamepad_driver/src/gamepad_control.cpp:2[m[K:
[01m[K/home/nls/SHK_Arbeit/volksbot/src/gamepad_driver/src/xboxONE.h:16:[m[K [01;35m[Kwarning: [m[K"BUTTON_RSTICK" redefined
   16 | #define BUTTON_RSTICK   0x0A
      | 
In file included from [01m[K/home/nls/SHK_Arbeit/volksbot/src/gamepad_driver/src/gamepad_control.cpp:1[m[K:
[01m[K/home/nls/SHK_Arbeit/volksbot/src/gamepad_driver/src/logitechf710.h:16:[m[K [01;36m[Knote: [m[Kthis is the location of the previous definition
   16 | #define BUTTON_RSTICK   0x0C
      | 
[ 60%] [32m[1mLinking CXX executable gamepad[0m
[100%] Built target gamepad
-- Install configuration: ""
-- Installing: /home/nls/SHK_Arbeit/volksbot/install/gamepad_driver/lib/gamepad_driver/gamepad
-- Up-to-date: /home/nls/SHK_Arbeit/volksbot/install/gamepad_driver/share/ament_index/resource_index/package_run_dependencies/gamepad_driver
-- Up-to-date: /home/nls/SHK_Arbeit/volksbot/install/gamepad_driver/share/ament_index/resource_index/parent_prefix_path/gamepad_driver
-- Up-to-date: /home/nls/SHK_Arbeit/volksbot/install/gamepad_driver/share/gamepad_driver/environment/ament_prefix_path.dsv
-- Up-to-date: /home/nls/SHK_Arbeit/volksbot/install/gamepad_driver/share/gamepad_driver/environment/path.dsv
-- Up-to-date: /home/nls/SHK_Arbeit/volksbot/install/gamepad_driver/share/gamepad_driver/local_setup.bash
-- Up-to-date: /home/nls/SHK_Arbeit/volksbot/install/gamepad_driver/share/gamepad_driver/local_setup.sh
-- Up-to-date: /home/nls/SHK_Arbeit/volksbot/install/gamepad_driver/share/gamepad_driver/local_setup.zsh
-- Up-to-date: /home/nls/SHK_Arbeit/volksbot/install/gamepad_driver/share/gamepad_driver/local_setup.dsv
-- Installing: /home/nls/SHK_Arbeit/volksbot/install/gamepad_driver/share/gamepad_driver/package.dsv
-- Up-to-date: /home/nls/SHK_Arbeit/volksbot/install/gamepad_driver/share/ament_index/resource_index/packages/gamepad_driver
-- Up-to-date: /home/nls/SHK_Arbeit/volksbot/install/gamepad_driver/share/gamepad_driver/cmake/gamepad_driverConfig.cmake
-- Up-to-date: /home/nls/SHK_Arbeit/volksbot/install/gamepad_driver/share/gamepad_driver/cmake/gamepad_driverConfig-version.cmake
-- Up-to-date: /home/nls/SHK_Arbeit/volksbot/install/gamepad_driver/share/gamepad_driver/package.xml
