[0.139s] Invoking command in '/home/nls/SHK_Arbeit/volksbot/build/volksbot': /usr/local/bin/cmake /home/nls/SHK_Arbeit/volksbot/src/volksbot -DROS_VERSION=2 -DLDMRS=0 -DSCANSEGMENT_XD=0 -DCATKIN_INSTALL_INTO_PREFIX_ROOT=0 -DCMAKE_INSTALL_PREFIX=/home/nls/SHK_Arbeit/volksbot/install/volksbot
[0.157s] [0mCMake Deprecation Warning at CMakeLists.txt:1 (cmake_minimum_required):
[0.158s]   Compatibility with CMake < 3.5 will be removed from a future version of
[0.158s]   CMake.
[0.158s] 
[0.158s]   Update the VERSION argument <min> value or use a ...<max> suffix to tell
[0.158s]   CMake that the project does not need compatibility with older versions.
[0.159s] 
[0.159s] [0m
[0.452s] -- The C compiler identification is GNU 9.4.0
[0.695s] -- The CXX compiler identification is GNU 9.4.0
[0.759s] -- Detecting C compiler ABI info
[1.092s] -- Detecting C compiler ABI info - done
[1.168s] -- Check for working C compiler: /usr/bin/cc - skipped
[1.169s] -- Detecting C compile features
[1.171s] -- Detecting C compile features - done
[1.185s] -- Detecting CXX compiler ABI info
[1.539s] -- Detecting CXX compiler ABI info - done
[1.598s] -- Check for working CXX compiler: /usr/bin/c++ - skipped
[1.599s] -- Detecting CXX compile features
[1.600s] -- Detecting CXX compile features - done
[1.721s] [31mCMake Error at CMakeLists.txt:4 (find_package):
[1.721s]   By not providing "Findcatkin.cmake" in CMAKE_MODULE_PATH this project has
[1.721s]   asked CMake to find a package configuration file provided by "catkin", but
[1.721s]   CMake did not find one.
[1.721s] 
[1.722s]   Could not find a package configuration file provided by "catkin" with any
[1.722s]   of the following names:
[1.722s] 
[1.722s]     catkinConfig.cmake
[1.722s]     catkin-config.cmake
[1.722s] 
[1.723s]   Add the installation prefix of "catkin" to CMAKE_PREFIX_PATH or set
[1.723s]   "catkin_DIR" to a directory containing one of the above files.  If "catkin"
[1.723s]   provides a separate development package or SDK, be sure it has been
[1.723s]   installed.
[1.723s] 
[1.723s] [0m
[1.724s] -- Configuring incomplete, errors occurred!
[1.729s] Invoked command in '/home/nls/SHK_Arbeit/volksbot/build/volksbot' returned '1': /usr/local/bin/cmake /home/nls/SHK_Arbeit/volksbot/src/volksbot -DROS_VERSION=2 -DLDMRS=0 -DSCANSEGMENT_XD=0 -DCATKIN_INSTALL_INTO_PREFIX_ROOT=0 -DCMAKE_INSTALL_PREFIX=/home/nls/SHK_Arbeit/volksbot/install/volksbot
