[ 50%] Built target sick_ldmrs
[100%] Built target LDMRS_Example
-- Install configuration: ""
-- Installing: /home/nls/SHK_Arbeit/volksbot/install/libsick_ldmrs/lib/cmake/SickLDMRS/SickLDMRSConfig.cmake
-- Installing: /home/nls/SHK_Arbeit/volksbot/install/libsick_ldmrs/lib/cmake/SickLDMRS/SickLDMRSConfigVersion.cmake
-- Installing: /home/nls/SHK_Arbeit/volksbot/install/libsick_ldmrs/lib/cmake/SickLDMRS/SickLDMRSTargets.cmake
-- Installing: /home/nls/SHK_Arbeit/volksbot/install/libsick_ldmrs/lib/cmake/SickLDMRS/SickLDMRSTargets-noconfig.cmake
-- Installing: /home/nls/SHK_Arbeit/volksbot/install/libsick_ldmrs/share/sick_ldmrs/package.xml
-- Installing: /home/nls/SHK_Arbeit/volksbot/install/libsick_ldmrs/bin/LDMRS_Example
-- Installing: /home/nls/SHK_Arbeit/volksbot/install/libsick_ldmrs/lib/libsick_ldmrs.so.0.1.0
-- Installing: /home/nls/SHK_Arbeit/volksbot/install/libsick_ldmrs/lib/libsick_ldmrs.so.0
-- Installing: /home/nls/SHK_Arbeit/volksbot/install/libsick_ldmrs/lib/libsick_ldmrs.so
-- Installing: /home/nls/SHK_Arbeit/volksbot/install/libsick_ldmrs/include/sick_ldmrs/.
-- Installing: /home/nls/SHK_Arbeit/volksbot/install/libsick_ldmrs/include/sick_ldmrs/./application
-- Installing: /home/nls/SHK_Arbeit/volksbot/install/libsick_ldmrs/include/sick_ldmrs/./application/LdmrsApp.hpp
-- Installing: /home/nls/SHK_Arbeit/volksbot/install/libsick_ldmrs/include/sick_ldmrs/./application/LdmrsSectorChangeApp.hpp
-- Installing: /home/nls/SHK_Arbeit/volksbot/install/libsick_ldmrs/include/sick_ldmrs/./application/LdmrsFieldApp.hpp
-- Installing: /home/nls/SHK_Arbeit/volksbot/install/libsick_ldmrs/include/sick_ldmrs/./application/BasicApplication.hpp
-- Installing: /home/nls/SHK_Arbeit/volksbot/install/libsick_ldmrs/include/sick_ldmrs/./application/LdmrsNtpTimeApp.hpp
-- Installing: /home/nls/SHK_Arbeit/volksbot/install/libsick_ldmrs/include/sick_ldmrs/./application/LdmrsScanpointCoordinateApp.hpp
-- Installing: /home/nls/SHK_Arbeit/volksbot/install/libsick_ldmrs/include/sick_ldmrs/./sopas
-- Installing: /home/nls/SHK_Arbeit/volksbot/install/libsick_ldmrs/include/sick_ldmrs/./sopas/colaa.hpp
-- Installing: /home/nls/SHK_Arbeit/volksbot/install/libsick_ldmrs/include/sick_ldmrs/./sopas/colab.hpp
-- Installing: /home/nls/SHK_Arbeit/volksbot/install/libsick_ldmrs/include/sick_ldmrs/./sopas/LdmrsSopasLayer.hpp
-- Installing: /home/nls/SHK_Arbeit/volksbot/install/libsick_ldmrs/include/sick_ldmrs/./sopas/SopasBase.hpp
-- Installing: /home/nls/SHK_Arbeit/volksbot/install/libsick_ldmrs/include/sick_ldmrs/./tools
-- Installing: /home/nls/SHK_Arbeit/volksbot/install/libsick_ldmrs/include/sick_ldmrs/./tools/WatchdogTimer.hpp
-- Installing: /home/nls/SHK_Arbeit/volksbot/install/libsick_ldmrs/include/sick_ldmrs/./tools/SickThread.hpp
-- Installing: /home/nls/SHK_Arbeit/volksbot/install/libsick_ldmrs/include/sick_ldmrs/./tools/errorhandler.hpp
-- Installing: /home/nls/SHK_Arbeit/volksbot/install/libsick_ldmrs/include/sick_ldmrs/./tools/Timer.hpp
-- Installing: /home/nls/SHK_Arbeit/volksbot/install/libsick_ldmrs/include/sick_ldmrs/./tools/Time.hpp
-- Installing: /home/nls/SHK_Arbeit/volksbot/install/libsick_ldmrs/include/sick_ldmrs/./tools/Mutex.hpp
-- Installing: /home/nls/SHK_Arbeit/volksbot/install/libsick_ldmrs/include/sick_ldmrs/./tools/BasicDataBuffer.hpp
-- Installing: /home/nls/SHK_Arbeit/volksbot/install/libsick_ldmrs/include/sick_ldmrs/./tools/toolbox.hpp
-- Installing: /home/nls/SHK_Arbeit/volksbot/install/libsick_ldmrs/include/sick_ldmrs/./tools/MathToolbox.hpp
-- Installing: /home/nls/SHK_Arbeit/volksbot/install/libsick_ldmrs/include/sick_ldmrs/./datatypes
-- Installing: /home/nls/SHK_Arbeit/volksbot/install/libsick_ldmrs/include/sick_ldmrs/./datatypes/Object.hpp
-- Installing: /home/nls/SHK_Arbeit/volksbot/install/libsick_ldmrs/include/sick_ldmrs/./datatypes/PositionWGS84.hpp
-- Installing: /home/nls/SHK_Arbeit/volksbot/install/libsick_ldmrs/include/sick_ldmrs/./datatypes/Polygon2D.hpp
-- Installing: /home/nls/SHK_Arbeit/volksbot/install/libsick_ldmrs/include/sick_ldmrs/./datatypes/FieldParameter.hpp
-- Installing: /home/nls/SHK_Arbeit/volksbot/install/libsick_ldmrs/include/sick_ldmrs/./datatypes/EvalCases.hpp
-- Installing: /home/nls/SHK_Arbeit/volksbot/install/libsick_ldmrs/include/sick_ldmrs/./datatypes/Fields.hpp
-- Installing: /home/nls/SHK_Arbeit/volksbot/install/libsick_ldmrs/include/sick_ldmrs/./datatypes/Trigger.hpp
-- Installing: /home/nls/SHK_Arbeit/volksbot/install/libsick_ldmrs/include/sick_ldmrs/./datatypes/EvalCaseResult.hpp
-- Installing: /home/nls/SHK_Arbeit/volksbot/install/libsick_ldmrs/include/sick_ldmrs/./datatypes/EvalCase.hpp
-- Installing: /home/nls/SHK_Arbeit/volksbot/install/libsick_ldmrs/include/sick_ldmrs/./datatypes/EvalCaseResults.hpp
-- Installing: /home/nls/SHK_Arbeit/volksbot/install/libsick_ldmrs/include/sick_ldmrs/./datatypes/Point2D.hpp
-- Installing: /home/nls/SHK_Arbeit/volksbot/install/libsick_ldmrs/include/sick_ldmrs/./datatypes/Scan.hpp
-- Installing: /home/nls/SHK_Arbeit/volksbot/install/libsick_ldmrs/include/sick_ldmrs/./datatypes/Polygon3D.hpp
-- Installing: /home/nls/SHK_Arbeit/volksbot/install/libsick_ldmrs/include/sick_ldmrs/./datatypes/Ellipse2D.hpp
-- Installing: /home/nls/SHK_Arbeit/volksbot/install/libsick_ldmrs/include/sick_ldmrs/./datatypes/Point3D.hpp
-- Installing: /home/nls/SHK_Arbeit/volksbot/install/libsick_ldmrs/include/sick_ldmrs/./datatypes/Circle2D.hpp
-- Installing: /home/nls/SHK_Arbeit/volksbot/install/libsick_ldmrs/include/sick_ldmrs/./datatypes/Box2D.hpp
-- Installing: /home/nls/SHK_Arbeit/volksbot/install/libsick_ldmrs/include/sick_ldmrs/./datatypes/ScannerInfo.hpp
-- Installing: /home/nls/SHK_Arbeit/volksbot/install/libsick_ldmrs/include/sick_ldmrs/./datatypes/Measurement.hpp
-- Installing: /home/nls/SHK_Arbeit/volksbot/install/libsick_ldmrs/include/sick_ldmrs/./datatypes/Msg.hpp
-- Installing: /home/nls/SHK_Arbeit/volksbot/install/libsick_ldmrs/include/sick_ldmrs/./datatypes/ScanPoint.hpp
-- Installing: /home/nls/SHK_Arbeit/volksbot/install/libsick_ldmrs/include/sick_ldmrs/./datatypes/Line2D.hpp
-- Installing: /home/nls/SHK_Arbeit/volksbot/install/libsick_ldmrs/include/sick_ldmrs/./datatypes/Position3D.hpp
-- Installing: /home/nls/SHK_Arbeit/volksbot/install/libsick_ldmrs/include/sick_ldmrs/./datatypes/SensorStateInfo.hpp
-- Installing: /home/nls/SHK_Arbeit/volksbot/install/libsick_ldmrs/include/sick_ldmrs/./datatypes/FieldDescription.hpp
-- Installing: /home/nls/SHK_Arbeit/volksbot/install/libsick_ldmrs/include/sick_ldmrs/./devices
-- Installing: /home/nls/SHK_Arbeit/volksbot/install/libsick_ldmrs/include/sick_ldmrs/./devices/LuxBase.hpp
-- Installing: /home/nls/SHK_Arbeit/volksbot/install/libsick_ldmrs/include/sick_ldmrs/./devices/BasicDevice.hpp
-- Installing: /home/nls/SHK_Arbeit/volksbot/install/libsick_ldmrs/include/sick_ldmrs/./devices/LD_MRS.hpp
-- Installing: /home/nls/SHK_Arbeit/volksbot/install/libsick_ldmrs/include/sick_ldmrs/./BasicDatatypes.hpp
-- Installing: /home/nls/SHK_Arbeit/volksbot/install/libsick_ldmrs/include/sick_ldmrs/./manager.hpp
-- Installing: /home/nls/SHK_Arbeit/volksbot/install/libsick_ldmrs/include/sick_ldmrs/./interfaces
-- Installing: /home/nls/SHK_Arbeit/volksbot/install/libsick_ldmrs/include/sick_ldmrs/./interfaces/file.hpp
-- Installing: /home/nls/SHK_Arbeit/volksbot/install/libsick_ldmrs/include/sick_ldmrs/./interfaces/tcp.hpp
