-- The C compiler identification is GNU 9.4.0
-- The CXX compiler identification is GNU 9.4.0
-- Detecting C compiler ABI info
-- Detecting C compiler ABI info - done
-- Check for working C compiler: /usr/bin/cc - skipped
-- Detecting C compile features
-- Detecting C compile features - done
-- Detecting CXX compiler ABI info
-- Detecting CXX compiler ABI info - done
-- Check for working CXX compiler: /usr/bin/c++ - skipped
-- Detecting CXX compile features
-- Detecting CXX compile features - done
-- Option CMAKE_ENABLE_EMULATOR = , building sick_scan_xd without emulator support, ENABLE_EMULATOR=OFF
-- ROS_VERSION precheck: ENV{ROS_VERSION}=2 ENV{ROS_DISTRO}=humble ROS_VERSION=2 CMAKE_PREFIX_PATH=
-- ROS_VERSION=2
-- GITHASH: 8d3e28b992596259c37a5712abac18ceb0437c39
-- GITINFO: 2024-07-19 10:14:01 +0000	Manuel Aiple	Release 3.5.0
Found version "3.5.0" in file "package.xml" and version "3.5.0" in file "include/sick_scan/sick_scan_xd_version.h"
Found identical versions, leaving file "include/sick_scan/sick_scan_xd_version.h" unmodified
-- Found ament_cmake: 1.3.10 (/home/nls/ros2_humble/install/ament_cmake/share/ament_cmake/cmake)
-- Found Python3: /usr/bin/python3 (found version "3.8.10") found components: Interpreter
-- Found diagnostic_msgs: 4.2.4 (/home/nls/ros2_humble/install/diagnostic_msgs/share/diagnostic_msgs/cmake)
-- Found rosidl_generator_c: 3.1.5 (/home/nls/ros2_humble/install/rosidl_generator_c/share/rosidl_generator_c/cmake)
-- Found rosidl_adapter: 3.1.5 (/home/nls/ros2_humble/install/rosidl_adapter/share/rosidl_adapter/cmake)
-- Found rosidl_generator_cpp: 3.1.5 (/home/nls/ros2_humble/install/rosidl_generator_cpp/share/rosidl_generator_cpp/cmake)
-- Using all available rosidl_typesupport_c: rosidl_typesupport_introspection_c;rosidl_typesupport_fastrtps_c
-- Using all available rosidl_typesupport_cpp: rosidl_typesupport_introspection_cpp;rosidl_typesupport_fastrtps_cpp
-- Found geometry_msgs: 4.2.4 (/home/nls/ros2_humble/install/geometry_msgs/share/geometry_msgs/cmake)
-- Found nav_msgs: 4.2.4 (/home/nls/ros2_humble/install/nav_msgs/share/nav_msgs/cmake)
-- Found rclcpp: 16.0.10 (/home/nls/ros2_humble/install/rclcpp/share/rclcpp/cmake)
-- Found rmw_implementation_cmake: 6.1.2 (/home/nls/ros2_humble/install/rmw_implementation_cmake/share/rmw_implementation_cmake/cmake)
-- Found rmw_fastrtps_cpp: 6.2.7 (/home/nls/ros2_humble/install/rmw_fastrtps_cpp/share/rmw_fastrtps_cpp/cmake)
-- Found OpenSSL: /usr/lib/x86_64-linux-gnu/libcrypto.so (found version "1.1.1f")
-- Found FastRTPS: /opt/ros/humble/include
-- Using RMW implementation 'rmw_fastrtps_cpp' as default
-- Performing Test CMAKE_HAVE_LIBC_PTHREAD
-- Performing Test CMAKE_HAVE_LIBC_PTHREAD - Failed
-- Looking for pthread_create in pthreads
-- Looking for pthread_create in pthreads - not found
-- Looking for pthread_create in pthread
-- Looking for pthread_create in pthread - found
-- Found Threads: TRUE
-- Found rosidl_default_generators: 1.2.0 (/home/nls/ros2_humble/install/rosidl_default_generators/share/rosidl_default_generators/cmake)
-- Found sensor_msgs: 4.2.4 (/home/nls/ros2_humble/install/sensor_msgs/share/sensor_msgs/cmake)
-- Found tf2: 0.25.7 (/home/nls/ros2_humble/install/tf2/share/tf2/cmake)
-- Found tf2_ros: 0.25.7 (/home/nls/ros2_humble/install/tf2_ros/share/tf2_ros/cmake)
-- Found visualization_msgs: 4.2.4 (/home/nls/ros2_humble/install/visualization_msgs/share/visualization_msgs/cmake)
-- Found ament_cmake_ros: 0.10.0 (/home/nls/ros2_humble/install/ament_cmake_ros/share/ament_cmake_ros/cmake)
-- Using all available rosidl_typesupport_c: rosidl_typesupport_introspection_c;rosidl_typesupport_fastrtps_c
-- Using all available rosidl_typesupport_cpp: rosidl_typesupport_introspection_cpp;rosidl_typesupport_fastrtps_cpp
-- Found PythonInterp: /usr/bin/python3 (found suitable version "3.8.10", minimum required is "3.6")
-- Found python_cmake_module: 0.10.0 (/home/nls/ros2_humble/install/python_cmake_module/share/python_cmake_module/cmake)
-- Found PythonLibs: /usr/lib/x86_64-linux-gnu/libpython3.8.so (found suitable version "3.8.10", minimum required is "3.5")
-- Using PYTHON_EXECUTABLE: /usr/bin/python3
-- Using PYTHON_INCLUDE_DIRS: /usr/include/python3.8
-- Using PYTHON_LIBRARIES: /usr/lib/x86_64-linux-gnu/libpython3.8.so
-- Found PythonExtra: .so
-- Building sick_scan_xd without ldmrs support
-- Building sick_scan_xd without SCANSEGMENT_XD support
-- Configuring done (101.6s)
-- Generating done (0.4s)
-- Build files have been written to: /home/nls/SHK_Arbeit/volksbot/build/sick_scan_xd
