[0.186s] Invoking command in '/home/nls/SHK_Arbeit/volksbot/build/sick_scan_xd': CMAKE_PREFIX_PATH=${CMAKE_PREFIX_PATH}:/home/nls/ros2_humble/install/rqt_bag_plugins:/home/nls/ros2_humble/install/rqt_bag:/home/nls/ros2_humble/install/ros2bag:/home/nls/ros2_humble/install/tracetools_test:/home/nls/ros2_humble/install/tracetools_launch:/home/nls/ros2_humble/install/topic_monitor:/home/nls/ros2_humble/install/tf2_tools:/home/nls/ros2_humble/install/examples_tf2_py:/home/nls/ros2_humble/install/tf2_ros_py:/home/nls/ros2_humble/install/sros2:/home/nls/ros2_humble/install/rqt_topic:/home/nls/ros2_humble/install/rqt_srv:/home/nls/ros2_humble/install/rqt_shell:/home/nls/ros2_humble/install/rqt_service_caller:/home/nls/ros2_humble/install/rqt_reconfigure:/home/nls/ros2_humble/install/rqt_py_console:/home/nls/ros2_humble/install/rqt_publisher:/home/nls/ros2_humble/install/rqt_plot:/home/nls/ros2_humble/install/rqt_action:/home/nls/ros2_humble/install/rqt_msg:/home/nls/ros2_humble/install/rqt_console:/home/nls/ros2_humble/install/rqt:/home/nls/ros2_humble/install/rqt_graph:/home/nls/ros2_humble/install/rqt_gui_py:/home/nls/ros2_humble/install/rqt_gui:/home/nls/ros2_humble/install/ros2trace:/home/nls/ros2_humble/install/ros2topic:/home/nls/ros2_humble/install/ros2test:/home/nls/ros2_humble/install/ros2component:/home/nls/ros2_humble/install/ros2param:/home/nls/ros2_humble/install/ros2lifecycle:/home/nls/ros2_humble/install/ros2service:/home/nls/ros2_humble/install/ros2run:/home/nls/ros2_humble/install/ros2launch:/home/nls/ros2_humble/install/ros2pkg:/home/nls/ros2_humble/install/ros2node:/home/nls/ros2_humble/install/ros2multicast:/home/nls/ros2_humble/install/ros2interface:/home/nls/ros2_humble/install/ros2doctor:/home/nls/ros2_humble/install/ros2action:/home/nls/ros2_humble/install/ros2cli:/home/nls/ros2_humble/install/quality_of_service_demo_py:/home/nls/ros2_humble/install/lifecycle_py:/home/nls/ros2_humble/install/launch_testing_ros:/home/nls/ros2_humble/install/launch_ros:/home/nls/ros2_humble/install/examples_rclpy_pointcloud_publisher:/home/nls/ros2_humble/install/examples_rclpy_minimal_subscriber:/home/nls/ros2_humble/install/examples_rclpy_minimal_service:/home/nls/ros2_humble/install/examples_rclpy_minimal_publisher:/home/nls/ros2_humble/install/examples_rclpy_minimal_client:/home/nls/ros2_humble/install/examples_rclpy_minimal_action_server:/home/nls/ros2_humble/install/examples_rclpy_minimal_action_client:/home/nls/ros2_humble/install/examples_rclpy_guard_conditions:/home/nls/ros2_humble/install/examples_rclpy_executors:/home/nls/ros2_humble/install/demo_nodes_py:/home/nls/ros2_humble/install/action_tutorials_py:/home/nls/ros2_humble/install/ament_uncrustify:/home/nls/ros2_humble/install/tracetools_trace:/home/nls/ros2_humble/install/tracetools_read:/home/nls/ros2_humble/install/test_tracetools_launch:/home/nls/ros2_humble/install/test_launch_ros:/home/nls/ros2_humble/install/sensor_msgs_py:/home/nls/ros2_humble/install/rpyutils:/home/nls/ros2_humble/install/rosidl_runtime_py:/home/nls/ros2_humble/install/rosidl_cli:/home/nls/ros2_humble/install/launch_pytest:/home/nls/ros2_humble/install/launch_testing:/home/nls/ros2_humble/install/launch_yaml:/home/nls/ros2_humble/install/launch_xml:/home/nls/ros2_humble/install/launch:/home/nls/ros2_humble/install/osrf_pycommon:/home/nls/ros2_humble/install/launch_testing_examples:/home/nls/ros2_humble/install/domain_coordinator:/home/nls/ros2_humble/install/ament_xmllint:/home/nls/ros2_humble/install/ament_pyflakes:/home/nls/ros2_humble/install/ament_pycodestyle:/home/nls/ros2_humble/install/ament_pep257:/home/nls/ros2_humble/install/ament_pclint:/home/nls/ros2_humble/install/ament_package:/home/nls/ros2_humble/install/ament_mypy:/home/nls/ros2_humble/install/ament_lint_cmake:/home/nls/ros2_humble/install/ament_flake8:/home/nls/ros2_humble/install/ament_copyright:/home/nls/ros2_humble/install/ament_lint:/home/nls/ros2_humble/install/ament_index_python:/home/nls/ros2_humble/install/ament_cpplint:/home/nls/ros2_humble/install/ament_cppcheck:/home/nls/ros2_humble/install/ament_clang_tidy:/home/nls/ros2_humble/install/ament_clang_format /usr/local/bin/cmake /home/nls/SHK_Arbeit/volksbot/src/sick_scan_xd/src/sick_scan_xd -DROS_VERSION=2 -DLDMRS=0 -DSCANSEGMENT_XD=0 -DCMAKE_INSTALL_PREFIX=/home/nls/SHK_Arbeit/volksbot/install/sick_scan_xd
[0.518s] -- The C compiler identification is GNU 9.4.0
[0.759s] -- The CXX compiler identification is GNU 9.4.0
[0.828s] -- Detecting C compiler ABI info
[1.159s] -- Detecting C compiler ABI info - done
[1.212s] -- Check for working C compiler: /usr/bin/cc - skipped
[1.213s] -- Detecting C compile features
[1.215s] -- Detecting C compile features - done
[1.226s] -- Detecting CXX compiler ABI info
[1.580s] -- Detecting CXX compiler ABI info - done
[1.642s] -- Check for working CXX compiler: /usr/bin/c++ - skipped
[1.643s] -- Detecting CXX compile features
[1.644s] -- Detecting CXX compile features - done
[1.646s] -- Option CMAKE_ENABLE_EMULATOR = , building sick_scan_xd without emulator support, ENABLE_EMULATOR=OFF
[1.646s] -- ROS_VERSION precheck: ENV{ROS_VERSION}=2 ENV{ROS_DISTRO}=humble ROS_VERSION=2 CMAKE_PREFIX_PATH=
[1.646s] -- ROS_VERSION=2
[1.702s] -- GITHASH: 8d3e28b992596259c37a5712abac18ceb0437c39
[1.702s] -- GITINFO: 2024-07-19 10:14:01 +0000	Manuel Aiple	Release 3.5.0
[3.835s] Found version "3.5.0" in file "package.xml" and version "3.5.0" in file "include/sick_scan/sick_scan_xd_version.h"
[3.835s] Found identical versions, leaving file "include/sick_scan/sick_scan_xd_version.h" unmodified
[4.106s] -- Found ament_cmake: 1.3.10 (/home/nls/ros2_humble/install/ament_cmake/share/ament_cmake/cmake)
[16.003s] -- Found Python3: /usr/bin/python3 (found version "3.8.10") found components: Interpreter
[18.567s] -- Found diagnostic_msgs: 4.2.4 (/home/nls/ros2_humble/install/diagnostic_msgs/share/diagnostic_msgs/cmake)
[19.200s] -- Found rosidl_generator_c: 3.1.5 (/home/nls/ros2_humble/install/rosidl_generator_c/share/rosidl_generator_c/cmake)
[19.311s] -- Found rosidl_adapter: 3.1.5 (/home/nls/ros2_humble/install/rosidl_adapter/share/rosidl_adapter/cmake)
[19.434s] -- Found rosidl_generator_cpp: 3.1.5 (/home/nls/ros2_humble/install/rosidl_generator_cpp/share/rosidl_generator_cpp/cmake)
[19.650s] -- Using all available rosidl_typesupport_c: rosidl_typesupport_introspection_c;rosidl_typesupport_fastrtps_c
[19.924s] -- Using all available rosidl_typesupport_cpp: rosidl_typesupport_introspection_cpp;rosidl_typesupport_fastrtps_cpp
[20.284s] -- Found geometry_msgs: 4.2.4 (/home/nls/ros2_humble/install/geometry_msgs/share/geometry_msgs/cmake)
[20.373s] -- Found nav_msgs: 4.2.4 (/home/nls/ros2_humble/install/nav_msgs/share/nav_msgs/cmake)
[20.479s] -- Found rclcpp: 16.0.10 (/home/nls/ros2_humble/install/rclcpp/share/rclcpp/cmake)
[21.070s] -- Found rmw_implementation_cmake: 6.1.2 (/home/nls/ros2_humble/install/rmw_implementation_cmake/share/rmw_implementation_cmake/cmake)
[21.180s] -- Found rmw_fastrtps_cpp: 6.2.7 (/home/nls/ros2_humble/install/rmw_fastrtps_cpp/share/rmw_fastrtps_cpp/cmake)
[22.234s] -- Found OpenSSL: /usr/lib/x86_64-linux-gnu/libcrypto.so (found version "1.1.1f")
[22.461s] -- Found FastRTPS: /opt/ros/humble/include
[22.887s] -- Using RMW implementation 'rmw_fastrtps_cpp' as default
[23.087s] -- Performing Test CMAKE_HAVE_LIBC_PTHREAD
[23.424s] -- Performing Test CMAKE_HAVE_LIBC_PTHREAD - Failed
[23.424s] -- Looking for pthread_create in pthreads
[23.723s] -- Looking for pthread_create in pthreads - not found
[23.724s] -- Looking for pthread_create in pthread
[24.047s] -- Looking for pthread_create in pthread - found
[24.050s] -- Found Threads: TRUE
[24.328s] -- Found rosidl_default_generators: 1.2.0 (/home/nls/ros2_humble/install/rosidl_default_generators/share/rosidl_default_generators/cmake)
[24.658s] -- Found sensor_msgs: 4.2.4 (/home/nls/ros2_humble/install/sensor_msgs/share/sensor_msgs/cmake)
[24.771s] -- Found tf2: 0.25.7 (/home/nls/ros2_humble/install/tf2/share/tf2/cmake)
[24.863s] -- Found tf2_ros: 0.25.7 (/home/nls/ros2_humble/install/tf2_ros/share/tf2_ros/cmake)
[25.442s] -- Found visualization_msgs: 4.2.4 (/home/nls/ros2_humble/install/visualization_msgs/share/visualization_msgs/cmake)
[43.250s] -- Found ament_cmake_ros: 0.10.0 (/home/nls/ros2_humble/install/ament_cmake_ros/share/ament_cmake_ros/cmake)
[79.835s] -- Using all available rosidl_typesupport_c: rosidl_typesupport_introspection_c;rosidl_typesupport_fastrtps_c
[94.487s] -- Using all available rosidl_typesupport_cpp: rosidl_typesupport_introspection_cpp;rosidl_typesupport_fastrtps_cpp
[94.497s] [33mCMake Warning (dev) at /home/nls/ros2_humble/install/rosidl_generator_py/share/rosidl_generator_py/cmake/rosidl_generator_py_generate_interfaces.cmake:20 (find_package):
[94.497s]   Policy CMP0148 is not set: The FindPythonInterp and FindPythonLibs modules
[94.497s]   are removed.  Run "cmake --help-policy CMP0148" for policy details.  Use
[94.497s]   the cmake_policy command to set the policy and suppress this warning.
[94.497s] 
[94.498s] Call Stack (most recent call first):
[94.498s]   /home/nls/ros2_humble/install/ament_cmake_core/share/ament_cmake_core/cmake/core/ament_execute_extensions.cmake:48 (include)
[94.498s]   /home/nls/ros2_humble/install/rosidl_cmake/share/rosidl_cmake/cmake/rosidl_generate_interfaces.cmake:286 (ament_execute_extensions)
[94.498s]   CMakeLists.txt:367 (rosidl_generate_interfaces)
[94.498s] This warning is for project developers.  Use -Wno-dev to suppress it.
[94.498s] [0m
[95.787s] -- Found PythonInterp: /usr/bin/python3 (found suitable version "3.8.10", minimum required is "3.6")
[95.844s] -- Found python_cmake_module: 0.10.0 (/home/nls/ros2_humble/install/python_cmake_module/share/python_cmake_module/cmake)
[95.847s] [33mCMake Warning (dev) at /home/nls/ros2_humble/install/python_cmake_module/share/python_cmake_module/cmake/Modules/FindPythonExtra.cmake:52 (find_package):
[95.847s]   Policy CMP0148 is not set: The FindPythonInterp and FindPythonLibs modules
[95.847s]   are removed.  Run "cmake --help-policy CMP0148" for policy details.  Use
[95.848s]   the cmake_policy command to set the policy and suppress this warning.
[95.848s] 
[95.848s] Call Stack (most recent call first):
[95.848s]   /home/nls/ros2_humble/install/rosidl_generator_py/share/rosidl_generator_py/cmake/rosidl_generator_py_generate_interfaces.cmake:23 (find_package)
[95.848s]   /home/nls/ros2_humble/install/ament_cmake_core/share/ament_cmake_core/cmake/core/ament_execute_extensions.cmake:48 (include)
[95.848s]   /home/nls/ros2_humble/install/rosidl_cmake/share/rosidl_cmake/cmake/rosidl_generate_interfaces.cmake:286 (ament_execute_extensions)
[95.848s]   CMakeLists.txt:367 (rosidl_generate_interfaces)
[95.849s] This warning is for project developers.  Use -Wno-dev to suppress it.
[95.849s] [0m
[97.023s] [33mCMake Warning (dev) at /home/nls/ros2_humble/install/python_cmake_module/share/python_cmake_module/cmake/Modules/FindPythonExtra.cmake:140 (find_package):
[97.023s]   Policy CMP0148 is not set: The FindPythonInterp and FindPythonLibs modules
[97.023s]   are removed.  Run "cmake --help-policy CMP0148" for policy details.  Use
[97.024s]   the cmake_policy command to set the policy and suppress this warning.
[97.024s] 
[97.024s] Call Stack (most recent call first):
[97.024s]   /home/nls/ros2_humble/install/rosidl_generator_py/share/rosidl_generator_py/cmake/rosidl_generator_py_generate_interfaces.cmake:23 (find_package)
[97.024s]   /home/nls/ros2_humble/install/ament_cmake_core/share/ament_cmake_core/cmake/core/ament_execute_extensions.cmake:48 (include)
[97.024s]   /home/nls/ros2_humble/install/rosidl_cmake/share/rosidl_cmake/cmake/rosidl_generate_interfaces.cmake:286 (ament_execute_extensions)
[97.025s]   CMakeLists.txt:367 (rosidl_generate_interfaces)
[97.025s] This warning is for project developers.  Use -Wno-dev to suppress it.
[97.025s] [0m
[97.122s] -- Found PythonLibs: /usr/lib/x86_64-linux-gnu/libpython3.8.so (found suitable version "3.8.10", minimum required is "3.5")
[97.122s] -- Using PYTHON_EXECUTABLE: /usr/bin/python3
[97.122s] -- Using PYTHON_INCLUDE_DIRS: /usr/include/python3.8
[97.123s] -- Using PYTHON_LIBRARIES: /usr/lib/x86_64-linux-gnu/libpython3.8.so
[98.287s] -- Found PythonExtra: .so
[101.106s] -- Building sick_scan_xd without ldmrs support
[101.106s] -- Building sick_scan_xd without SCANSEGMENT_XD support
[101.847s] -- Configuring done (101.6s)
[102.363s] -- Generating done (0.4s)
[102.378s] -- Build files have been written to: /home/nls/SHK_Arbeit/volksbot/build/sick_scan_xd
