[ 25%] [32mBuilding CXX object CMakeFiles/gamepad.dir/src/logitechf710.cpp.o[0m
[ 50%] [32m[1mLinking CXX executable gamepad[0m
[100%] Built target gamepad
-- Install configuration: ""
-- Installing: /home/nls/SHK_Arbeit/volksbot/install/gamepad_driver/lib/gamepad_driver/gamepad
-- Installing: /home/nls/SHK_Arbeit/volksbot/install/gamepad_driver/share/ament_index/resource_index/package_run_dependencies/gamepad_driver
-- Installing: /home/nls/SHK_Arbeit/volksbot/install/gamepad_driver/share/ament_index/resource_index/parent_prefix_path/gamepad_driver
-- Installing: /home/nls/SHK_Arbeit/volksbot/install/gamepad_driver/share/gamepad_driver/environment/ament_prefix_path.sh
-- Installing: /home/nls/SHK_Arbeit/volksbot/install/gamepad_driver/share/gamepad_driver/environment/ament_prefix_path.dsv
-- Installing: /home/nls/SHK_Arbeit/volksbot/install/gamepad_driver/share/gamepad_driver/environment/path.sh
-- Installing: /home/nls/SHK_Arbeit/volksbot/install/gamepad_driver/share/gamepad_driver/environment/path.dsv
-- Installing: /home/nls/SHK_Arbeit/volksbot/install/gamepad_driver/share/gamepad_driver/local_setup.bash
-- Installing: /home/nls/SHK_Arbeit/volksbot/install/gamepad_driver/share/gamepad_driver/local_setup.sh
-- Installing: /home/nls/SHK_Arbeit/volksbot/install/gamepad_driver/share/gamepad_driver/local_setup.zsh
-- Installing: /home/nls/SHK_Arbeit/volksbot/install/gamepad_driver/share/gamepad_driver/local_setup.dsv
-- Up-to-date: /home/nls/SHK_Arbeit/volksbot/install/gamepad_driver/share/gamepad_driver/package.dsv
-- Installing: /home/nls/SHK_Arbeit/volksbot/install/gamepad_driver/share/ament_index/resource_index/packages/gamepad_driver
-- Installing: /home/nls/SHK_Arbeit/volksbot/install/gamepad_driver/share/gamepad_driver/cmake/gamepad_driverConfig.cmake
-- Installing: /home/nls/SHK_Arbeit/volksbot/install/gamepad_driver/share/gamepad_driver/cmake/gamepad_driverConfig-version.cmake
-- Installing: /home/nls/SHK_Arbeit/volksbot/install/gamepad_driver/share/gamepad_driver/package.xml
