[0mCMake Deprecation Warning at CMakeLists.txt:1 (cmake_minimum_required):
  Compatibility with CMake < 2.8.12 will be removed from a future version of
  CMake.

  Update the VERSION argument <min> value or use a ...<max> suffix to tell
  CMake that the project does not need compatibility with older versions.

[0m
-- The C compiler identification is GNU 9.4.0
-- The CXX compiler identification is GNU 9.4.0
-- Detecting C compiler ABI info
-- Detecting C compiler ABI info - done
-- Check for working C compiler: /usr/bin/cc - skipped
-- Detecting C compile features
-- Detecting C compile features - done
-- Detecting CXX compiler ABI info
-- Detecting CXX compiler ABI info - done
-- Check for working CXX compiler: /usr/bin/c++ - skipped
-- Detecting CXX compile features
-- Detecting CXX compile features - done
-- Using CATKIN_DEVEL_PREFIX: /home/max/Documents/Hiwi/ROS2_volksbots/build/volksbot/devel
-- Using CMAKE_PREFIX_PATH: /opt/ros/noetic
-- This workspace overlays: /opt/ros/noetic
-- Found PythonInterp: /usr/bin/python3 (found suitable version "3.8.10", minimum required is "3") 
-- Using PYTHON_EXECUTABLE: /usr/bin/python3
-- Using Debian Python package layout
-- Found PY_em: /usr/lib/python3/dist-packages/em.py  
-- Using empy: /usr/lib/python3/dist-packages/em.py
-- Using CATKIN_ENABLE_TESTING: ON
-- Call enable_testing()
-- Using CATKIN_TEST_RESULTS_DIR: /home/max/Documents/Hiwi/ROS2_volksbots/build/volksbot/test_results
-- Forcing gtest/gmock from source, though one was otherwise available.
-- Found gtest sources under '/usr/src/googletest': gtests will be built
-- Found gmock sources under '/usr/src/googletest': gmock will be built
[0mCMake Deprecation Warning at /usr/src/googletest/CMakeLists.txt:4 (cmake_minimum_required):
  Compatibility with CMake < 2.8.12 will be removed from a future version of
  CMake.

  Update the VERSION argument <min> value or use a ...<max> suffix to tell
  CMake that the project does not need compatibility with older versions.

[0m
[0mCMake Deprecation Warning at /usr/src/googletest/googlemock/CMakeLists.txt:45 (cmake_minimum_required):
  Compatibility with CMake < 2.8.12 will be removed from a future version of
  CMake.

  Update the VERSION argument <min> value or use a ...<max> suffix to tell
  CMake that the project does not need compatibility with older versions.

[0m
[0mCMake Deprecation Warning at /usr/src/googletest/googletest/CMakeLists.txt:56 (cmake_minimum_required):
  Compatibility with CMake < 2.8.12 will be removed from a future version of
  CMake.

  Update the VERSION argument <min> value or use a ...<max> suffix to tell
  CMake that the project does not need compatibility with older versions.

[0m
-- Found PythonInterp: /usr/bin/python3 (found version "3.8.10") 
-- Found Threads: TRUE  
-- Using Python nosetests: /usr/bin/nosetests3
-- catkin 0.8.10
-- BUILD_SHARED_LIBS is on
-- Using these message generators: gencpp;geneus;genlisp;gennodejs;genpy
-- volksbot: 3 messages, 1 services
[0mDetected architecture: x86_64[0m
[0mUsing EposCmd library: /home/max/Documents/Hiwi/ROS2_volksbots/volksbot/libEposCmd/x86_64/libEposCmd.so[0m
[0mlib[0m
-- STATUS: include/volksbot
-- STATUS: include
-- STATUS: include/volksbot
-- STATUS: /home/max/Documents/Hiwi/ROS2_volksbots/build/volksbot/devel/include/
-- Configuring done
-- Generating done
-- Build files have been written to: /home/max/Documents/Hiwi/ROS2_volksbots/build/volksbot
[  0%] Built target std_msgs_generate_messages_py
[  0%] Built target std_msgs_generate_messages_eus
[  0%] Built target std_msgs_generate_messages_cpp
[  0%] Built target std_msgs_generate_messages_lisp
[  0%] Built target std_msgs_generate_messages_nodejs
[  0%] Built target _volksbot_generate_messages_check_deps_pose2d
[  0%] Built target _volksbot_generate_messages_check_deps_velocities
[  0%] Built target _volksbot_generate_messages_check_deps_vels
[  0%] Built target _volksbot_generate_messages_check_deps_ticks
[ 10%] [34m[1mGenerating Javascript code from volksbot/pose2d.msg[0m
[ 10%] [34m[1mGenerating Python from MSG volksbot/pose2d[0m
[ 10%] [34m[1mGenerating Python from MSG volksbot/ticks[0m
[ 10%] [34m[1mGenerating EusLisp code from volksbot/pose2d.msg[0m
[ 10%] [34m[1mGenerating C++ code from volksbot/pose2d.msg[0m
[ 10%] [34m[1mGenerating EusLisp code from volksbot/vels.msg[0m
[ 11%] [34m[1mGenerating EusLisp code from volksbot/ticks.msg[0m
[ 13%] [34m[1mGenerating Lisp code from volksbot/pose2d.msg[0m
[ 16%] [34m[1mGenerating Javascript code from volksbot/ticks.msg[0m
[ 16%] [34m[1mGenerating Lisp code from volksbot/ticks.msg[0m
[ 18%] [34m[1mGenerating Lisp code from volksbot/vels.msg[0m
[ 20%] [34m[1mGenerating Javascript code from volksbot/vels.msg[0m
[ 22%] [34m[1mGenerating C++ code from volksbot/ticks.msg[0m
[ 23%] [34m[1mGenerating Lisp code from volksbot/velocities.srv[0m
[ 25%] [34m[1mGenerating EusLisp code from volksbot/velocities.srv[0m
[ 27%] [34m[1mGenerating C++ code from volksbot/vels.msg[0m
[ 28%] [34m[1mGenerating EusLisp manifest code for volksbot[0m
[ 28%] Built target volksbot_generate_messages_lisp
[ 30%] [34m[1mGenerating C++ code from volksbot/velocities.srv[0m
[ 32%] [34m[1mGenerating Javascript code from volksbot/velocities.srv[0m
[ 33%] [34m[1mGenerating Python from MSG volksbot/vels[0m
[ 35%] [34m[1mGenerating Python code from SRV volksbot/velocities[0m
[ 35%] Built target volksbot_generate_messages_nodejs
[ 38%] [34m[1mGenerating Python srv __init__.py for volksbot[0m
[ 38%] [34m[1mGenerating Python msg __init__.py for volksbot[0m
[ 38%] Built target volksbot_generate_messages_cpp
[ 40%] [32mBuilding CXX object CMakeFiles/odo.dir/src/odometry.cc.o[0m
[ 44%] [32mBuilding CXX object CMakeFiles/EPOS2.dir/src/epos2/epos2.cpp.o[0m
[ 44%] [32mBuilding CXX object CMakeFiles/VMCLIB.dir/src/Adapter/CComAdapter.cpp.o[0m
[ 45%] [32mBuilding CXX object CMakeFiles/kbcontrol.dir/src/kbcontrol.cc.o[0m
[ 47%] [32mBuilding CXX object CMakeFiles/odometry.dir/src/odometry.cc.o[0m
[ 49%] [32mBuilding CXX object CMakeFiles/odometry.dir/src/odometry_main.cc.o[0m
[ 50%] [32mBuilding CXX object CMakeFiles/VMCLIB.dir/src/LayerClasses/CVmc.cpp.o[0m
[ 50%] Built target volksbot_generate_messages_py
[ 52%] [32mBuilding CXX object CMakeFiles/VMCLIB.dir/src/SupportClasses/CData.cpp.o[0m
[ 52%] Built target volksbot_generate_messages_eus
[ 54%] [32mBuilding CXX object CMakeFiles/calibration.dir/src/calibration.cc.o[0m
[ 55%] [32mBuilding CXX object CMakeFiles/VMCLIB.dir/src/SupportClasses/CRequest.cpp.o[0m
[ 57%] [32mBuilding CXX object CMakeFiles/VMCLIB.dir/src/LayerClasses/CCommunicationLayer.cpp.o[0m
[ 59%] [32mBuilding CXX object CMakeFiles/VMCLIB.dir/src/StorageClasses/CMotor.cpp.o[0m
[ 61%] [32mBuilding CXX object CMakeFiles/VMCLIB.dir/src/SupportClasses/CError.cpp.o[0m
[01m[K/home/max/Documents/Hiwi/ROS2_volksbots/volksbot/src/epos2/epos2.cpp:[m[K In static member function ‘[01m[Kstatic void* EPOS2::threadFunction(void*)[m[K’:
[01m[K/home/max/Documents/Hiwi/ROS2_volksbots/volksbot/src/epos2/epos2.cpp:157:1:[m[K [01;35m[Kwarning: [m[Kno return statement in function returning non-void [[01;35m[K-Wreturn-type[m[K]
  157 | [01;35m[K}[m[K
      | [01;35m[K^[m[K
[ 62%] [32mBuilding CXX object CMakeFiles/VMCLIB.dir/src/SupportClasses/CSendTwo.cpp.o[0m
[ 64%] [32m[1mLinking CXX executable devel/lib/volksbot/kbcontrol[0m
[ 66%] [32mBuilding CXX object CMakeFiles/VMCLIB.dir/src/LayerClasses/CTranslationLayer.cpp.o[0m
[ 66%] Built target kbcontrol
[ 67%] [32mBuilding CXX object CMakeFiles/VMCLIB.dir/src/StorageClasses/CStorage.cpp.o[0m
[ 69%] [32mBuilding CXX object CMakeFiles/VMCLIB.dir/src/SupportClasses/CMessage.cpp.o[0m
[ 71%] [32mBuilding CXX object CMakeFiles/VMCLIB.dir/src/SupportClasses/CTimer.cpp.o[0m
[ 72%] [32m[1mLinking CXX shared library devel/lib/libEPOS2.so[0m
[ 74%] [32mBuilding CXX object CMakeFiles/VMCLIB.dir/src/LayerClasses/CvmcAPI.cpp.o[0m
[ 76%] [32mBuilding CXX object CMakeFiles/VMCLIB.dir/src/SupportClasses/CChannel.cpp.o[0m
[ 77%] [32mBuilding CXX object CMakeFiles/VMCLIB.dir/src/SupportClasses/CMultisend.cpp.o[0m
[ 79%] [32m[1mLinking CXX executable devel/lib/volksbot/calibration[0m
[ 81%] [32mBuilding CXX object CMakeFiles/VMCLIB.dir/src/SupportClasses/CTimestamp.cpp.o[0m
[ 81%] Built target EPOS2
[ 83%] [32mBuilding CXX object CMakeFiles/jscontrol.dir/src/joystick/jscontrol.cc.o[0m
[ 83%] Built target calibration
[ 83%] Built target volksbot_generate_messages
[ 84%] [32mBuilding CXX object CMakeFiles/jscontrol.dir/src/joystick/joystick.cc.o[0m
[ 86%] [32mBuilding CXX object CMakeFiles/jscontrol.dir/src/joystick/firejet.cc.o[0m
[ 88%] [32mBuilding CXX object CMakeFiles/jscontrol.dir/src/joystick/predator.cc.o[0m
[ 89%] [32mBuilding CXX object CMakeFiles/jscontrol.dir/src/joystick/logitechf710.cc.o[0m
[ 91%] [32m[1mLinking CXX shared library devel/lib/libVMCLIB.so[0m
[ 93%] [32m[1mLinking CXX executable devel/lib/volksbot/odometry[0m
[ 94%] [32m[1mLinking CXX shared library devel/lib/libodo.so[0m
[ 94%] Built target odo
[ 94%] Built target VMCLIB
[ 96%] [32mBuilding CXX object CMakeFiles/volksbot.dir/src/volksbot.cc.o[0m
[ 96%] Built target odometry
In file included from [01m[K/home/max/Documents/Hiwi/ROS2_volksbots/volksbot/src/joystick/jscontrol.cc:3[m[K:
[01m[K/home/max/Documents/Hiwi/ROS2_volksbots/volksbot/src/joystick/logitechf710.h:15:[m[K [01;35m[Kwarning: [m[K"START" redefined
   15 | #define START           0x06
      | 
In file included from [01m[K/home/max/Documents/Hiwi/ROS2_volksbots/volksbot/src/joystick/jscontrol.cc:2[m[K:
[01m[K/home/max/Documents/Hiwi/ROS2_volksbots/volksbot/src/joystick/predator.h:18:[m[K [01;36m[Knote: [m[Kthis is the location of the previous definition
   18 | #define START    0x09
      | 
[ 98%] [32m[1mLinking CXX executable devel/lib/volksbot/volksbot[0m
[ 98%] Built target volksbot
[100%] [32m[1mLinking CXX executable devel/lib/volksbot/jscontrol[0m
[100%] Built target jscontrol
Built target tests
-- Install configuration: ""
-- Installing: /home/max/Documents/Hiwi/ROS2_volksbots/install/volksbot/share/volksbot/msg/pose2d.msg
-- Installing: /home/max/Documents/Hiwi/ROS2_volksbots/install/volksbot/share/volksbot/msg/ticks.msg
-- Installing: /home/max/Documents/Hiwi/ROS2_volksbots/install/volksbot/share/volksbot/msg/vels.msg
-- Installing: /home/max/Documents/Hiwi/ROS2_volksbots/install/volksbot/share/volksbot/srv/velocities.srv
-- Installing: /home/max/Documents/Hiwi/ROS2_volksbots/install/volksbot/share/volksbot/cmake/volksbot-msg-paths.cmake
-- Installing: /home/max/Documents/Hiwi/ROS2_volksbots/install/volksbot/include/volksbot
-- Installing: /home/max/Documents/Hiwi/ROS2_volksbots/install/volksbot/include/volksbot/velocitiesRequest.h
-- Installing: /home/max/Documents/Hiwi/ROS2_volksbots/install/volksbot/include/volksbot/vels.h
-- Installing: /home/max/Documents/Hiwi/ROS2_volksbots/install/volksbot/include/volksbot/velocitiesResponse.h
-- Installing: /home/max/Documents/Hiwi/ROS2_volksbots/install/volksbot/include/volksbot/ticks.h
-- Installing: /home/max/Documents/Hiwi/ROS2_volksbots/install/volksbot/include/volksbot/pose2d.h
-- Installing: /home/max/Documents/Hiwi/ROS2_volksbots/install/volksbot/include/volksbot/velocities.h
-- Installing: /home/max/Documents/Hiwi/ROS2_volksbots/install/volksbot/share/roseus/ros/volksbot
-- Installing: /home/max/Documents/Hiwi/ROS2_volksbots/install/volksbot/share/roseus/ros/volksbot/manifest.l
-- Installing: /home/max/Documents/Hiwi/ROS2_volksbots/install/volksbot/share/roseus/ros/volksbot/srv
-- Installing: /home/max/Documents/Hiwi/ROS2_volksbots/install/volksbot/share/roseus/ros/volksbot/srv/velocities.l
-- Installing: /home/max/Documents/Hiwi/ROS2_volksbots/install/volksbot/share/roseus/ros/volksbot/msg
-- Installing: /home/max/Documents/Hiwi/ROS2_volksbots/install/volksbot/share/roseus/ros/volksbot/msg/ticks.l
-- Installing: /home/max/Documents/Hiwi/ROS2_volksbots/install/volksbot/share/roseus/ros/volksbot/msg/vels.l
-- Installing: /home/max/Documents/Hiwi/ROS2_volksbots/install/volksbot/share/roseus/ros/volksbot/msg/pose2d.l
-- Installing: /home/max/Documents/Hiwi/ROS2_volksbots/install/volksbot/share/common-lisp/ros/volksbot
-- Installing: /home/max/Documents/Hiwi/ROS2_volksbots/install/volksbot/share/common-lisp/ros/volksbot/srv
-- Installing: /home/max/Documents/Hiwi/ROS2_volksbots/install/volksbot/share/common-lisp/ros/volksbot/srv/_package.lisp
-- Installing: /home/max/Documents/Hiwi/ROS2_volksbots/install/volksbot/share/common-lisp/ros/volksbot/srv/volksbot-srv.asd
-- Installing: /home/max/Documents/Hiwi/ROS2_volksbots/install/volksbot/share/common-lisp/ros/volksbot/srv/_package_velocities.lisp
-- Installing: /home/max/Documents/Hiwi/ROS2_volksbots/install/volksbot/share/common-lisp/ros/volksbot/srv/velocities.lisp
-- Installing: /home/max/Documents/Hiwi/ROS2_volksbots/install/volksbot/share/common-lisp/ros/volksbot/msg
-- Installing: /home/max/Documents/Hiwi/ROS2_volksbots/install/volksbot/share/common-lisp/ros/volksbot/msg/_package.lisp
-- Installing: /home/max/Documents/Hiwi/ROS2_volksbots/install/volksbot/share/common-lisp/ros/volksbot/msg/_package_ticks.lisp
-- Installing: /home/max/Documents/Hiwi/ROS2_volksbots/install/volksbot/share/common-lisp/ros/volksbot/msg/volksbot-msg.asd
-- Installing: /home/max/Documents/Hiwi/ROS2_volksbots/install/volksbot/share/common-lisp/ros/volksbot/msg/vels.lisp
-- Installing: /home/max/Documents/Hiwi/ROS2_volksbots/install/volksbot/share/common-lisp/ros/volksbot/msg/_package_pose2d.lisp
-- Installing: /home/max/Documents/Hiwi/ROS2_volksbots/install/volksbot/share/common-lisp/ros/volksbot/msg/_package_vels.lisp
-- Installing: /home/max/Documents/Hiwi/ROS2_volksbots/install/volksbot/share/common-lisp/ros/volksbot/msg/ticks.lisp
-- Installing: /home/max/Documents/Hiwi/ROS2_volksbots/install/volksbot/share/common-lisp/ros/volksbot/msg/pose2d.lisp
-- Installing: /home/max/Documents/Hiwi/ROS2_volksbots/install/volksbot/share/gennodejs/ros/volksbot
-- Installing: /home/max/Documents/Hiwi/ROS2_volksbots/install/volksbot/share/gennodejs/ros/volksbot/srv
-- Installing: /home/max/Documents/Hiwi/ROS2_volksbots/install/volksbot/share/gennodejs/ros/volksbot/srv/velocities.js
-- Installing: /home/max/Documents/Hiwi/ROS2_volksbots/install/volksbot/share/gennodejs/ros/volksbot/srv/_index.js
-- Installing: /home/max/Documents/Hiwi/ROS2_volksbots/install/volksbot/share/gennodejs/ros/volksbot/msg
-- Installing: /home/max/Documents/Hiwi/ROS2_volksbots/install/volksbot/share/gennodejs/ros/volksbot/msg/pose2d.js
-- Installing: /home/max/Documents/Hiwi/ROS2_volksbots/install/volksbot/share/gennodejs/ros/volksbot/msg/vels.js
-- Installing: /home/max/Documents/Hiwi/ROS2_volksbots/install/volksbot/share/gennodejs/ros/volksbot/msg/_index.js
-- Installing: /home/max/Documents/Hiwi/ROS2_volksbots/install/volksbot/share/gennodejs/ros/volksbot/msg/ticks.js
-- Installing: /home/max/Documents/Hiwi/ROS2_volksbots/install/volksbot/share/gennodejs/ros/volksbot/_index.js
Listing '/home/max/Documents/Hiwi/ROS2_volksbots/build/volksbot/devel/lib/python3/dist-packages/volksbot'...
Compiling '/home/max/Documents/Hiwi/ROS2_volksbots/build/volksbot/devel/lib/python3/dist-packages/volksbot/__init__.py'...
Listing '/home/max/Documents/Hiwi/ROS2_volksbots/build/volksbot/devel/lib/python3/dist-packages/volksbot/msg'...
Compiling '/home/max/Documents/Hiwi/ROS2_volksbots/build/volksbot/devel/lib/python3/dist-packages/volksbot/msg/__init__.py'...
Compiling '/home/max/Documents/Hiwi/ROS2_volksbots/build/volksbot/devel/lib/python3/dist-packages/volksbot/msg/_pose2d.py'...
Compiling '/home/max/Documents/Hiwi/ROS2_volksbots/build/volksbot/devel/lib/python3/dist-packages/volksbot/msg/_ticks.py'...
Compiling '/home/max/Documents/Hiwi/ROS2_volksbots/build/volksbot/devel/lib/python3/dist-packages/volksbot/msg/_vels.py'...
Listing '/home/max/Documents/Hiwi/ROS2_volksbots/build/volksbot/devel/lib/python3/dist-packages/volksbot/srv'...
Compiling '/home/max/Documents/Hiwi/ROS2_volksbots/build/volksbot/devel/lib/python3/dist-packages/volksbot/srv/__init__.py'...
Compiling '/home/max/Documents/Hiwi/ROS2_volksbots/build/volksbot/devel/lib/python3/dist-packages/volksbot/srv/_velocities.py'...
-- Installing: /home/max/Documents/Hiwi/ROS2_volksbots/install/volksbot/lib/python3/dist-packages/volksbot
-- Installing: /home/max/Documents/Hiwi/ROS2_volksbots/install/volksbot/lib/python3/dist-packages/volksbot/__init__.py
-- Installing: /home/max/Documents/Hiwi/ROS2_volksbots/install/volksbot/lib/python3/dist-packages/volksbot/srv
-- Installing: /home/max/Documents/Hiwi/ROS2_volksbots/install/volksbot/lib/python3/dist-packages/volksbot/srv/_velocities.py
-- Installing: /home/max/Documents/Hiwi/ROS2_volksbots/install/volksbot/lib/python3/dist-packages/volksbot/srv/__init__.py
-- Installing: /home/max/Documents/Hiwi/ROS2_volksbots/install/volksbot/lib/python3/dist-packages/volksbot/srv/__pycache__
-- Installing: /home/max/Documents/Hiwi/ROS2_volksbots/install/volksbot/lib/python3/dist-packages/volksbot/srv/__pycache__/_velocities.cpython-38.pyc
-- Installing: /home/max/Documents/Hiwi/ROS2_volksbots/install/volksbot/lib/python3/dist-packages/volksbot/srv/__pycache__/__init__.cpython-38.pyc
-- Installing: /home/max/Documents/Hiwi/ROS2_volksbots/install/volksbot/lib/python3/dist-packages/volksbot/msg
-- Installing: /home/max/Documents/Hiwi/ROS2_volksbots/install/volksbot/lib/python3/dist-packages/volksbot/msg/_ticks.py
-- Installing: /home/max/Documents/Hiwi/ROS2_volksbots/install/volksbot/lib/python3/dist-packages/volksbot/msg/_vels.py
-- Installing: /home/max/Documents/Hiwi/ROS2_volksbots/install/volksbot/lib/python3/dist-packages/volksbot/msg/__init__.py
-- Installing: /home/max/Documents/Hiwi/ROS2_volksbots/install/volksbot/lib/python3/dist-packages/volksbot/msg/_pose2d.py
-- Installing: /home/max/Documents/Hiwi/ROS2_volksbots/install/volksbot/lib/python3/dist-packages/volksbot/msg/__pycache__
-- Installing: /home/max/Documents/Hiwi/ROS2_volksbots/install/volksbot/lib/python3/dist-packages/volksbot/msg/__pycache__/_pose2d.cpython-38.pyc
-- Installing: /home/max/Documents/Hiwi/ROS2_volksbots/install/volksbot/lib/python3/dist-packages/volksbot/msg/__pycache__/_vels.cpython-38.pyc
-- Installing: /home/max/Documents/Hiwi/ROS2_volksbots/install/volksbot/lib/python3/dist-packages/volksbot/msg/__pycache__/_ticks.cpython-38.pyc
-- Installing: /home/max/Documents/Hiwi/ROS2_volksbots/install/volksbot/lib/python3/dist-packages/volksbot/msg/__pycache__/__init__.cpython-38.pyc
-- Installing: /home/max/Documents/Hiwi/ROS2_volksbots/install/volksbot/lib/python3/dist-packages/volksbot/__pycache__
-- Installing: /home/max/Documents/Hiwi/ROS2_volksbots/install/volksbot/lib/python3/dist-packages/volksbot/__pycache__/__init__.cpython-38.pyc
-- Installing: /home/max/Documents/Hiwi/ROS2_volksbots/install/volksbot/lib/pkgconfig/volksbot.pc
-- Installing: /home/max/Documents/Hiwi/ROS2_volksbots/install/volksbot/share/volksbot/cmake/volksbot-msg-extras.cmake
-- Installing: /home/max/Documents/Hiwi/ROS2_volksbots/install/volksbot/share/volksbot/cmake/volksbotConfig.cmake
-- Installing: /home/max/Documents/Hiwi/ROS2_volksbots/install/volksbot/share/volksbot/cmake/volksbotConfig-version.cmake
-- Installing: /home/max/Documents/Hiwi/ROS2_volksbots/install/volksbot/share/volksbot/package.xml
-- Installing: /home/max/Documents/Hiwi/ROS2_volksbots/install/volksbot/lib/libEposCmd.so
-- Installing: /home/max/Documents/Hiwi/ROS2_volksbots/install/volksbot/lib/libodo.so
-- Installing: /home/max/Documents/Hiwi/ROS2_volksbots/install/volksbot/lib/libVMCLIB.so
-- Installing: /home/max/Documents/Hiwi/ROS2_volksbots/install/volksbot/lib/volksbot/volksbot-targets.cmake
-- Installing: /home/max/Documents/Hiwi/ROS2_volksbots/install/volksbot/lib/volksbot/volksbot-targets-noconfig.cmake
