[0.367s] Invoking command in '/home/max/Documents/Hiwi/ROS2_volksbots/build/lms100': /usr/bin/cmake --build /home/max/Documents/Hiwi/ROS2_volksbots/build/lms100 -- -j8 -l8
[0.380s] -- Using CATKIN_DEVEL_PREFIX: /home/max/Documents/Hiwi/ROS2_volksbots/build/lms100/devel
[0.380s] -- Using CMAKE_PREFIX_PATH: /opt/ros/noetic
[0.380s] -- This workspace overlays: /opt/ros/noetic
[0.398s] -- Found PythonInterp: /usr/bin/python3 (found suitable version "3.8.10", minimum required is "3") 
[0.399s] -- Using PYTHON_EXECUTABLE: /usr/bin/python3
[0.399s] -- Using Debian Python package layout
[0.399s] -- Using empy: /usr/lib/python3/dist-packages/em.py
[0.499s] -- Using CATKIN_ENABLE_TESTING: ON
[0.499s] -- Call enable_testing()
[0.499s] -- Using CATKIN_TEST_RESULTS_DIR: /home/max/Documents/Hiwi/ROS2_volksbots/build/lms100/test_results
[0.538s] -- Forcing gtest/gmock from source, though one was otherwise available.
[0.538s] -- Found gtest sources under '/usr/src/googletest': gtests will be built
[0.538s] -- Found gmock sources under '/usr/src/googletest': gmock will be built
[0.558s] -- Found PythonInterp: /usr/bin/python3 (found version "3.8.10") 
[0.562s] -- Using Python nosetests: /usr/bin/nosetests3
[0.606s] -- catkin 0.8.10
[0.606s] -- BUILD_SHARED_LIBS is on
[0.736s] -- Using these message generators: gencpp;geneus;genlisp;gennodejs;genpy
[0.934s] -- Configuring done
[0.950s] -- Generating done
[0.952s] -- Build files have been written to: /home/max/Documents/Hiwi/ROS2_volksbots/build/lms100
[0.976s] [ 40%] Built target scanlistener
[0.980s] [100%] Built target sicksensor
[0.985s] Invoked command in '/home/max/Documents/Hiwi/ROS2_volksbots/build/lms100' returned '0': /usr/bin/cmake --build /home/max/Documents/Hiwi/ROS2_volksbots/build/lms100 -- -j8 -l8
[1.008s] Invoking command in '/home/max/Documents/Hiwi/ROS2_volksbots/build/lms100': /usr/bin/cmake --build /home/max/Documents/Hiwi/ROS2_volksbots/build/lms100 --target tests -- -j8 -l8
[1.030s] Built target tests
[1.034s] Invoked command in '/home/max/Documents/Hiwi/ROS2_volksbots/build/lms100' returned '0': /usr/bin/cmake --build /home/max/Documents/Hiwi/ROS2_volksbots/build/lms100 --target tests -- -j8 -l8
[1.061s] Invoking command in '/home/max/Documents/Hiwi/ROS2_volksbots/build/lms100': /usr/bin/cmake --install /home/max/Documents/Hiwi/ROS2_volksbots/build/lms100
[1.064s] -- Install configuration: ""
[1.064s] -- Installing: /home/max/Documents/Hiwi/ROS2_volksbots/install/lms100/lib/pkgconfig/lms100.pc
[1.064s] -- Up-to-date: /home/max/Documents/Hiwi/ROS2_volksbots/install/lms100/share/lms100/cmake/lms100Config.cmake
[1.064s] -- Up-to-date: /home/max/Documents/Hiwi/ROS2_volksbots/install/lms100/share/lms100/cmake/lms100Config-version.cmake
[1.064s] -- Up-to-date: /home/max/Documents/Hiwi/ROS2_volksbots/install/lms100/share/lms100/package.xml
[1.065s] Invoked command in '/home/max/Documents/Hiwi/ROS2_volksbots/build/lms100' returned '0': /usr/bin/cmake --install /home/max/Documents/Hiwi/ROS2_volksbots/build/lms100
