[0.317s] DEBUG:colcon:Command line arguments: ['/usr/bin/colcon', 'build', '--symlink-install']
[0.317s] DEBUG:colcon:Parsed command line arguments: Namespace(allow_overriding=[], ament_cmake_args=None, base_paths=['.'], build_base='build', catkin_cmake_args=None, catkin_skip_building_tests=False, cmake_args=None, cmake_clean_cache=False, cmake_clean_first=False, cmake_force_configure=False, cmake_target=None, cmake_target_skip_unavailable=False, continue_on_error=False, event_handlers=None, executor='parallel', ignore_user_meta=False, install_base='install', log_base=None, log_level=None, main=<bound method BuildVerb.main of <colcon_core.verb.build.BuildVerb object at 0x7f48da2cc7c0>>, merge_install=False, metas=['./colcon.meta'], mixin=None, mixin_files=None, mixin_verb=('build',), packages_above=None, packages_above_and_dependencies=None, packages_above_depth=None, packages_end=None, packages_ignore=None, packages_ignore_regex=None, packages_select=None, packages_select_build_failed=False, packages_select_by_dep=None, packages_select_regex=None, packages_select_test_failures=False, packages_skip=None, packages_skip_build_finished=False, packages_skip_by_dep=None, packages_skip_regex=None, packages_skip_test_passed=False, packages_skip_up_to=None, packages_start=None, packages_up_to=None, packages_up_to_regex=None, parallel_workers=12, paths=None, symlink_install=True, test_result_base=None, verb_extension=<colcon_core.verb.build.BuildVerb object at 0x7f48da2cc7c0>, verb_name='build', verb_parser=<colcon_mixin.mixin.mixin_argument.MixinArgumentDecorator object at 0x7f48da194a90>)
[0.537s] Level 1:colcon.colcon_core.package_discovery:discover_packages(colcon_meta) check parameters
[0.537s] Level 1:colcon.colcon_core.package_discovery:discover_packages(recursive) check parameters
[0.537s] Level 1:colcon.colcon_core.package_discovery:discover_packages(ignore) check parameters
[0.537s] Level 1:colcon.colcon_core.package_discovery:discover_packages(path) check parameters
[0.537s] Level 1:colcon.colcon_core.package_discovery:discover_packages(colcon_meta) discover
[0.537s] Level 1:colcon.colcon_core.package_discovery:discover_packages(recursive) discover
[0.537s] INFO:colcon.colcon_core.package_discovery:Crawling recursively for packages in '/home/nls/SHK_Arbeit/volksbot'
[0.537s] Level 1:colcon.colcon_core.package_identification:_identify(.) by extensions ['ignore', 'ignore_ament_install']
[0.538s] Level 1:colcon.colcon_core.package_identification:_identify(.) by extension 'ignore'
[0.538s] Level 1:colcon.colcon_core.package_identification:_identify(.) by extension 'ignore_ament_install'
[0.538s] Level 1:colcon.colcon_core.package_identification:_identify(.) by extensions ['colcon_pkg']
[0.538s] Level 1:colcon.colcon_core.package_identification:_identify(.) by extension 'colcon_pkg'
[0.538s] Level 1:colcon.colcon_core.package_identification:_identify(.) by extensions ['colcon_meta']
[0.538s] Level 1:colcon.colcon_core.package_identification:_identify(.) by extension 'colcon_meta'
[0.538s] Level 1:colcon.colcon_core.package_identification:_identify(.) by extensions ['ros']
[0.538s] Level 1:colcon.colcon_core.package_identification:_identify(.) by extension 'ros'
[0.551s] Level 1:colcon.colcon_core.package_identification:_identify(.) by extensions ['cmake', 'python']
[0.552s] Level 1:colcon.colcon_core.package_identification:_identify(.) by extension 'cmake'
[0.552s] Level 1:colcon.colcon_core.package_identification:_identify(.) by extension 'python'
[0.552s] Level 1:colcon.colcon_core.package_identification:_identify(.) by extensions ['python_setup_py']
[0.552s] Level 1:colcon.colcon_core.package_identification:_identify(.) by extension 'python_setup_py'
[0.552s] Level 1:colcon.colcon_core.package_identification:_identify(build) by extensions ['ignore', 'ignore_ament_install']
[0.552s] Level 1:colcon.colcon_core.package_identification:_identify(build) by extension 'ignore'
[0.552s] Level 1:colcon.colcon_core.package_identification:_identify(build) ignored
[0.552s] Level 1:colcon.colcon_core.package_identification:_identify(install) by extensions ['ignore', 'ignore_ament_install']
[0.552s] Level 1:colcon.colcon_core.package_identification:_identify(install) by extension 'ignore'
[0.552s] Level 1:colcon.colcon_core.package_identification:_identify(install) ignored
[0.552s] Level 1:colcon.colcon_core.package_identification:_identify(log) by extensions ['ignore', 'ignore_ament_install']
[0.552s] Level 1:colcon.colcon_core.package_identification:_identify(log) by extension 'ignore'
[0.552s] Level 1:colcon.colcon_core.package_identification:_identify(log) ignored
[0.552s] Level 1:colcon.colcon_core.package_identification:_identify(src) by extensions ['ignore', 'ignore_ament_install']
[0.552s] Level 1:colcon.colcon_core.package_identification:_identify(src) by extension 'ignore'
[0.552s] Level 1:colcon.colcon_core.package_identification:_identify(src) by extension 'ignore_ament_install'
[0.552s] Level 1:colcon.colcon_core.package_identification:_identify(src) by extensions ['colcon_pkg']
[0.552s] Level 1:colcon.colcon_core.package_identification:_identify(src) by extension 'colcon_pkg'
[0.552s] Level 1:colcon.colcon_core.package_identification:_identify(src) by extensions ['colcon_meta']
[0.553s] Level 1:colcon.colcon_core.package_identification:_identify(src) by extension 'colcon_meta'
[0.553s] Level 1:colcon.colcon_core.package_identification:_identify(src) by extensions ['ros']
[0.553s] Level 1:colcon.colcon_core.package_identification:_identify(src) by extension 'ros'
[0.553s] Level 1:colcon.colcon_core.package_identification:_identify(src) by extensions ['cmake', 'python']
[0.553s] Level 1:colcon.colcon_core.package_identification:_identify(src) by extension 'cmake'
[0.555s] WARNING:colcon.colcon_cmake.package_identification.cmake:Ignoring 'src/CMakeLists.txt' since it seems to be a toplevel CMake file generated by 'catkin_make'
[0.555s] Level 1:colcon.colcon_core.package_identification:_identify(src) by extension 'python'
[0.555s] Level 1:colcon.colcon_core.package_identification:_identify(src) by extensions ['python_setup_py']
[0.555s] Level 1:colcon.colcon_core.package_identification:_identify(src) by extension 'python_setup_py'
[0.555s] Level 1:colcon.colcon_core.package_identification:_identify(src/lms100) by extensions ['ignore', 'ignore_ament_install']
[0.555s] Level 1:colcon.colcon_core.package_identification:_identify(src/lms100) by extension 'ignore'
[0.555s] Level 1:colcon.colcon_core.package_identification:_identify(src/lms100) by extension 'ignore_ament_install'
[0.555s] Level 1:colcon.colcon_core.package_identification:_identify(src/lms100) by extensions ['colcon_pkg']
[0.555s] Level 1:colcon.colcon_core.package_identification:_identify(src/lms100) by extension 'colcon_pkg'
[0.556s] Level 1:colcon.colcon_core.package_identification:_identify(src/lms100) by extensions ['colcon_meta']
[0.556s] Level 1:colcon.colcon_core.package_identification:_identify(src/lms100) by extension 'colcon_meta'
[0.556s] Level 1:colcon.colcon_core.package_identification:_identify(src/lms100) by extensions ['ros']
[0.556s] Level 1:colcon.colcon_core.package_identification:_identify(src/lms100) by extension 'ros'
[0.558s] DEBUG:colcon.colcon_core.package_identification:Package 'src/lms100' with type 'ros.ament_cmake' and name 'lms100'
[0.558s] Level 1:colcon.colcon_core.package_identification:_identify(src/roscompile) by extensions ['ignore', 'ignore_ament_install']
[0.559s] Level 1:colcon.colcon_core.package_identification:_identify(src/roscompile) by extension 'ignore'
[0.559s] Level 1:colcon.colcon_core.package_identification:_identify(src/roscompile) by extension 'ignore_ament_install'
[0.559s] Level 1:colcon.colcon_core.package_identification:_identify(src/roscompile) by extensions ['colcon_pkg']
[0.559s] Level 1:colcon.colcon_core.package_identification:_identify(src/roscompile) by extension 'colcon_pkg'
[0.559s] Level 1:colcon.colcon_core.package_identification:_identify(src/roscompile) by extensions ['colcon_meta']
[0.559s] Level 1:colcon.colcon_core.package_identification:_identify(src/roscompile) by extension 'colcon_meta'
[0.559s] Level 1:colcon.colcon_core.package_identification:_identify(src/roscompile) by extensions ['ros']
[0.559s] Level 1:colcon.colcon_core.package_identification:_identify(src/roscompile) by extension 'ros'
[0.559s] Level 1:colcon.colcon_core.package_identification:_identify(src/roscompile) by extensions ['cmake', 'python']
[0.559s] Level 1:colcon.colcon_core.package_identification:_identify(src/roscompile) by extension 'cmake'
[0.559s] Level 1:colcon.colcon_core.package_identification:_identify(src/roscompile) by extension 'python'
[0.559s] Level 1:colcon.colcon_core.package_identification:_identify(src/roscompile) by extensions ['python_setup_py']
[0.559s] Level 1:colcon.colcon_core.package_identification:_identify(src/roscompile) by extension 'python_setup_py'
[0.559s] Level 1:colcon.colcon_core.package_identification:_identify(src/volksbot) by extensions ['ignore', 'ignore_ament_install']
[0.559s] Level 1:colcon.colcon_core.package_identification:_identify(src/volksbot) by extension 'ignore'
[0.559s] Level 1:colcon.colcon_core.package_identification:_identify(src/volksbot) by extension 'ignore_ament_install'
[0.559s] Level 1:colcon.colcon_core.package_identification:_identify(src/volksbot) by extensions ['colcon_pkg']
[0.559s] Level 1:colcon.colcon_core.package_identification:_identify(src/volksbot) by extension 'colcon_pkg'
[0.559s] Level 1:colcon.colcon_core.package_identification:_identify(src/volksbot) by extensions ['colcon_meta']
[0.559s] Level 1:colcon.colcon_core.package_identification:_identify(src/volksbot) by extension 'colcon_meta'
[0.559s] Level 1:colcon.colcon_core.package_identification:_identify(src/volksbot) by extensions ['ros']
[0.559s] Level 1:colcon.colcon_core.package_identification:_identify(src/volksbot) by extension 'ros'
[0.560s] DEBUG:colcon.colcon_core.package_identification:Package 'src/volksbot' with type 'ros.catkin' and name 'volksbot'
[0.560s] Level 1:colcon.colcon_core.package_discovery:discover_packages(recursive) using defaults
[0.560s] Level 1:colcon.colcon_core.package_discovery:discover_packages(ignore) discover
[0.560s] Level 1:colcon.colcon_core.package_discovery:discover_packages(ignore) using defaults
[0.560s] Level 1:colcon.colcon_core.package_discovery:discover_packages(path) discover
[0.560s] Level 1:colcon.colcon_core.package_discovery:discover_packages(path) using defaults
[0.596s] Level 1:colcon.colcon_core.package_discovery:discover_packages(prefix_path) check parameters
[0.596s] Level 1:colcon.colcon_core.package_discovery:discover_packages(prefix_path) discover
[0.609s] DEBUG:colcon.colcon_installed_package_information.package_discovery:Found 0 installed packages in /home/nls/SHK_Arbeit/volksbot/install
[0.618s] DEBUG:colcon.colcon_installed_package_information.package_discovery:Found 345 installed packages in /home/nls/ros2_humble/install
[0.632s] Level 1:colcon.colcon_core.package_discovery:discover_packages(prefix_path) using defaults
[0.658s] Level 5:colcon.colcon_core.verb:set package 'lms100' build argument 'cmake_args' from command line to 'None'
[0.658s] Level 5:colcon.colcon_core.verb:set package 'lms100' build argument 'cmake_target' from command line to 'None'
[0.658s] Level 5:colcon.colcon_core.verb:set package 'lms100' build argument 'cmake_target_skip_unavailable' from command line to 'False'
[0.658s] Level 5:colcon.colcon_core.verb:set package 'lms100' build argument 'cmake_clean_cache' from command line to 'False'
[0.658s] Level 5:colcon.colcon_core.verb:set package 'lms100' build argument 'cmake_clean_first' from command line to 'False'
[0.658s] Level 5:colcon.colcon_core.verb:set package 'lms100' build argument 'cmake_force_configure' from command line to 'False'
[0.658s] Level 5:colcon.colcon_core.verb:set package 'lms100' build argument 'ament_cmake_args' from command line to 'None'
[0.658s] Level 5:colcon.colcon_core.verb:set package 'lms100' build argument 'catkin_cmake_args' from command line to 'None'
[0.658s] Level 5:colcon.colcon_core.verb:set package 'lms100' build argument 'catkin_skip_building_tests' from command line to 'False'
[0.658s] DEBUG:colcon.colcon_core.verb:Building package 'lms100' with the following arguments: {'ament_cmake_args': None, 'build_base': '/home/nls/SHK_Arbeit/volksbot/build/lms100', 'catkin_cmake_args': None, 'catkin_skip_building_tests': False, 'cmake_args': None, 'cmake_clean_cache': False, 'cmake_clean_first': False, 'cmake_force_configure': False, 'cmake_target': None, 'cmake_target_skip_unavailable': False, 'install_base': '/home/nls/SHK_Arbeit/volksbot/install/lms100', 'merge_install': False, 'path': '/home/nls/SHK_Arbeit/volksbot/src/lms100', 'symlink_install': True, 'test_result_base': None}
[0.658s] Level 5:colcon.colcon_core.verb:set package 'volksbot' build argument 'cmake_args' from command line to 'None'
[0.658s] Level 5:colcon.colcon_core.verb:set package 'volksbot' build argument 'cmake_target' from command line to 'None'
[0.658s] Level 5:colcon.colcon_core.verb:set package 'volksbot' build argument 'cmake_target_skip_unavailable' from command line to 'False'
[0.658s] Level 5:colcon.colcon_core.verb:set package 'volksbot' build argument 'cmake_clean_cache' from command line to 'False'
[0.658s] Level 5:colcon.colcon_core.verb:set package 'volksbot' build argument 'cmake_clean_first' from command line to 'False'
[0.658s] Level 5:colcon.colcon_core.verb:set package 'volksbot' build argument 'cmake_force_configure' from command line to 'False'
[0.658s] Level 5:colcon.colcon_core.verb:set package 'volksbot' build argument 'ament_cmake_args' from command line to 'None'
[0.659s] Level 5:colcon.colcon_core.verb:set package 'volksbot' build argument 'catkin_cmake_args' from command line to 'None'
[0.659s] Level 5:colcon.colcon_core.verb:set package 'volksbot' build argument 'catkin_skip_building_tests' from command line to 'False'
[0.659s] DEBUG:colcon.colcon_core.verb:Building package 'volksbot' with the following arguments: {'ament_cmake_args': None, 'build_base': '/home/nls/SHK_Arbeit/volksbot/build/volksbot', 'catkin_cmake_args': None, 'catkin_skip_building_tests': False, 'cmake_args': None, 'cmake_clean_cache': False, 'cmake_clean_first': False, 'cmake_force_configure': False, 'cmake_target': None, 'cmake_target_skip_unavailable': False, 'install_base': '/home/nls/SHK_Arbeit/volksbot/install/volksbot', 'merge_install': False, 'path': '/home/nls/SHK_Arbeit/volksbot/src/volksbot', 'symlink_install': True, 'test_result_base': None}
[0.659s] INFO:colcon.colcon_core.executor:Executing jobs using 'parallel' executor
[0.659s] DEBUG:colcon.colcon_parallel_executor.executor.parallel:run_until_complete
[0.660s] INFO:colcon.colcon_ros.task.ament_cmake.build:Building ROS package in '/home/nls/SHK_Arbeit/volksbot/src/lms100' with build type 'ament_cmake'
[0.660s] INFO:colcon.colcon_cmake.task.cmake.build:Building CMake package in '/home/nls/SHK_Arbeit/volksbot/src/lms100'
[0.665s] INFO:colcon.colcon_core.plugin_system:Skipping extension 'colcon_core.shell.bat': Not used on non-Windows systems
[0.665s] INFO:colcon.colcon_core.shell:Skip shell extension 'powershell' for command environment: Not usable outside of PowerShell
[0.665s] DEBUG:colcon.colcon_core.shell:Skip shell extension 'dsv' for command environment
[0.701s] DEBUG:colcon.colcon_core.event_handler.log_command:Invoking command in '/home/nls/SHK_Arbeit/volksbot/build/lms100': CMAKE_PREFIX_PATH=${CMAKE_PREFIX_PATH}:/home/nls/ros2_humble/install/rqt_bag_plugins:/home/nls/ros2_humble/install/rqt_bag:/home/nls/ros2_humble/install/ros2bag:/home/nls/ros2_humble/install/tracetools_test:/home/nls/ros2_humble/install/tracetools_launch:/home/nls/ros2_humble/install/topic_monitor:/home/nls/ros2_humble/install/tf2_tools:/home/nls/ros2_humble/install/examples_tf2_py:/home/nls/ros2_humble/install/tf2_ros_py:/home/nls/ros2_humble/install/sros2:/home/nls/ros2_humble/install/rqt_topic:/home/nls/ros2_humble/install/rqt_srv:/home/nls/ros2_humble/install/rqt_shell:/home/nls/ros2_humble/install/rqt_service_caller:/home/nls/ros2_humble/install/rqt_reconfigure:/home/nls/ros2_humble/install/rqt_py_console:/home/nls/ros2_humble/install/rqt_publisher:/home/nls/ros2_humble/install/rqt_plot:/home/nls/ros2_humble/install/rqt_action:/home/nls/ros2_humble/install/rqt_msg:/home/nls/ros2_humble/install/rqt_console:/home/nls/ros2_humble/install/rqt:/home/nls/ros2_humble/install/rqt_graph:/home/nls/ros2_humble/install/rqt_gui_py:/home/nls/ros2_humble/install/rqt_gui:/home/nls/ros2_humble/install/ros2trace:/home/nls/ros2_humble/install/ros2topic:/home/nls/ros2_humble/install/ros2test:/home/nls/ros2_humble/install/ros2component:/home/nls/ros2_humble/install/ros2param:/home/nls/ros2_humble/install/ros2lifecycle:/home/nls/ros2_humble/install/ros2service:/home/nls/ros2_humble/install/ros2run:/home/nls/ros2_humble/install/ros2launch:/home/nls/ros2_humble/install/ros2pkg:/home/nls/ros2_humble/install/ros2node:/home/nls/ros2_humble/install/ros2multicast:/home/nls/ros2_humble/install/ros2interface:/home/nls/ros2_humble/install/ros2doctor:/home/nls/ros2_humble/install/ros2action:/home/nls/ros2_humble/install/ros2cli:/home/nls/ros2_humble/install/quality_of_service_demo_py:/home/nls/ros2_humble/install/lifecycle_py:/home/nls/ros2_humble/install/launch_testing_ros:/home/nls/ros2_humble/install/launch_ros:/home/nls/ros2_humble/install/examples_rclpy_pointcloud_publisher:/home/nls/ros2_humble/install/examples_rclpy_minimal_subscriber:/home/nls/ros2_humble/install/examples_rclpy_minimal_service:/home/nls/ros2_humble/install/examples_rclpy_minimal_publisher:/home/nls/ros2_humble/install/examples_rclpy_minimal_client:/home/nls/ros2_humble/install/examples_rclpy_minimal_action_server:/home/nls/ros2_humble/install/examples_rclpy_minimal_action_client:/home/nls/ros2_humble/install/examples_rclpy_guard_conditions:/home/nls/ros2_humble/install/examples_rclpy_executors:/home/nls/ros2_humble/install/demo_nodes_py:/home/nls/ros2_humble/install/action_tutorials_py:/home/nls/ros2_humble/install/ament_uncrustify:/home/nls/ros2_humble/install/tracetools_trace:/home/nls/ros2_humble/install/tracetools_read:/home/nls/ros2_humble/install/test_tracetools_launch:/home/nls/ros2_humble/install/test_launch_ros:/home/nls/ros2_humble/install/sensor_msgs_py:/home/nls/ros2_humble/install/rpyutils:/home/nls/ros2_humble/install/rosidl_runtime_py:/home/nls/ros2_humble/install/rosidl_cli:/home/nls/ros2_humble/install/launch_pytest:/home/nls/ros2_humble/install/launch_testing:/home/nls/ros2_humble/install/launch_yaml:/home/nls/ros2_humble/install/launch_xml:/home/nls/ros2_humble/install/launch:/home/nls/ros2_humble/install/osrf_pycommon:/home/nls/ros2_humble/install/launch_testing_examples:/home/nls/ros2_humble/install/domain_coordinator:/home/nls/ros2_humble/install/ament_xmllint:/home/nls/ros2_humble/install/ament_pyflakes:/home/nls/ros2_humble/install/ament_pycodestyle:/home/nls/ros2_humble/install/ament_pep257:/home/nls/ros2_humble/install/ament_pclint:/home/nls/ros2_humble/install/ament_package:/home/nls/ros2_humble/install/ament_mypy:/home/nls/ros2_humble/install/ament_lint_cmake:/home/nls/ros2_humble/install/ament_flake8:/home/nls/ros2_humble/install/ament_copyright:/home/nls/ros2_humble/install/ament_lint:/home/nls/ros2_humble/install/ament_index_python:/home/nls/ros2_humble/install/ament_cpplint:/home/nls/ros2_humble/install/ament_cppcheck:/home/nls/ros2_humble/install/ament_clang_tidy:/home/nls/ros2_humble/install/ament_clang_format /usr/local/bin/cmake /home/nls/SHK_Arbeit/volksbot/src/lms100 -DAMENT_CMAKE_SYMLINK_INSTALL=1 -DCMAKE_INSTALL_PREFIX=/home/nls/SHK_Arbeit/volksbot/install/lms100
[6.769s] DEBUG:colcon.colcon_core.event_handler.log_command:Invoked command in '/home/nls/SHK_Arbeit/volksbot/build/lms100' returned '1': CMAKE_PREFIX_PATH=${CMAKE_PREFIX_PATH}:/home/nls/ros2_humble/install/rqt_bag_plugins:/home/nls/ros2_humble/install/rqt_bag:/home/nls/ros2_humble/install/ros2bag:/home/nls/ros2_humble/install/tracetools_test:/home/nls/ros2_humble/install/tracetools_launch:/home/nls/ros2_humble/install/topic_monitor:/home/nls/ros2_humble/install/tf2_tools:/home/nls/ros2_humble/install/examples_tf2_py:/home/nls/ros2_humble/install/tf2_ros_py:/home/nls/ros2_humble/install/sros2:/home/nls/ros2_humble/install/rqt_topic:/home/nls/ros2_humble/install/rqt_srv:/home/nls/ros2_humble/install/rqt_shell:/home/nls/ros2_humble/install/rqt_service_caller:/home/nls/ros2_humble/install/rqt_reconfigure:/home/nls/ros2_humble/install/rqt_py_console:/home/nls/ros2_humble/install/rqt_publisher:/home/nls/ros2_humble/install/rqt_plot:/home/nls/ros2_humble/install/rqt_action:/home/nls/ros2_humble/install/rqt_msg:/home/nls/ros2_humble/install/rqt_console:/home/nls/ros2_humble/install/rqt:/home/nls/ros2_humble/install/rqt_graph:/home/nls/ros2_humble/install/rqt_gui_py:/home/nls/ros2_humble/install/rqt_gui:/home/nls/ros2_humble/install/ros2trace:/home/nls/ros2_humble/install/ros2topic:/home/nls/ros2_humble/install/ros2test:/home/nls/ros2_humble/install/ros2component:/home/nls/ros2_humble/install/ros2param:/home/nls/ros2_humble/install/ros2lifecycle:/home/nls/ros2_humble/install/ros2service:/home/nls/ros2_humble/install/ros2run:/home/nls/ros2_humble/install/ros2launch:/home/nls/ros2_humble/install/ros2pkg:/home/nls/ros2_humble/install/ros2node:/home/nls/ros2_humble/install/ros2multicast:/home/nls/ros2_humble/install/ros2interface:/home/nls/ros2_humble/install/ros2doctor:/home/nls/ros2_humble/install/ros2action:/home/nls/ros2_humble/install/ros2cli:/home/nls/ros2_humble/install/quality_of_service_demo_py:/home/nls/ros2_humble/install/lifecycle_py:/home/nls/ros2_humble/install/launch_testing_ros:/home/nls/ros2_humble/install/launch_ros:/home/nls/ros2_humble/install/examples_rclpy_pointcloud_publisher:/home/nls/ros2_humble/install/examples_rclpy_minimal_subscriber:/home/nls/ros2_humble/install/examples_rclpy_minimal_service:/home/nls/ros2_humble/install/examples_rclpy_minimal_publisher:/home/nls/ros2_humble/install/examples_rclpy_minimal_client:/home/nls/ros2_humble/install/examples_rclpy_minimal_action_server:/home/nls/ros2_humble/install/examples_rclpy_minimal_action_client:/home/nls/ros2_humble/install/examples_rclpy_guard_conditions:/home/nls/ros2_humble/install/examples_rclpy_executors:/home/nls/ros2_humble/install/demo_nodes_py:/home/nls/ros2_humble/install/action_tutorials_py:/home/nls/ros2_humble/install/ament_uncrustify:/home/nls/ros2_humble/install/tracetools_trace:/home/nls/ros2_humble/install/tracetools_read:/home/nls/ros2_humble/install/test_tracetools_launch:/home/nls/ros2_humble/install/test_launch_ros:/home/nls/ros2_humble/install/sensor_msgs_py:/home/nls/ros2_humble/install/rpyutils:/home/nls/ros2_humble/install/rosidl_runtime_py:/home/nls/ros2_humble/install/rosidl_cli:/home/nls/ros2_humble/install/launch_pytest:/home/nls/ros2_humble/install/launch_testing:/home/nls/ros2_humble/install/launch_yaml:/home/nls/ros2_humble/install/launch_xml:/home/nls/ros2_humble/install/launch:/home/nls/ros2_humble/install/osrf_pycommon:/home/nls/ros2_humble/install/launch_testing_examples:/home/nls/ros2_humble/install/domain_coordinator:/home/nls/ros2_humble/install/ament_xmllint:/home/nls/ros2_humble/install/ament_pyflakes:/home/nls/ros2_humble/install/ament_pycodestyle:/home/nls/ros2_humble/install/ament_pep257:/home/nls/ros2_humble/install/ament_pclint:/home/nls/ros2_humble/install/ament_package:/home/nls/ros2_humble/install/ament_mypy:/home/nls/ros2_humble/install/ament_lint_cmake:/home/nls/ros2_humble/install/ament_flake8:/home/nls/ros2_humble/install/ament_copyright:/home/nls/ros2_humble/install/ament_lint:/home/nls/ros2_humble/install/ament_index_python:/home/nls/ros2_humble/install/ament_cpplint:/home/nls/ros2_humble/install/ament_cppcheck:/home/nls/ros2_humble/install/ament_clang_tidy:/home/nls/ros2_humble/install/ament_clang_format /usr/local/bin/cmake /home/nls/SHK_Arbeit/volksbot/src/lms100 -DAMENT_CMAKE_SYMLINK_INSTALL=1 -DCMAKE_INSTALL_PREFIX=/home/nls/SHK_Arbeit/volksbot/install/lms100
[6.788s] Level 1:colcon.colcon_core.environment:create_environment_scripts_only(lms100)
[6.795s] Level 1:colcon.colcon_core.environment:checking '/home/nls/SHK_Arbeit/volksbot/install/lms100' for CMake module files
[6.795s] Level 1:colcon.colcon_core.environment:checking '/home/nls/SHK_Arbeit/volksbot/install/lms100' for CMake config files
[6.795s] Level 1:colcon.colcon_core.environment:checking '/home/nls/SHK_Arbeit/volksbot/install/lms100/bin'
[6.795s] Level 1:colcon.colcon_core.environment:checking '/home/nls/SHK_Arbeit/volksbot/install/lms100/lib/pkgconfig/lms100.pc'
[6.798s] Level 1:colcon.colcon_core.environment:checking '/home/nls/SHK_Arbeit/volksbot/install/lms100/lib/python3.8/site-packages'
[6.798s] Level 1:colcon.colcon_core.environment:checking '/home/nls/SHK_Arbeit/volksbot/install/lms100/bin'
[6.798s] INFO:colcon.colcon_core.shell:Creating package script '/home/nls/SHK_Arbeit/volksbot/install/lms100/share/lms100/package.ps1'
[6.799s] INFO:colcon.colcon_core.shell:Creating package descriptor '/home/nls/SHK_Arbeit/volksbot/install/lms100/share/lms100/package.dsv'
[6.799s] INFO:colcon.colcon_core.shell:Creating package script '/home/nls/SHK_Arbeit/volksbot/install/lms100/share/lms100/package.sh'
[6.801s] INFO:colcon.colcon_core.shell:Creating package script '/home/nls/SHK_Arbeit/volksbot/install/lms100/share/lms100/package.bash'
[6.801s] INFO:colcon.colcon_core.shell:Creating package script '/home/nls/SHK_Arbeit/volksbot/install/lms100/share/lms100/package.zsh'
[6.802s] Level 1:colcon.colcon_core.environment:create_file_with_runtime_dependencies(/home/nls/SHK_Arbeit/volksbot/install/lms100/share/colcon-core/packages/lms100)
[6.812s] DEBUG:colcon.colcon_parallel_executor.executor.parallel:closing loop
[6.813s] DEBUG:colcon.colcon_parallel_executor.executor.parallel:loop closed
[6.813s] DEBUG:colcon.colcon_parallel_executor.executor.parallel:run_until_complete finished with '1'
[6.813s] DEBUG:colcon.colcon_core.event_reactor:joining thread
[6.824s] INFO:colcon.colcon_core.plugin_system:Skipping extension 'colcon_notification.desktop_notification.terminal_notifier': Not used on non-Darwin systems
[6.824s] INFO:colcon.colcon_core.plugin_system:Skipping extension 'colcon_notification.desktop_notification.win32': Not used on non-Windows systems
[6.824s] INFO:colcon.colcon_notification.desktop_notification:Sending desktop notification using 'notify2'
[6.843s] DEBUG:colcon.colcon_core.event_reactor:joined thread
[6.844s] INFO:colcon.colcon_core.shell:Creating prefix script '/home/nls/SHK_Arbeit/volksbot/install/local_setup.ps1'
[6.845s] INFO:colcon.colcon_core.shell:Creating prefix util module '/home/nls/SHK_Arbeit/volksbot/install/_local_setup_util_ps1.py'
[6.846s] INFO:colcon.colcon_core.shell:Creating prefix chain script '/home/nls/SHK_Arbeit/volksbot/install/setup.ps1'
[6.858s] INFO:colcon.colcon_core.shell:Creating prefix script '/home/nls/SHK_Arbeit/volksbot/install/local_setup.sh'
[6.858s] INFO:colcon.colcon_core.shell:Creating prefix util module '/home/nls/SHK_Arbeit/volksbot/install/_local_setup_util_sh.py'
[6.859s] INFO:colcon.colcon_core.shell:Creating prefix chain script '/home/nls/SHK_Arbeit/volksbot/install/setup.sh'
[6.871s] INFO:colcon.colcon_core.shell:Creating prefix script '/home/nls/SHK_Arbeit/volksbot/install/local_setup.bash'
[6.871s] INFO:colcon.colcon_core.shell:Creating prefix chain script '/home/nls/SHK_Arbeit/volksbot/install/setup.bash'
[6.883s] INFO:colcon.colcon_core.shell:Creating prefix script '/home/nls/SHK_Arbeit/volksbot/install/local_setup.zsh'
[6.883s] INFO:colcon.colcon_core.shell:Creating prefix chain script '/home/nls/SHK_Arbeit/volksbot/install/setup.zsh'
